Log file open, 08/07/18 23:53:12
LogWindows: Failed to load 'aqProf.dll' (GetLastError=126)
LogWindows: File 'aqProf.dll' does not exist
LogWindows: Failed to load 'VtuneApi.dll' (GetLastError=126)
LogWindows: File 'VtuneApi.dll' does not exist
LogWindows: Failed to load 'VtuneApi32e.dll' (GetLastError=126)
LogWindows: File 'VtuneApi32e.dll' does not exist
LogInit: Display: Running engine for game: ArenaShooter
LogPlatformFile: Not using cached read wrapper
LogInit: Display: RandInit(444896806) SRandInit(444896806).
LogInit: Read version file with build ID '3944462'
LogInit: Overriding engine version to CL 4033788, compatible CL 3944462
LogInit: Registered custom module enumerator with build ID '3944462'
LogTaskGraph: Started task graph with 5 named threads and 14 total threads with 3 sets of task threads.
LogStats: Stats thread started at 0.175622
LogD3D11RHI: Aftermath initialized
LogICUInternationalization: Display: ICU TimeZone Detection - Raw Offset: +0:00, Platform Override: ''
LogModuleManager: Display: Found up-to-date module file ../../../Engine/Plugins/2D/Paper2D/Binaries/Win64/UE4Editor-Paper2D.dll (API version 3944462).
LogModuleManager: Display: Found up-to-date module file ../../../Engine/Plugins/2D/Paper2D/Binaries/Win64/UE4Editor-Paper2DEditor.dll (API version 3944462).
LogModuleManager: Display: Found up-to-date module file ../../../Engine/Plugins/2D/Paper2D/Binaries/Win64/UE4Editor-PaperSpriteSheetImporter.dll (API version 3944462).
LogModuleManager: Display: Found up-to-date module file ../../../Engine/Plugins/2D/Paper2D/Binaries/Win64/UE4Editor-PaperTiledImporter.dll (API version 3944462).
LogModuleManager: Display: Found up-to-date module file ../../../Engine/Plugins/2D/Paper2D/Binaries/Win64/UE4Editor-SmartSnapping.dll (API version 3944462).
LogModuleManager: Display: Found up-to-date module file ../../../Engine/Plugins/Blendables/LightPropagationVolume/Binaries/Win64/UE4Editor-LightPropagationVolumeRuntime.dll (API version 3944462).
LogModuleManager: Display: Found up-to-date module file ../../../Engine/Plugins/Blendables/LightPropagationVolume/Binaries/Win64/UE4Editor-LightPropagationVolumeEditor.dll (API version 3944462).
LogModuleManager: Display: Found up-to-date module file ../../../Engine/Plugins/Developer/CLionSourceCodeAccess/Binaries/Win64/UE4Editor-CLionSourceCodeAccess.dll (API version 3944462).
LogModuleManager: Display: Found up-to-date module file ../../../Engine/Plugins/Developer/GitSourceControl/Binaries/Win64/UE4Editor-GitSourceControl.dll (API version 3944462).
LogModuleManager: Display: Found up-to-date module file ../../../Engine/Plugins/Developer/PerforceSourceControl/Binaries/Win64/UE4Editor-PerforceSourceControl.dll (API version 3944462).
LogModuleManager: Display: Found up-to-date module file ../../../Engine/Plugins/Developer/SubversionSourceControl/Binaries/Win64/UE4Editor-SubversionSourceControl.dll (API version 3944462).
LogModuleManager: Display: Found up-to-date module file ../../../Engine/Plugins/Developer/UObjectPlugin/Binaries/Win64/UE4Editor-UObjectPlugin.dll (API version 3944462).
LogModuleManager: Display: Found up-to-date module file ../../../Engine/Plugins/Developer/VisualStudioCodeSourceCodeAccess/Binaries/Win64/UE4Editor-VisualStudioCodeSourceCodeAccess.dll (API version 3944462).
LogModuleManager: Display: Found up-to-date module file ../../../Engine/Plugins/Developer/VisualStudioSourceCodeAccess/Binaries/Win64/UE4Editor-VisualStudioSourceCodeAccess.dll (API version 3944462).
LogModuleManager: Display: Found up-to-date module file ../../../Engine/Plugins/Editor/AssetManagerEditor/Binaries/Win64/UE4Editor-AssetManagerEditor.dll (API version 3944462).
LogModuleManager: Display: Found up-to-date module file ../../../Engine/Plugins/Editor/CryptoKeys/Binaries/Win64/UE4Editor-CryptoKeys.dll (API version 3944462).
LogModuleManager: Display: Found up-to-date module file ../../../Engine/Plugins/Editor/CryptoKeys/Binaries/Win64/UE4Editor-CryptoKeysOpenSSL.dll (API version 3944462).
LogModuleManager: Display: Found up-to-date module file ../../../Engine/Plugins/Editor/DataValidation/Binaries/Win64/UE4Editor-DataValidation.dll (API version 3944462).
LogModuleManager: Display: Found up-to-date module file ../../../Engine/Plugins/Editor/FacialAnimation/Binaries/Win64/UE4Editor-FacialAnimation.dll (API version 3944462).
LogModuleManager: Display: Found up-to-date module file ../../../Engine/Plugins/Editor/FacialAnimation/Binaries/Win64/UE4Editor-FacialAnimationEditor.dll (API version 3944462).
LogModuleManager: Display: Found up-to-date module file ../../../Engine/Plugins/Editor/GameplayTagsEditor/Binaries/Win64/UE4Editor-GameplayTagsEditor.dll (API version 3944462).
LogModuleManager: Display: Found up-to-date module file ../../../Engine/Plugins/Editor/MobileLauncherProfileWizard/Binaries/Win64/UE4Editor-MobileLauncherProfileWizard.dll (API version 3944462).
LogModuleManager: Display: Found up-to-date module file ../../../Engine/Plugins/Editor/PluginBrowser/Binaries/Win64/UE4Editor-PluginBrowser.dll (API version 3944462).
LogModuleManager: Display: Found up-to-date module file ../../../Engine/Plugins/Editor/SpeedTreeImporter/Binaries/Win64/UE4Editor-SpeedTreeImporter.dll (API version 3944462).
LogModuleManager: Display: Found up-to-date module file ../../../Engine/Plugins/Enterprise/DatasmithContent/Binaries/Win64/UE4Editor-DatasmithContent.dll (API version 3944462).
LogModuleManager: Display: Found up-to-date module file ../../../Engine/Plugins/Experimental/AlembicImporter/Binaries/Win64/UE4Editor-AlembicImporter.dll (API version 3944462).
LogModuleManager: Display: Found up-to-date module file ../../../Engine/Plugins/Experimental/AlembicImporter/Binaries/Win64/UE4Editor-AlembicLibrary.dll (API version 3944462).
LogModuleManager: Display: Found up-to-date module file ../../../Engine/Plugins/Experimental/CharacterAI/Binaries/Win64/UE4Editor-CharacterAI.dll (API version 3944462).
LogModuleManager: Display: Found up-to-date module file ../../../Engine/Plugins/Experimental/HTML5Networking/Binaries/Win64/UE4Editor-HTML5Networking.dll (API version 3944462).
LogModuleManager: Display: Found up-to-date module file ../../../Engine/Plugins/Media/AndroidMedia/Binaries/Win64/UE4Editor-AndroidMediaEditor.dll (API version 3944462).
LogModuleManager: Display: Found up-to-date module file ../../../Engine/Plugins/Media/AndroidMedia/Binaries/Win64/UE4Editor-AndroidMediaFactory.dll (API version 3944462).
LogModuleManager: Display: Found up-to-date module file ../../../Engine/Plugins/Media/AvfMedia/Binaries/Win64/UE4Editor-AvfMediaEditor.dll (API version 3944462).
LogModuleManager: Display: Found up-to-date module file ../../../Engine/Plugins/Media/AvfMedia/Binaries/Win64/UE4Editor-AvfMediaFactory.dll (API version 3944462).
LogModuleManager: Display: Found up-to-date module file ../../../Engine/Plugins/Media/AvfMedia/Binaries/Win64/UE4Editor-AvfMediaFactory.dll (API version 3944462).
LogModuleManager: Display: Found up-to-date module file ../../../Engine/Plugins/Media/ImgMedia/Binaries/Win64/UE4Editor-ImgMedia.dll (API version 3944462).
LogModuleManager: Display: Found up-to-date module file ../../../Engine/Plugins/Media/ImgMedia/Binaries/Win64/UE4Editor-ImgMediaEditor.dll (API version 3944462).
LogModuleManager: Display: Found up-to-date module file ../../../Engine/Plugins/Media/ImgMedia/Binaries/Win64/UE4Editor-ImgMediaFactory.dll (API version 3944462).
LogModuleManager: Display: Found up-to-date module file ../../../Engine/Plugins/Media/ImgMedia/Binaries/Win64/UE4Editor-ImgMediaFactory.dll (API version 3944462).
LogModuleManager: Display: Found up-to-date module file ../../../Engine/Plugins/Media/ImgMedia/Binaries/Win64/UE4Editor-OpenExrWrapper.dll (API version 3944462).
LogModuleManager: Display: Found up-to-date module file ../../../Engine/Plugins/Media/LinearTimecode/Binaries/Win64/UE4Editor-LinearTimecode.dll (API version 3944462).
LogModuleManager: Display: Found up-to-date module file ../../../Engine/Plugins/Media/MediaCompositing/Binaries/Win64/UE4Editor-MediaCompositing.dll (API version 3944462).
LogModuleManager: Display: Found up-to-date module file ../../../Engine/Plugins/Media/MediaCompositing/Binaries/Win64/UE4Editor-MediaCompositingEditor.dll (API version 3944462).
LogModuleManager: Display: Found up-to-date module file ../../../Engine/Plugins/Media/MediaPlayerEditor/Binaries/Win64/UE4Editor-MediaPlayerEditor.dll (API version 3944462).
LogModuleManager: Display: Found up-to-date module file ../../../Engine/Plugins/Media/WmfMedia/Binaries/Win64/UE4Editor-WmfMedia.dll (API version 3944462).
LogModuleManager: Display: Found up-to-date module file ../../../Engine/Plugins/Media/WmfMedia/Binaries/Win64/UE4Editor-WmfMediaEditor.dll (API version 3944462).
LogModuleManager: Display: Found up-to-date module file ../../../Engine/Plugins/Media/WmfMedia/Binaries/Win64/UE4Editor-WmfMediaFactory.dll (API version 3944462).
LogModuleManager: Display: Found up-to-date module file ../../../Engine/Plugins/Media/WmfMedia/Binaries/Win64/UE4Editor-WmfMediaFactory.dll (API version 3944462).
LogModuleManager: Display: Found up-to-date module file ../../../Engine/Plugins/Messaging/TcpMessaging/Binaries/Win64/UE4Editor-TcpMessaging.dll (API version 3944462).
LogModuleManager: Display: Found up-to-date module file ../../../Engine/Plugins/Messaging/UdpMessaging/Binaries/Win64/UE4Editor-UdpMessaging.dll (API version 3944462).
LogModuleManager: Display: Found up-to-date module file ../../../Engine/Plugins/MovieScene/ActorSequence/Binaries/Win64/UE4Editor-ActorSequence.dll (API version 3944462).
LogModuleManager: Display: Found up-to-date module file ../../../Engine/Plugins/MovieScene/LevelSequenceEditor/Binaries/Win64/UE4Editor-LevelSequenceEditor.dll (API version 3944462).
LogModuleManager: Display: Found up-to-date module file ../../../Engine/Plugins/MovieScene/MatineeToLevelSequence/Binaries/Win64/UE4Editor-MatineeToLevelSequence.dll (API version 3944462).
LogModuleManager: Display: Found up-to-date module file ../../../Engine/Plugins/NetcodeUnitTest/NetcodeUnitTest/Binaries/Win64/UE4Editor-NetcodeUnitTest.dll (API version 3944462).
LogModuleManager: Display: Found up-to-date module file ../../../Engine/Plugins/NetcodeUnitTest/NUTUnrealEngine4/Binaries/Win64/UE4Editor-NUTUnrealEngine4.dll (API version 3944462).
LogModuleManager: Display: Found up-to-date module file ../../../Engine/Plugins/Online/OnlineSubsystem/Binaries/Win64/UE4Editor-OnlineSubsystem.dll (API version 3944462).
LogModuleManager: Display: Found up-to-date module file ../../../Engine/Plugins/Runtime/AndroidPermission/Binaries/Win64/UE4Editor-AndroidPermission.dll (API version 3944462).
LogModuleManager: Display: Found up-to-date module file ../../../Engine/Plugins/Online/OnlineSubsystemNull/Binaries/Win64/UE4Editor-OnlineSubsystemNull.dll (API version 3944462).
LogModuleManager: Display: Found up-to-date module file ../../../Engine/Plugins/Online/OnlineSubsystemUtils/Binaries/Win64/UE4Editor-OnlineSubsystemUtils.dll (API version 3944462).
LogModuleManager: Display: Found up-to-date module file ../../../Engine/Plugins/Online/OnlineSubsystemUtils/Binaries/Win64/UE4Editor-OnlineBlueprintSupport.dll (API version 3944462).
LogModuleManager: Display: Found up-to-date module file ../../../Engine/Plugins/Runtime/AndroidDeviceProfileSelector/Binaries/Win64/UE4Editor-AndroidDeviceProfileSelector.dll (API version 3944462).
LogModuleManager: Display: Found up-to-date module file ../../../Engine/Plugins/Runtime/AppleARKit/Binaries/Win64/UE4Editor-AppleARKit.dll (API version 3944462).
LogModuleManager: Display: Found up-to-date module file ../../../Engine/Plugins/Runtime/ProceduralMeshComponent/Binaries/Win64/UE4Editor-ProceduralMeshComponent.dll (API version 3944462).
LogModuleManager: Display: Found up-to-date module file ../../../Engine/Plugins/Runtime/ProceduralMeshComponent/Binaries/Win64/UE4Editor-ProceduralMeshComponentEditor.dll (API version 3944462).
LogModuleManager: Display: Found up-to-date module file ../../../Engine/Plugins/Animation/LiveLink/Binaries/Win64/UE4Editor-LiveLink.dll (API version 3944462).
LogModuleManager: Display: Found up-to-date module file ../../../Engine/Plugins/Animation/LiveLink/Binaries/Win64/UE4Editor-LiveLinkEditor.dll (API version 3944462).
LogModuleManager: Display: Found up-to-date module file ../../../Engine/Plugins/Runtime/ArchVisCharacter/Binaries/Win64/UE4Editor-ArchVisCharacter.dll (API version 3944462).
LogModuleManager: Display: Found up-to-date module file ../../../Engine/Plugins/Runtime/AudioCapture/Binaries/Win64/UE4Editor-AudioCapture.dll (API version 3944462).
LogModuleManager: Display: Found up-to-date module file ../../../Engine/Plugins/Runtime/AudioCapture/Binaries/Win64/UE4Editor-AudioCaptureEditor.dll (API version 3944462).
LogModuleManager: Display: Found up-to-date module file ../../../Engine/Plugins/Runtime/CableComponent/Binaries/Win64/UE4Editor-CableComponent.dll (API version 3944462).
LogModuleManager: Display: Found up-to-date module file ../../../Engine/Plugins/Runtime/CustomMeshComponent/Binaries/Win64/UE4Editor-CustomMeshComponent.dll (API version 3944462).
LogModuleManager: Display: Found up-to-date module file ../../../Engine/Plugins/Runtime/ExampleDeviceProfileSelector/Binaries/Win64/UE4Editor-ExampleDeviceProfileSelector.dll (API version 3944462).
LogModuleManager: Display: Found up-to-date module file ../../../Engine/Plugins/Runtime/ImmediatePhysics/Binaries/Win64/UE4Editor-ImmediatePhysics.dll (API version 3944462).
LogModuleManager: Display: Found up-to-date module file ../../../Engine/Plugins/Runtime/ImmediatePhysics/Binaries/Win64/UE4Editor-ImmediatePhysicsEditor.dll (API version 3944462).
LogModuleManager: Display: Found up-to-date module file ../../../Engine/Plugins/Runtime/LocationServicesBPLibrary/Binaries/Win64/UE4Editor-LocationServicesBPLibrary.dll (API version 3944462).
LogModuleManager: Display: Found up-to-date module file ../../../Engine/Plugins/Runtime/MobilePatchingUtils/Binaries/Win64/UE4Editor-MobilePatchingUtils.dll (API version 3944462).
LogModuleManager: Display: Found up-to-date module file ../../../Engine/Plugins/Runtime/Oculus/OculusVR/Binaries/Win64/UE4Editor-OculusHMD.dll (API version 3944462).
LogModuleManager: Display: Found up-to-date module file ../../../Engine/Plugins/Runtime/Oculus/OculusVR/Binaries/Win64/UE4Editor-OculusInput.dll (API version 3944462).
LogModuleManager: Display: Found up-to-date module file ../../../Engine/Plugins/Runtime/Oculus/OculusVR/Binaries/Win64/UE4Editor-OculusEditor.dll (API version 3944462).
LogModuleManager: Display: Found up-to-date module file ../../../Engine/Plugins/Runtime/PhysXVehicles/Binaries/Win64/UE4Editor-PhysXVehicles.dll (API version 3944462).
LogModuleManager: Display: Found up-to-date module file ../../../Engine/Plugins/Runtime/PhysXVehicles/Binaries/Win64/UE4Editor-PhysXVehiclesEditor.dll (API version 3944462).
LogModuleManager: Display: Found up-to-date module file ../../../Engine/Plugins/Runtime/RuntimePhysXCooking/Binaries/Win64/UE4Editor-RuntimePhysXCooking.dll (API version 3944462).
LogModuleManager: Display: Found up-to-date module file ../../../Engine/Plugins/Runtime/Steam/SteamVR/Binaries/Win64/UE4Editor-SteamVR.dll (API version 3944462).
LogModuleManager: Display: Found up-to-date module file ../../../Engine/Plugins/Runtime/Steam/SteamVR/Binaries/Win64/UE4Editor-SteamVRController.dll (API version 3944462).
LogModuleManager: Display: Found up-to-date module file ../../../Engine/Plugins/Runtime/WindowsMoviePlayer/Binaries/Win64/UE4Editor-WindowsMoviePlayer.dll (API version 3944462).
LogPluginManager: Mounting plugin Paper2D
LogPluginManager: Mounting plugin LiveLink
LogPluginManager: Mounting plugin LightPropagationVolume
LogPluginManager: Mounting plugin CLionSourceCodeAccess
LogPluginManager: Mounting plugin CodeLiteSourceCodeAccess
LogPluginManager: Mounting plugin GitSourceControl
LogPluginManager: Mounting plugin KDevelopSourceCodeAccess
LogPluginManager: Mounting plugin NullSourceCodeAccess
LogPluginManager: Mounting plugin PerforceSourceControl
LogPluginManager: Mounting plugin SubversionSourceControl
LogPluginManager: Mounting plugin UObjectPlugin
LogPluginManager: Mounting plugin VisualStudioCodeSourceCodeAccess
LogPluginManager: Mounting plugin VisualStudioSourceCodeAccess
LogPluginManager: Mounting plugin XCodeSourceCodeAccess
LogPluginManager: Mounting plugin AssetManagerEditor
LogPluginManager: Mounting plugin CryptoKeys
LogPluginManager: Mounting plugin DataValidation
LogPluginManager: Mounting plugin FacialAnimation
LogPluginManager: Mounting plugin GameplayTagsEditor
LogPluginManager: Mounting plugin MobileLauncherProfileWizard
LogPluginManager: Mounting plugin PluginBrowser
LogPluginManager: Mounting plugin SpeedTreeImporter
LogPluginManager: Mounting plugin DatasmithContent
LogPluginManager: Mounting plugin AlembicImporter
LogPluginManager: Mounting plugin CharacterAI
LogPluginManager: Mounting plugin HTML5Networking
LogPluginManager: Mounting plugin AndroidMedia
LogPluginManager: Mounting plugin AvfMedia
LogPluginManager: Mounting plugin ImgMedia
LogPluginManager: Mounting plugin LinearTimecode
LogPluginManager: Mounting plugin MediaCompositing
LogPluginManager: Mounting plugin MediaPlayerEditor
LogPluginManager: Mounting plugin WmfMedia
LogPluginManager: Mounting plugin TcpMessaging
LogPluginManager: Mounting plugin UdpMessaging
LogPluginManager: Mounting plugin ActorSequence
LogPluginManager: Mounting plugin LevelSequenceEditor
LogPluginManager: Mounting plugin MatineeToLevelSequence
LogPluginManager: Mounting plugin NetcodeUnitTest
LogPluginManager: Mounting plugin NUTUnrealEngine4
LogPluginManager: Mounting plugin OnlineSubsystemGooglePlay
LogPluginManager: Mounting plugin OnlineSubsystemIOS
LogPluginManager: Mounting plugin OnlineSubsystem
LogPluginManager: Mounting plugin OnlineSubsystemNull
LogPluginManager: Mounting plugin OnlineSubsystemUtils
LogPluginManager: Mounting plugin AndroidDeviceProfileSelector
LogPluginManager: Mounting plugin AndroidMoviePlayer
LogPluginManager: Mounting plugin AndroidPermission
LogPluginManager: Mounting plugin AppleARKit
LogPluginManager: Mounting plugin AppleMoviePlayer
LogPluginManager: Mounting plugin ArchVisCharacter
LogPluginManager: Mounting plugin AudioCapture
LogPluginManager: Mounting plugin CableComponent
LogPluginManager: Mounting plugin CustomMeshComponent
LogPluginManager: Mounting plugin ExampleDeviceProfileSelector
LogPluginManager: Mounting plugin GoogleCloudMessaging
LogPluginManager: Mounting plugin ImmediatePhysics
LogPluginManager: Mounting plugin IOSDeviceProfileSelector
LogPluginManager: Mounting plugin LinuxDeviceProfileSelector
LogPluginManager: Mounting plugin LocationServicesBPLibrary
LogPluginManager: Mounting plugin MobilePatchingUtils
LogPluginManager: Mounting plugin OculusVR
LogPluginManager: Plugin shader directory ../../../Engine/Plugins/Runtime/Oculus/OculusVR/Shaders found
LogPluginManager: Mapping shader source directory ../../../Engine/Plugins/Runtime/Oculus/OculusVR/Shaders to virtual directory /Plugin/OculusVR
LogPluginManager: Mounting plugin PhysXVehicles
LogPluginManager: Mounting plugin ProceduralMeshComponent
LogPluginManager: Mounting plugin RuntimePhysXCooking
LogPluginManager: Mounting plugin SteamVR
LogPluginManager: Mounting plugin WindowsMoviePlayer
LogStreaming: Display: Took  0.977s to configure plugins.
LogInit: Using libcurl 7.47.1
LogInit:  - built for x86_64-pc-win32
LogInit:  - supports SSL with OpenSSL/1.0.2g
LogInit:  - supports HTTP deflate (compression) using libz 1.2.8
LogInit:  - other features:
LogInit:      CURL_VERSION_SSL
LogInit:      CURL_VERSION_LIBZ
LogInit:      CURL_VERSION_IPV6
LogInit:      CURL_VERSION_ASYNCHDNS
LogInit:      CURL_VERSION_LARGEFILE
LogInit:      CURL_VERSION_IDN
LogInit:  CurlRequestOptions (configurable via config and command line):
LogInit:  - bVerifyPeer = false  - Libcurl will NOT verify peer certificate
LogInit:  - bUseHttpProxy = false  - Libcurl will NOT use HTTP proxy
LogInit:  - bDontReuseConnections = false  - Libcurl will reuse connections
LogInit:  - CertBundlePath = nullptr  - Libcurl will use whatever was configured at build time.
LogInit:  - MaxHostConnections = 16  - Libcurl will limit the number of connections to a host
LogInit:  - LocalHostAddr = Default
LogInit: WinSock: version 1.1 (2.2), MaxSocks=32767, MaxUdp=65467
LogInit: WinSock: I am BazMain (192.168.0.158:0)
LogInit: Build: ++UE4+Release-4.19-CL-4033788
LogInit: Engine Version: 4.19.2-4033788+++UE4+Release-4.19
LogInit: Compatible Engine Version: 4.19.0-3944462+++UE4+Release-4.19
LogInit: Net CL: 3944462
LogDevObjectVersion: Number of dev versions registered: 18
LogDevObjectVersion:   Dev-Blueprints (B0D832E4-1F89-4F0D-ACCF-7EB736FD4AA2): 10
LogDevObjectVersion:   Dev-Build (E1C64328-A22C-4D53-A36C-8E866417BD8C): 0
LogDevObjectVersion:   Dev-Core (375EC13C-06E4-48FB-B500-84F0262A717E): 2
LogDevObjectVersion:   Dev-Editor (E4B068ED-F494-42E9-A231-DA0B2E46BB41): 23
LogDevObjectVersion:   Dev-Framework (CFFC743F-43B0-4480-9391-14DF171D2073): 33
LogDevObjectVersion:   Dev-Mobile (B02B49B5-BB20-44E9-A304-32B752E40360): 2
LogDevObjectVersion:   Dev-Networking (A4E4105C-59A1-49B5-A7C5-40C4547EDFEE): 0
LogDevObjectVersion:   Dev-Online (39C831C9-5AE6-47DC-9A44-9C173E1C8E7C): 0
LogDevObjectVersion:   Dev-Physics (78F01B33-EBEA-4F98-B9B4-84EACCB95AA2): 0
LogDevObjectVersion:   Dev-Platform (6631380F-2D4D-43E0-8009-CF276956A95A): 0
LogDevObjectVersion:   Dev-Rendering (12F88B9F-8875-4AFC-A67C-D90C383ABD29): 25
LogDevObjectVersion:   Dev-Sequencer (7B5AE74C-D270-4C10-A958-57980B212A5A): 6
LogDevObjectVersion:   Dev-VR (D7296918-1DD6-4BDD-9DE2-64A83CC13884): 1
LogDevObjectVersion:   Dev-LoadTimes (C2A15278-BFE7-4AFE-6C17-90FF531DF755): 1
LogDevObjectVersion:   Private-Geometry (6EACA3D4-40EC-4CC1-B786-8BED09428FC5): 2
LogDevObjectVersion:   Dev-AnimPhys (29E575DD-E0A3-4627-9D10-D276232CDCEA): 16
LogDevObjectVersion:   Dev-ReflectionCapture (6B266CEC-1EC7-4B8F-A30B-E4D90942FC07): 1
LogDevObjectVersion:   Dev-Automation (0DF73D61-A23F-47EA-B727-89E90C41499A): 1
LogInit: Compiled (64-bit): Apr 27 2018 02:06:57
LogInit: Compiled with Visual C++: 19.00.24215.01
LogInit: Build Configuration: Development
LogInit: Branch Name: ++UE4+Release-4.19
LogInit: Command Line:  
LogInit: Base Directory: D:/Unreal Engine/UE_4.19/Engine/Binaries/Win64/
LogInit: Installed Engine Build: 1
LogStreaming: Display: Took  0.001s to delete old logs.
LogInit: Presizing for max 8388607 objects, including 0 objects not considered by GC, pre-allocating 0 bytes for permanent pool.
LogInit: Object subsystem initialized
[2018.08.07-22.53.13:345][  0]LogInit: Selected Device Profile: [Windows]
[2018.08.07-22.53.13:345][  0]LogInit: Applying CVar settings loaded from the selected device profile: [Windows]
[2018.08.07-22.53.13:354][  0]LogInit: Computer: BAZMAIN
[2018.08.07-22.53.13:354][  0]LogInit: User: BazK
[2018.08.07-22.53.13:354][  0]LogInit: CPU Page size=4096, Cores=4
[2018.08.07-22.53.13:354][  0]LogInit: High frequency timer resolution =2.648437 MHz
[2018.08.07-22.53.13:355][  0]LogMemory: Memory total: Physical=15.8GB (16GB approx)
[2018.08.07-22.53.13:355][  0]LogMemory: Platform Memory Stats for Windows
[2018.08.07-22.53.13:355][  0]LogMemory: Process Physical Memory: 274.68 MB used, 274.68 MB peak
[2018.08.07-22.53.13:355][  0]LogMemory: Process Virtual Memory: 271.02 MB used, 271.02 MB peak
[2018.08.07-22.53.13:355][  0]LogMemory: Physical Memory: 5211.43 MB used,  10987.30 MB free, 16198.73 MB total
[2018.08.07-22.53.13:355][  0]LogMemory: Virtual Memory: 4770.96 MB used,  10987.30 MB free, 134217728.00 MB total
[2018.08.07-22.53.13:378][  0]LogInit: Using OS detected language (en-US).
[2018.08.07-22.53.13:378][  0]LogInit: Using OS detected locale (en-GB).
[2018.08.07-22.53.13:381][  0]LogTextLocalizationManager: No specific localization for 'en-US' exists, so the 'en' localization will be used.
[2018.08.07-22.53.13:823][  0]LogStreaming: Display: Took  0.446s to EndInitTextLocalization.
[2018.08.07-22.53.13:823][  0]LogInit: Setting process to per monitor DPI aware
[2018.08.07-22.53.13:855][  0]LogSlate: New Slate User Created.  User Index 0, Is Virtual User: 0
[2018.08.07-22.53.13:855][  0]LogSlate: Slate User Registered.  User Index 0, Is Virtual User: 0
[2018.08.07-22.53.14:049][  0]LogD3D11RHI: D3D11 adapters:
[2018.08.07-22.53.14:088][  0]LogD3D11RHI:    0. 'NVIDIA GeForce GTX 960' (Feature Level 11_0)
[2018.08.07-22.53.14:088][  0]LogD3D11RHI:       2016/0/8099 MB DedicatedVideo/DedicatedSystem/SharedSystem, Outputs:1, VendorId:0x10de
[2018.08.07-22.53.14:090][  0]LogD3D11RHI:    1. 'Microsoft Basic Render Driver' (Feature Level 11_0)
[2018.08.07-22.53.14:090][  0]LogD3D11RHI:       0/0/8099 MB DedicatedVideo/DedicatedSystem/SharedSystem, Outputs:0, VendorId:0x1414
[2018.08.07-22.53.14:090][  0]LogD3D11RHI: Chosen D3D11 Adapter: 0
[2018.08.07-22.53.14:096][  0]LogD3D11RHI: Creating new Direct3DDevice
[2018.08.07-22.53.14:096][  0]LogD3D11RHI:     GPU DeviceId: 0x1401 (for the marketing name, search the web for "GPU Device Id")
[2018.08.07-22.53.14:096][  0]LogWindows: EnumDisplayDevices:
[2018.08.07-22.53.14:097][  0]LogWindows:    0. 'NVIDIA GeForce GTX 960' (P:1 D:1)
[2018.08.07-22.53.14:097][  0]LogWindows:    1. 'NVIDIA GeForce GTX 960' (P:0 D:0)
[2018.08.07-22.53.14:097][  0]LogWindows:    2. 'NVIDIA GeForce GTX 960' (P:0 D:0)
[2018.08.07-22.53.14:097][  0]LogWindows:    3. 'NVIDIA GeForce GTX 960' (P:0 D:0)
[2018.08.07-22.53.14:097][  0]LogWindows: DebugString: GetVideoDriverDetailsInvalid PrimaryIsNotTheChoosenAdapter GetVideoDriverDetailsInvalid PrimaryIsNotTheChoosenAdapter GetVideoDriverDetailsInvalid PrimaryIsNotTheChoosenAdapter GetVideoDriverDetailsInvalid PrimaryIsNotTheChoosenAdapter FoundDriverCount:0 
[2018.08.07-22.53.14:097][  0]LogD3D11RHI:     Adapter Name: NVIDIA GeForce GTX 960
[2018.08.07-22.53.14:097][  0]LogD3D11RHI:   Driver Version: Unknown (internal:Unknown, unified:Unknown)
[2018.08.07-22.53.14:097][  0]LogD3D11RHI:      Driver Date: Unknown
[2018.08.07-22.53.14:097][  0]LogRHI: Texture pool is 1411 MB (70% of 2016 MB)
[2018.08.07-22.53.14:121][  0]LogD3D11RHI: [Aftermath] Aftermath enabled but failed to initialize
[2018.08.07-22.53.14:121][  0]LogD3D11RHI: [Aftermath] Aftermath enabled and primed
[2018.08.07-22.53.14:121][  0]LogD3D11RHI: Async texture creation enabled
[2018.08.07-22.53.14:138][  0]LogD3D11RHI: GPU Timing Frequency: 1000.000000 (Debug: 2 2)
[2018.08.07-22.53.14:139][  0]LogShaderCompilers: Guid format shader working directory is -14 characters bigger than the processId version (../../../../../UnrealProjects/FirstPersonGames/ArenaShooter/Intermediate/Shaders/WorkingDirectory/15080/).
[2018.08.07-22.53.14:139][  0]LogShaderCompilers: Cleaned the shader compiler working directory 'C:/Users/Baz_K/AppData/Local/Temp/UnrealShaderWorkingDir/0A201B0C46E63FC4B2DD4DAF0EE6DF8D/'.
[2018.08.07-22.53.14:362][  0]LogTemp: Display: Loaded TP AllDesktopTargetPlatform
[2018.08.07-22.53.14:376][  0]LogTemp: Display: Loaded TP MacClientTargetPlatform
[2018.08.07-22.53.14:389][  0]LogTemp: Display: Loaded TP MacNoEditorTargetPlatform
[2018.08.07-22.53.14:403][  0]LogTemp: Display: Loaded TP MacServerTargetPlatform
[2018.08.07-22.53.14:416][  0]LogTemp: Display: Loaded TP MacTargetPlatform
[2018.08.07-22.53.14:429][  0]LogTemp: Display: Loaded TP WindowsClientTargetPlatform
[2018.08.07-22.53.14:443][  0]LogTemp: Display: Loaded TP WindowsNoEditorTargetPlatform
[2018.08.07-22.53.14:456][  0]LogTemp: Display: Loaded TP WindowsServerTargetPlatform
[2018.08.07-22.53.14:462][  0]LogTemp: Display: Loaded TP WindowsTargetPlatform
[2018.08.07-22.53.14:474][  0]LogTemp: Display: Loaded TP Android_ASTCTargetPlatform
[2018.08.07-22.53.14:487][  0]LogTemp: Display: Loaded TP Android_ATCTargetPlatform
[2018.08.07-22.53.14:499][  0]LogTemp: Display: Loaded TP Android_DXTTargetPlatform
[2018.08.07-22.53.14:512][  0]LogTemp: Display: Loaded TP Android_ETC1aTargetPlatform
[2018.08.07-22.53.14:524][  0]LogTemp: Display: Loaded TP Android_ETC1TargetPlatform
[2018.08.07-22.53.14:537][  0]LogTemp: Display: Loaded TP Android_ETC2TargetPlatform
[2018.08.07-22.53.14:562][  0]LogTemp: Display: Loaded TP Android_MultiTargetPlatform
[2018.08.07-22.53.14:562][  0]LogTemp: Display: Loaded TP Android_PVRTCTargetPlatform
[2018.08.07-22.53.14:574][  0]LogTemp: Display: Loaded TP AndroidTargetPlatform
[2018.08.07-22.53.14:575][  0]LogTemp: Display: Loaded TP HTML5TargetPlatform
[2018.08.07-22.53.14:613][  0]LogTemp: Display: Loaded TP IOSTargetPlatform
[2018.08.07-22.53.14:624][  0]LogTemp: Display: Loaded TP TVOSTargetPlatform
[2018.08.07-22.53.14:637][  0]LogTemp: Display: Loaded TP LinuxClientTargetPlatform
[2018.08.07-22.53.14:649][  0]LogTemp: Display: Loaded TP LinuxNoEditorTargetPlatform
[2018.08.07-22.53.14:662][  0]LogTemp: Display: Loaded TP LinuxServerTargetPlatform
[2018.08.07-22.53.14:675][  0]LogTemp: Display: Loaded TP LinuxTargetPlatform
[2018.08.07-22.53.14:675][  0]LogTargetPlatformManager: Display: Building Assets For Windows
[2018.08.07-22.53.14:781][  0]LogXGEController: Cleaning working directory: C:/Users/Baz_K/AppData/Local/Temp/UnrealXGEWorkingDir/
[2018.08.07-22.53.14:781][  0]LogXGEController: Cannot use XGE Controller as Incredibuild is not installed on this machine.
[2018.08.07-22.53.14:781][  0]LogShaderCompilers: Cannot use XGE Shader Compiler as Incredibuild is not installed on this machine.
[2018.08.07-22.53.14:781][  0]LogShaderCompilers: Display: Using Local Shader Compiler.
[2018.08.07-22.53.15:448][  0]LogDerivedDataCache: Display: Max Cache Size: 512 MB
[2018.08.07-22.53.15:510][  0]LogDerivedDataCache: Loaded boot cache 0.06s 74MB C:/Users/Baz_K/AppData/Local/UnrealEngine/4.19/DerivedDataCache/Boot.ddc.
[2018.08.07-22.53.15:510][  0]LogDerivedDataCache: Display: Loaded Boot cache: C:/Users/Baz_K/AppData/Local/UnrealEngine/4.19/DerivedDataCache/Boot.ddc
[2018.08.07-22.53.15:510][  0]LogDerivedDataCache: FDerivedDataBackendGraph:  Pak pak cache file ../../../../../UnrealProjects/FirstPersonGames/ArenaShooter/DerivedDataCache/DDC.ddp not found, will not use a pak cache.
[2018.08.07-22.53.15:510][  0]LogDerivedDataCache: Unable to find inner node Pak for hierarchical cache Hierarchy.
[2018.08.07-22.53.15:510][  0]LogDerivedDataCache: FDerivedDataBackendGraph:  CompressedPak pak cache file ../../../../../UnrealProjects/FirstPersonGames/ArenaShooter/DerivedDataCache/Compressed.ddp not found, will not use a pak cache.
[2018.08.07-22.53.15:510][  0]LogDerivedDataCache: Unable to find inner node CompressedPak for hierarchical cache Hierarchy.
[2018.08.07-22.53.15:527][  0]LogDerivedDataCache: Display: Pak cache opened for reading ../../../Engine/DerivedDataCache/Compressed.ddp.
[2018.08.07-22.53.15:540][  0]LogDerivedDataCache: Using Local data cache path C:/Users/Baz_K/AppData/Local/UnrealEngine/Common/DerivedDataCache: Writable
[2018.08.07-22.53.15:540][  0]LogDerivedDataCache: Shared data cache path not found in *engine.ini, will not use an Shared cache.
[2018.08.07-22.53.15:540][  0]LogDerivedDataCache: Unable to find inner node Shared for hierarchical cache Hierarchy.
[2018.08.07-22.53.15:551][  0]LogMaterial: Verifying Global Shaders for PCD3D_SM5
[2018.08.07-22.53.15:551][  0]LogSlate: Using Freetype 2.6.0
[2018.08.07-22.53.15:552][  0]LogSlate: SlateFontCache - WITH_FREETYPE: 1, WITH_HARFBUZZ: 1
[2018.08.07-22.53.15:552][  0]LogSlate: SlateFontCache - WITH_FREETYPE: 1, WITH_HARFBUZZ: 1
[2018.08.07-22.53.15:671][  0]LogAssetRegistry: FAssetRegistry took 0.0262 seconds to start up
[2018.08.07-22.53.15:972][  0]LogInit: Selected Device Profile: [Windows]
[2018.08.07-22.53.16:118][  0]LogSimplygon: Simplygon DLL not present - disabling.
[2018.08.07-22.53.16:121][  0]LogMeshReduction: Using SimplygonSwarm for distributed automatic mesh merging
[2018.08.07-22.53.16:121][  0]LogMeshReduction: Using QuadricMeshReduction for automatic static mesh reduction
[2018.08.07-22.53.16:121][  0]LogMeshReduction: No automatic skeletal mesh reduction module available
[2018.08.07-22.53.16:121][  0]LogMeshReduction: No automatic mesh merging module available
[2018.08.07-22.53.16:121][  0]LogMeshMerging: No automatic mesh merging module available
[2018.08.07-22.53.16:155][  0]LogNetVersion: ArenaShooter , NetCL: 3944462, EngineNetVer: 2, GameNetVer: 0 (Checksum: 2225152811)
[2018.08.07-22.53.16:585][  0]LogPackageLocalizationCache: Processed 9 localized package path(s) for 2 prioritized culture(s) in 0.067720 seconds
[2018.08.07-22.53.16:590][  0]LogUObjectArray: 36728 objects as part of root set at end of initial load.
[2018.08.07-22.53.16:590][  0]LogUObjectAllocator: 7314304 out of 0 bytes used by permanent object pool.
[2018.08.07-22.53.16:590][  0]LogUObjectArray: CloseDisregardForGC: 0/0 objects in disregard for GC pool
[2018.08.07-22.53.18:273][  0]LogTcpMessaging: Initializing TcpMessaging bridge
[2018.08.07-22.53.18:302][  0]LogUdpMessaging: Initializing bridge on interface 0.0.0.0:0 to multicast group 230.0.0.1:6666.
[2018.08.07-22.53.18:640][  0]SourceControl: Source control is disabled
[2018.08.07-22.53.18:640][  0]SourceControl: Source control is disabled
[2018.08.07-22.53.18:658][  0]SourceControl: Source control is disabled
[2018.08.07-22.53.18:675][  0]SourceControl: Source control is disabled
[2018.08.07-22.53.19:156][  0]LogAndroidPermission: UAndroidPermissionCallbackProxy::GetInstance
[2018.08.07-22.53.19:295][  0]LogOcInput: OculusInput pre-init called
[2018.08.07-22.53.19:407][  0]LogEngine: Initializing Engine...
[2018.08.07-22.53.19:409][  0]LogHMD: Failed to initialize OpenVR with code 110
[2018.08.07-22.53.19:410][  0]LogStats: UGameplayTagsManager::ConstructGameplayTagTree: Construct from data asset -  0.000 s
[2018.08.07-22.53.19:410][  0]LogStats: UGameplayTagsManager::ConstructGameplayTagTree: GameplayTagTreeChangedEvent.Broadcast -  0.000 s
[2018.08.07-22.53.19:653][  0]LogAIModule: Creating AISystem for world Untitled
[2018.08.07-22.53.19:659][  0]LogInit: XAudio2 using 'Speakers (Realtek High Definition Audio)' : 2 channels at 48 kHz using 32 bits per sample (channel mask 0x3)
[2018.08.07-22.53.19:679][  0]LogInit: FAudioDevice initialized.
[2018.08.07-22.53.19:756][  0]LogDerivedDataCache: Saved boot cache 0.08s 74MB C:/Users/Baz_K/AppData/Local/UnrealEngine/4.19/DerivedDataCache/Boot.ddc.
[2018.08.07-22.53.19:760][  0]LogInit: Texture streaming: Enabled
[2018.08.07-22.53.19:775][  0]LogEngineSessionManager: EngineSessionManager initialized
[2018.08.07-22.53.19:787][  0]LogInit: Transaction tracking system initialized
[2018.08.07-22.53.19:808][  0]BlueprintLog: New page: Editor Load
[2018.08.07-22.53.19:875][  0]LocalizationService: Localization service is disabled
[2018.08.07-22.53.19:991][  0]LogConsoleResponse: Display: 
[2018.08.07-22.53.20:141][  0]LogCook: Display: Max memory allowance for cook 16384mb min free memory 0mb
[2018.08.07-22.53.20:141][  0]LogCook: Display: Mobile HDR setting 1
[2018.08.07-22.53.20:141][  0]LogGameplayTags: Display: UGameplayTagsManager::DoneAddingNativeTags. DelegateIsBound: 0
[2018.08.07-22.53.20:141][  0]LogStats: UGameplayTagsManager::ConstructGameplayTagTree: Construct from data asset -  0.000 s
[2018.08.07-22.53.20:141][  0]LogStats: UGameplayTagsManager::ConstructGameplayTagTree: GameplayTagTreeChangedEvent.Broadcast -  0.000 s
[2018.08.07-22.53.20:494][  0]LogFileCache: Scanning file cache for directory 'D:/UnrealProjects/FirstPersonGames/ArenaShooter/Content/' took 0.01s
[2018.08.07-22.53.20:494][  0]SourceControl: Source control is disabled
[2018.08.07-22.53.20:494][  0]Cmd: MAP LOAD FILE="../../../../../UnrealProjects/FirstPersonGames/ArenaShooter/Content/Maps/Office.umap" TEMPLATE=0 SHOWPROGRESS=1 FEATURELEVEL=3
[2018.08.07-22.53.20:494][  0]LightingResults: New page: Lighting Build
[2018.08.07-22.53.20:497][  0]MapCheck: New page: Map Check
[2018.08.07-22.53.20:497][  0]LightingResults: New page: Lighting Build
[2018.08.07-22.53.20:540][  0]LogUObjectGlobals: Created PersistentFrame Addr=0x0000025f4b710180, Size=640, Default__0_BasePlayer_C Function /Game/Blueprint/Characters/0_BasePlayer.0_BasePlayer_C:ExecuteUbergraph_0_BasePlayer
[2018.08.07-22.53.20:541][  0]LogUObjectGlobals: Created PersistentFrame Addr=0x0000025f671cefd0, Size=112, Default__AI_Basic_C Function /Game/AI/AI_Basic.AI_Basic_C:ExecuteUbergraph_AI_Basic
[2018.08.07-22.53.20:549][  0]LogUObjectGlobals: Created PersistentFrame Addr=0x0000025f486b9c00, Size=96, Default__FindRandomLocation_C Function /Game/AI/FindRandomLocation.FindRandomLocation_C:ExecuteUbergraph_FindRandomLocation
[2018.08.07-22.53.20:552][  0]LogUObjectGlobals: Created PersistentFrame Addr=0x0000025f4a807d60, Size=200, Default__1_AIBase_C Function /Game/Blueprint/Characters/1_AIBase.1_AIBase_C:ExecuteUbergraph_1_AIBase
[2018.08.07-22.53.20:552][  0]LogUObjectGlobals: Created PersistentFrame Addr=0x0000025f4a823880, Size=640, Default__1_AIBase_C Function /Game/Blueprint/Characters/0_BasePlayer.0_BasePlayer_C:ExecuteUbergraph_0_BasePlayer
[2018.08.07-22.53.20:572][  0]LogUObjectGlobals: Created PersistentFrame Addr=0x0000025f4b7b1230, Size=12, Default__0_Weapon_C Function /Game/Blueprint/Weapons/0_Weapon.0_Weapon_C:ExecuteUbergraph_0_Weapon
[2018.08.07-22.53.20:589][  0]LogUObjectGlobals: Created PersistentFrame Addr=0x0000025f669d8f30, Size=12, Default__1_BoltPistol_C Function /Game/Blueprint/Weapons/0_Weapon.0_Weapon_C:ExecuteUbergraph_0_Weapon
[2018.08.07-22.53.20:597][  0]LogUObjectGlobals: Created PersistentFrame Addr=0x0000025f66ab1280, Size=848, Default__1_PowerHammer_C Function /Game/Blueprint/Weapons/1_PowerHammer.1_PowerHammer_C:ExecuteUbergraph_1_PowerHammer
[2018.08.07-22.53.20:597][  0]LogUObjectGlobals: Created PersistentFrame Addr=0x0000025f669d9260, Size=12, Default__1_PowerHammer_C Function /Game/Blueprint/Weapons/0_Weapon.0_Weapon_C:ExecuteUbergraph_0_Weapon
[2018.08.07-22.53.20:602][  0]LogUObjectGlobals: Created PersistentFrame Addr=0x0000025f472bd8e8, Size=4, Default__1_PlayerBase_C Function /Game/Blueprint/Characters/1_PlayerBase.1_PlayerBase_C:ExecuteUbergraph_1_PlayerBase
[2018.08.07-22.53.20:602][  0]LogUObjectGlobals: Created PersistentFrame Addr=0x0000025f55c2e480, Size=640, Default__1_PlayerBase_C Function /Game/Blueprint/Characters/0_BasePlayer.0_BasePlayer_C:ExecuteUbergraph_0_BasePlayer
[2018.08.07-22.53.20:604][  0]LogUObjectGlobals: Created PersistentFrame Addr=0x0000025f671e9210, Size=112, Default__InGameMode_C Function /Game/Blueprint/InGameMode.InGameMode_C:ExecuteUbergraph_InGameMode
[2018.08.07-22.53.20:606][  0]LogUObjectGlobals: Created PersistentFrame Addr=0x0000025f486bef00, Size=248, Default__InGameController_C Function /Game/Blueprint/InGameController.InGameController_C:ExecuteUbergraph_InGameController
[2018.08.07-22.53.20:612][  0]LogUObjectGlobals: Created PersistentFrame Addr=0x0000025f4a8027a0, Size=88, Default__LeaderboardEntry_C Function /Game/UMG/LeaderboardEntry.LeaderboardEntry_C:ExecuteUbergraph_LeaderboardEntry
[2018.08.07-22.53.20:614][  0]LogUObjectGlobals: Created PersistentFrame Addr=0x0000025f55bc6980, Size=160, Default__HUD_C Function /Game/UMG/HUD.HUD_C:ExecuteUbergraph_HUD
[2018.08.07-22.53.20:630][  0]LogUObjectGlobals: Created PersistentFrame Addr=0x0000025f472bd1e0, Size=4, Default__1_PlayerBase_C Function /Game/Blueprint/Characters/1_PlayerBase.1_PlayerBase_C:ExecuteUbergraph_1_PlayerBase
[2018.08.07-22.53.20:630][  0]LogUObjectGlobals: Created PersistentFrame Addr=0x0000025f55b7bd80, Size=640, Default__1_PlayerBase_C Function /Game/Blueprint/Characters/0_BasePlayer.0_BasePlayer_C:ExecuteUbergraph_0_BasePlayer
[2018.08.07-22.53.20:631][  0]LogUObjectGlobals: Created PersistentFrame Addr=0x0000025f55bb6a20, Size=200, Default__1_AIBase_C Function /Game/Blueprint/Characters/1_AIBase.1_AIBase_C:ExecuteUbergraph_1_AIBase
[2018.08.07-22.53.20:631][  0]LogUObjectGlobals: Created PersistentFrame Addr=0x0000025f55b7bb00, Size=640, Default__1_AIBase_C Function /Game/Blueprint/Characters/0_BasePlayer.0_BasePlayer_C:ExecuteUbergraph_0_BasePlayer
[2018.08.07-22.53.20:651][  0]LogUObjectGlobals: Created PersistentFrame Addr=0x0000025f55b41580, Size=152, Default__ShotWhenInRange_C Function /Game/AI/ShotWhenInRange.ShotWhenInRange_C:ExecuteUbergraph_ShotWhenInRange
[2018.08.07-22.53.20:672][  0]LogUObjectGlobals: Destroyed PersistentFrame Addr=0x0000025f4b7b1230, Size=12
[2018.08.07-22.53.20:672][  0]LogUObjectGlobals: Created PersistentFrame Addr=0x0000025f4a3ce9c0, Size=12, Default__0_Weapon_C Function /Engine/Transient.REINST_0_Weapon_C_4:ExecuteUbergraph_0_Weapon
[2018.08.07-22.53.20:672][  0]LogUObjectGlobals: Destroyed PersistentFrame Addr=0x0000025f669d8f30, Size=12
[2018.08.07-22.53.20:673][  0]LogUObjectGlobals: Created PersistentFrame Addr=0x0000025f4a3ce970, Size=12, Default__1_BoltPistol_C Function /Engine/Transient.REINST_0_Weapon_C_4:ExecuteUbergraph_0_Weapon
[2018.08.07-22.53.20:673][  0]LogUObjectGlobals: Destroyed PersistentFrame Addr=0x0000025f66ab1280, Size=848
[2018.08.07-22.53.20:673][  0]LogUObjectGlobals: Destroyed PersistentFrame Addr=0x0000025f669d9260, Size=12
[2018.08.07-22.53.20:673][  0]LogUObjectGlobals: Created PersistentFrame Addr=0x0000025f4a31f580, Size=848, Default__1_PowerHammer_C Function /Engine/Transient.REINST_1_PowerHammer_C_7:ExecuteUbergraph_1_PowerHammer
[2018.08.07-22.53.20:673][  0]LogUObjectGlobals: Created PersistentFrame Addr=0x0000025f4a3ce9f0, Size=12, Default__1_PowerHammer_C Function /Engine/Transient.REINST_0_Weapon_C_4:ExecuteUbergraph_0_Weapon
[2018.08.07-22.53.20:674][  0]LogUObjectGlobals: Destroyed PersistentFrame Addr=0x0000025f4b710180, Size=640
[2018.08.07-22.53.20:674][  0]LogUObjectGlobals: Created PersistentFrame Addr=0x0000025f4a432200, Size=640, Default__0_BasePlayer_C Function /Engine/Transient.REINST_0_BasePlayer_C_8:ExecuteUbergraph_0_BasePlayer
[2018.08.07-22.53.20:674][  0]LogUObjectGlobals: Destroyed PersistentFrame Addr=0x0000025f671cefd0, Size=112
[2018.08.07-22.53.20:674][  0]LogUObjectGlobals: Created PersistentFrame Addr=0x0000025f4a39b190, Size=112, Default__AI_Basic_C Function /Engine/Transient.REINST_AI_Basic_C_9:ExecuteUbergraph_AI_Basic
[2018.08.07-22.53.20:674][  0]LogUObjectGlobals: Destroyed PersistentFrame Addr=0x0000025f486b9c00, Size=96
[2018.08.07-22.53.20:674][  0]LogUObjectGlobals: Created PersistentFrame Addr=0x0000025f4a3ef640, Size=96, Default__FindRandomLocation_C Function /Engine/Transient.REINST_FindRandomLocation_C_10:ExecuteUbergraph_FindRandomLocation
[2018.08.07-22.53.20:675][  0]LogUObjectGlobals: Destroyed PersistentFrame Addr=0x0000025f55bc6980, Size=160
[2018.08.07-22.53.20:675][  0]LogUObjectGlobals: Created PersistentFrame Addr=0x0000025f4a313420, Size=160, Default__HUD_C Function /Engine/Transient.REINST_HUD_C_0:ExecuteUbergraph_HUD
[2018.08.07-22.53.20:675][  0]LogUObjectGlobals: Destroyed PersistentFrame Addr=0x0000025f486bef00, Size=248
[2018.08.07-22.53.20:675][  0]LogUObjectGlobals: Created PersistentFrame Addr=0x0000025f49cd9f00, Size=248, Default__InGameController_C Function /Engine/Transient.REINST_InGameController_C_11:ExecuteUbergraph_InGameController
[2018.08.07-22.53.20:676][  0]LogUObjectGlobals: Destroyed PersistentFrame Addr=0x0000025f671e9210, Size=112
[2018.08.07-22.53.20:676][  0]LogUObjectGlobals: Created PersistentFrame Addr=0x0000025f4a39b120, Size=112, Default__InGameMode_C Function /Engine/Transient.REINST_InGameMode_C_12:ExecuteUbergraph_InGameMode
[2018.08.07-22.53.20:676][  0]LogUObjectGlobals: Destroyed PersistentFrame Addr=0x0000025f4a8027a0, Size=88
[2018.08.07-22.53.20:676][  0]LogUObjectGlobals: Created PersistentFrame Addr=0x0000025f4a3ef520, Size=88, Default__LeaderboardEntry_C Function /Engine/Transient.REINST_LeaderboardEntry_C_1:ExecuteUbergraph_LeaderboardEntry
[2018.08.07-22.53.20:676][  0]LogUObjectGlobals: Destroyed PersistentFrame Addr=0x0000025f55b41580, Size=152
[2018.08.07-22.53.20:676][  0]LogUObjectGlobals: Created PersistentFrame Addr=0x0000025f4a30a2a0, Size=152, Default__ShotWhenInRange_C Function /Engine/Transient.REINST_ShotWhenInRange_C_13:ExecuteUbergraph_ShotWhenInRange
[2018.08.07-22.53.20:676][  0]LogUObjectGlobals: Destroyed PersistentFrame Addr=0x0000025f55bb6a20, Size=200
[2018.08.07-22.53.20:676][  0]LogUObjectGlobals: Destroyed PersistentFrame Addr=0x0000025f55b7bb00, Size=640
[2018.08.07-22.53.20:676][  0]LogUObjectGlobals: Created PersistentFrame Addr=0x0000025f4a32c640, Size=200, Default__1_AIBase_C Function /Engine/Transient.REINST_1_AIBase_C_14:ExecuteUbergraph_1_AIBase
[2018.08.07-22.53.20:676][  0]LogUObjectGlobals: Created PersistentFrame Addr=0x0000025f4a431a80, Size=640, Default__1_AIBase_C Function /Engine/Transient.REINST_0_BasePlayer_C_8:ExecuteUbergraph_0_BasePlayer
[2018.08.07-22.53.20:677][  0]LogUObjectGlobals: Destroyed PersistentFrame Addr=0x0000025f472bd1e0, Size=4
[2018.08.07-22.53.20:677][  0]LogUObjectGlobals: Destroyed PersistentFrame Addr=0x0000025f55b7bd80, Size=640
[2018.08.07-22.53.20:677][  0]LogUObjectGlobals: Created PersistentFrame Addr=0x0000025f4a37bc18, Size=4, Default__1_PlayerBase_C Function /Engine/Transient.REINST_1_PlayerBase_C_15:ExecuteUbergraph_1_PlayerBase
[2018.08.07-22.53.20:677][  0]LogUObjectGlobals: Created PersistentFrame Addr=0x0000025f4a431800, Size=640, Default__1_PlayerBase_C Function /Engine/Transient.REINST_0_BasePlayer_C_8:ExecuteUbergraph_0_BasePlayer
[2018.08.07-22.53.20:715][  0]LogUObjectGlobals: Created PersistentFrame Addr=0x0000025f49fab910, Size=12, Default__0_Weapon_C Function /Game/Blueprint/Weapons/0_Weapon.0_Weapon_C:ExecuteUbergraph_0_Weapon
[2018.08.07-22.53.20:716][  0]LogUObjectGlobals: Created PersistentFrame Addr=0x0000025f49fab900, Size=12, Default__1_BoltPistol_C Function /Game/Blueprint/Weapons/0_Weapon.0_Weapon_C:ExecuteUbergraph_0_Weapon
[2018.08.07-22.53.20:717][  0]LogUObjectGlobals: Created PersistentFrame Addr=0x0000025f49f4b200, Size=848, Default__1_PowerHammer_C Function /Game/Blueprint/Weapons/1_PowerHammer.1_PowerHammer_C:ExecuteUbergraph_1_PowerHammer
[2018.08.07-22.53.20:718][  0]LogUObjectGlobals: Created PersistentFrame Addr=0x0000025f49fab700, Size=12, Default__1_PowerHammer_C Function /Game/Blueprint/Weapons/0_Weapon.0_Weapon_C:ExecuteUbergraph_0_Weapon
[2018.08.07-22.53.20:720][  0]LogUObjectGlobals: Created PersistentFrame Addr=0x0000025f49f6df80, Size=640, Default__0_BasePlayer_C Function /Game/Blueprint/Characters/0_BasePlayer.0_BasePlayer_C:ExecuteUbergraph_0_BasePlayer
[2018.08.07-22.53.20:722][  0]LogUObjectGlobals: Created PersistentFrame Addr=0x0000025f49ecd9f0, Size=112, Default__AI_Basic_C Function /Game/AI/AI_Basic.AI_Basic_C:ExecuteUbergraph_AI_Basic
[2018.08.07-22.53.20:723][  0]LogUObjectGlobals: Created PersistentFrame Addr=0x0000025f49f131c0, Size=96, Default__FindRandomLocation_C Function /Game/AI/FindRandomLocation.FindRandomLocation_C:ExecuteUbergraph_FindRandomLocation
[2018.08.07-22.53.20:725][  0]LogUObjectGlobals: Created PersistentFrame Addr=0x0000025f49eba840, Size=160, Default__HUD_C Function /Game/UMG/HUD.HUD_C:ExecuteUbergraph_HUD
[2018.08.07-22.53.20:726][  0]LogUObjectGlobals: Created PersistentFrame Addr=0x0000025f49e8a600, Size=248, Default__InGameController_C Function /Game/Blueprint/InGameController.InGameController_C:ExecuteUbergraph_InGameController
[2018.08.07-22.53.20:727][  0]LogUObjectGlobals: Created PersistentFrame Addr=0x0000025f49e536d0, Size=112, Default__InGameMode_C Function /Game/Blueprint/InGameMode.InGameMode_C:ExecuteUbergraph_InGameMode
[2018.08.07-22.53.20:728][  0]LogUObjectGlobals: Created PersistentFrame Addr=0x0000025f49f12380, Size=88, Default__LeaderboardEntry_C Function /Game/UMG/LeaderboardEntry.LeaderboardEntry_C:ExecuteUbergraph_LeaderboardEntry
[2018.08.07-22.53.20:729][  0]LogUObjectGlobals: Created PersistentFrame Addr=0x0000025f49e716c0, Size=152, Default__ShotWhenInRange_C Function /Game/AI/ShotWhenInRange.ShotWhenInRange_C:ExecuteUbergraph_ShotWhenInRange
[2018.08.07-22.53.20:730][  0]LogUObjectGlobals: Created PersistentFrame Addr=0x0000025f49fd8d40, Size=200, Default__1_AIBase_C Function /Game/Blueprint/Characters/1_AIBase.1_AIBase_C:ExecuteUbergraph_1_AIBase
[2018.08.07-22.53.20:730][  0]LogUObjectGlobals: Created PersistentFrame Addr=0x0000025f49f6c680, Size=640, Default__1_AIBase_C Function /Game/Blueprint/Characters/0_BasePlayer.0_BasePlayer_C:ExecuteUbergraph_0_BasePlayer
[2018.08.07-22.53.20:731][  0]LogUObjectGlobals: Created PersistentFrame Addr=0x0000025f4a379748, Size=4, Default__1_PlayerBase_C Function /Game/Blueprint/Characters/1_PlayerBase.1_PlayerBase_C:ExecuteUbergraph_1_PlayerBase
[2018.08.07-22.53.20:731][  0]LogUObjectGlobals: Created PersistentFrame Addr=0x0000025f49e27880, Size=640, Default__1_PlayerBase_C Function /Game/Blueprint/Characters/0_BasePlayer.0_BasePlayer_C:ExecuteUbergraph_0_BasePlayer
[2018.08.07-22.53.20:792][  0]LogUObjectGlobals: Created PersistentFrame Addr=0x0000025f49e5e570, Size=72, Default__Office_C Function /Game/Maps/Office.Office_C:ExecuteUbergraph_Office
[2018.08.07-22.53.20:794][  0]LogUObjectGlobals: Destroyed PersistentFrame Addr=0x0000025f49e5e570, Size=72
[2018.08.07-22.53.20:794][  0]LogUObjectGlobals: Created PersistentFrame Addr=0x0000025f49e5f9c0, Size=72, Default__Office_C Function /Engine/Transient.REINST_Office_C_31:ExecuteUbergraph_Office
[2018.08.07-22.53.20:795][  0]LogUObjectGlobals: Created PersistentFrame Addr=0x0000025f49e5c540, Size=72, Default__Office_C Function /Game/Maps/Office.Office_C:ExecuteUbergraph_Office
[2018.08.07-22.53.20:964][  0]LogBlueprint: Warning: Node '/Game/Blueprint/Characters/1_PlayerBase.1_PlayerBase:EventGraph.K2Node_Event_773' missing NodeGuid, this can cause deterministic cooking issues please resave package.
[2018.08.07-22.53.21:066][  0]LogBlueprint: Warning: Node '/Game/Blueprint/Characters/1_AIBase.1_AIBase:EventGraph.K2Node_Event_280' missing NodeGuid, this can cause deterministic cooking issues please resave package.
[2018.08.07-22.53.21:115][  0]LogAIModule: Creating AISystem for world Office
[2018.08.07-22.53.21:134][  0]LogEditorServer: Finished looking for orphan Actors (0.000 secs)
[2018.08.07-22.53.21:149][  0]LogUObjectGlobals: Destroyed PersistentFrame Addr=0x0000025f4a432200, Size=640
[2018.08.07-22.53.21:149][  0]LogUObjectGlobals: Destroyed PersistentFrame Addr=0x0000025f4a39b190, Size=112
[2018.08.07-22.53.21:149][  0]LogUObjectGlobals: Destroyed PersistentFrame Addr=0x0000025f4a3ef640, Size=96
[2018.08.07-22.53.21:149][  0]LogUObjectGlobals: Destroyed PersistentFrame Addr=0x0000025f4a32c640, Size=200
[2018.08.07-22.53.21:149][  0]LogUObjectGlobals: Destroyed PersistentFrame Addr=0x0000025f4a431a80, Size=640
[2018.08.07-22.53.21:149][  0]LogUObjectGlobals: Destroyed PersistentFrame Addr=0x0000025f4a3ce9c0, Size=12
[2018.08.07-22.53.21:149][  0]LogUObjectGlobals: Destroyed PersistentFrame Addr=0x0000025f4a3ce970, Size=12
[2018.08.07-22.53.21:149][  0]LogUObjectGlobals: Destroyed PersistentFrame Addr=0x0000025f4a31f580, Size=848
[2018.08.07-22.53.21:149][  0]LogUObjectGlobals: Destroyed PersistentFrame Addr=0x0000025f4a3ce9f0, Size=12
[2018.08.07-22.53.21:149][  0]LogUObjectGlobals: Destroyed PersistentFrame Addr=0x0000025f4a37bc18, Size=4
[2018.08.07-22.53.21:149][  0]LogUObjectGlobals: Destroyed PersistentFrame Addr=0x0000025f4a431800, Size=640
[2018.08.07-22.53.21:149][  0]LogUObjectGlobals: Destroyed PersistentFrame Addr=0x0000025f4a39b120, Size=112
[2018.08.07-22.53.21:149][  0]LogUObjectGlobals: Destroyed PersistentFrame Addr=0x0000025f49cd9f00, Size=248
[2018.08.07-22.53.21:149][  0]LogUObjectGlobals: Destroyed PersistentFrame Addr=0x0000025f4a3ef520, Size=88
[2018.08.07-22.53.21:149][  0]LogUObjectGlobals: Destroyed PersistentFrame Addr=0x0000025f4a313420, Size=160
[2018.08.07-22.53.21:149][  0]LogUObjectGlobals: Destroyed PersistentFrame Addr=0x0000025f4a30a2a0, Size=152
[2018.08.07-22.53.21:150][  0]LogUObjectGlobals: Destroyed PersistentFrame Addr=0x0000025f49e5f9c0, Size=72
[2018.08.07-22.53.21:151][  0]Cmd: MAP CHECKDEP NOCLEARLOG
[2018.08.07-22.53.21:201][  0]MapCheck: Map check complete: 0 Error(s), 0 Warning(s), took 50.502ms to complete.
[2018.08.07-22.53.21:201][  0]LogFileHelpers: Loading map 'Office' took 0.708
[2018.08.07-22.53.21:337][  0]LogCollectionManager: Loaded 0 collections in 0.001501 seconds
[2018.08.07-22.53.21:378][  0]LogFileCache: Scanning file cache for directory 'D:/UnrealProjects/FirstPersonGames/ArenaShooter/Saved/Collections/' took 0.01s
[2018.08.07-22.53.21:378][  0]LogFileCache: Scanning file cache for directory 'D:/UnrealProjects/FirstPersonGames/ArenaShooter/Content/Developers/BazK/Collections/' took 0.01s
[2018.08.07-22.53.21:378][  0]LogFileCache: Scanning file cache for directory 'D:/UnrealProjects/FirstPersonGames/ArenaShooter/Content/Collections/' took 0.01s
[2018.08.07-22.53.21:378][  0]LogCollectionManager: Rebuilt the GUID cache for 0 collections in 0.000000 seconds
[2018.08.07-22.53.21:388][  0]LogContentBrowser: Native class hierarchy populated in 0.0090 seconds. Added 2452 classes and 558 folders.
[2018.08.07-22.53.21:395][  0]LogContentBrowser: Native class hierarchy updated for 'WidgetCarousel' in 0.0003 seconds. Added 0 classes and 0 folders.
[2018.08.07-22.53.21:440][  0]LogContentBrowser: Native class hierarchy updated for 'AddContentDialog' in 0.0002 seconds. Added 0 classes and 0 folders.
[2018.08.07-22.53.21:447][  0]LogContentBrowser: Native class hierarchy updated for 'SceneOutliner' in 0.0003 seconds. Added 1 classes and 2 folders.
[2018.08.07-22.53.21:518][  0]LogSlate: Took 0.000243 seconds to synchronously load lazily loaded font '../../../Engine/Content/Slate/Fonts/Roboto-Regular.ttf' (155K)
[2018.08.07-22.53.21:520][  0]LogSlate: Took 0.000197 seconds to synchronously load lazily loaded font '../../../Engine/Content/Slate/Fonts/Roboto-Bold.ttf' (160K)
[2018.08.07-22.53.21:526][  0]LogSlate: Took 0.000182 seconds to synchronously load lazily loaded font '../../../Engine/Content/Editor/Slate/Fonts/FontAwesome.ttf' (139K)
[2018.08.07-22.53.21:649][  0]LogRenderer: Reallocating scene render targets to support 1096x592 Format 10 NumSamples 1 (Frame:1).
[2018.08.07-22.53.21:762][  0]LogContentBrowser: Native class hierarchy updated for 'HierarchicalLODOutliner' in 0.0002 seconds. Added 0 classes and 0 folders.
[2018.08.07-22.53.21:762][  0]LogLoad: (Engine Initialization) Total time: 10.56 seconds
[2018.08.07-22.53.21:762][  0]LogLoad: (Engine Initialization) Total Blueprint compile time: 0.00 seconds
[2018.08.07-22.53.21:781][  0]LogWindowsTextInputMethodSystem: Display: IME system now deactivated.
[2018.08.07-22.53.21:800][  0]LogContentStreaming: Texture pool size now 1000 MB
[2018.08.07-22.53.21:849][  0]LogSlate: Took 0.000247 seconds to synchronously load lazily loaded font '../../../Engine/Content/Slate/Fonts/Roboto-Light.ttf' (167K)
[2018.08.07-22.53.21:881][  1]LogAssetRegistry: Asset discovery search completed in 6.2324 seconds
[2018.08.07-22.53.21:884][  1]LogCollectionManager: Rebuilt the object cache for 0 collections in 0.000000 seconds (found 0 objects)
[2018.08.07-22.53.21:884][  1]LogCollectionManager: Fixed up redirectors for 0 collections in 0.000092 seconds (updated 0 objects)
[2018.08.07-22.54.22:159][ 37]LogSlate: FSceneViewport::OnFocusLost() reason 0
[2018.08.07-22.54.23:250][162]LogSlate: Took 0.000201 seconds to synchronously load lazily loaded font '../../../Engine/Content/Slate/Fonts/Roboto-Light.ttf' (167K)
[2018.08.07-22.54.23:264][162]Cmd: OBJ SAVEPACKAGE PACKAGE="/Game/Maps/Office" FILE="../../../../../UnrealProjects/FirstPersonGames/ArenaShooter/Content/Maps/Office.umap" SILENT=true AUTOSAVING=false KEEPDIRTY=false
[2018.08.07-22.54.23:296][162]LogUObjectGlobals: Destroyed PersistentFrame Addr=0x0000025f49e5c540, Size=72
[2018.08.07-22.54.23:296][162]LogUObjectGlobals: Created PersistentFrame Addr=0x0000025f73d9e5c0, Size=72, Default__Office_C Function /Engine/Transient.REINST_Office_C_35:ExecuteUbergraph_Office
[2018.08.07-22.54.23:297][162]LogUObjectGlobals: Created PersistentFrame Addr=0x0000025f49e5f4c0, Size=72, Default__Office_C Function /Game/Maps/Office.Office_C:ExecuteUbergraph_Office
[2018.08.07-22.54.23:504][162]LogSavePackage: Save=212.60ms
[2018.08.07-22.54.23:504][162]LogSavePackage: Moving '../../../../../UnrealProjects/FirstPersonGames/ArenaShooter/Saved/OfficeBBA670D34235FD6E8F9211858C46CF48.tmp' to '../../../../../UnrealProjects/FirstPersonGames/ArenaShooter/Content/Maps/Office.umap'
[2018.08.07-22.54.23:506][162]LogSavePackage: Display: Finished SavePackage ../../../../../UnrealProjects/FirstPersonGames/ArenaShooter/Content/Maps/Office.umap
[2018.08.07-22.54.23:538][162]Cmd: OBJ SAVEPACKAGE PACKAGE="/Game/Maps/Office_BuiltData" FILE="../../../../../UnrealProjects/FirstPersonGames/ArenaShooter/Content/Maps/Office_BuiltData.uasset" SILENT=true
[2018.08.07-22.54.23:739][162]LogSavePackage: Save=180.84ms
[2018.08.07-22.54.23:739][162]LogSavePackage: Moving '../../../../../UnrealProjects/FirstPersonGames/ArenaShooter/Saved/Office_BuiltData8AF05D534D1A3EDAB87AD8B244715ACB.tmp' to '../../../../../UnrealProjects/FirstPersonGames/ArenaShooter/Content/Maps/Office_BuiltData.uasset'
[2018.08.07-22.54.23:741][162]LogSavePackage: Display: Finished SavePackage ../../../../../UnrealProjects/FirstPersonGames/ArenaShooter/Content/Maps/Office_BuiltData.uasset
[2018.08.07-22.54.24:633][259]LogUObjectGlobals: Destroyed PersistentFrame Addr=0x0000025f73d9e5c0, Size=72
