Log file open, 08/19/18 07:05:05
LogWindows: Failed to load 'aqProf.dll' (GetLastError=126)
LogWindows: File 'aqProf.dll' does not exist
LogWindows: Failed to load 'VtuneApi.dll' (GetLastError=126)
LogWindows: File 'VtuneApi.dll' does not exist
LogWindows: Failed to load 'VtuneApi32e.dll' (GetLastError=126)
LogWindows: File 'VtuneApi32e.dll' does not exist
LogInit: Display: Running engine for game: ArenaShooter
LogPlatformFile: Not using cached read wrapper
LogInit: Display: RandInit(-295273952) SRandInit(-295273952).
LogInit: Read version file with build ID '3944462'
LogInit: Overriding engine version to CL 4033788, compatible CL 3944462
LogInit: Registered custom module enumerator with build ID '3944462'
LogTaskGraph: Started task graph with 5 named threads and 14 total threads with 3 sets of task threads.
LogStats: Stats thread started at 0.187646
LogD3D11RHI: Aftermath initialized
LogICUInternationalization: Display: ICU TimeZone Detection - Raw Offset: +0:00, Platform Override: ''
LogModuleManager: Display: Found up-to-date module file ../../../Engine/Plugins/2D/Paper2D/Binaries/Win64/UE4Editor-Paper2D.dll (API version 3944462).
LogModuleManager: Display: Found up-to-date module file ../../../Engine/Plugins/2D/Paper2D/Binaries/Win64/UE4Editor-Paper2DEditor.dll (API version 3944462).
LogModuleManager: Display: Found up-to-date module file ../../../Engine/Plugins/2D/Paper2D/Binaries/Win64/UE4Editor-PaperSpriteSheetImporter.dll (API version 3944462).
LogModuleManager: Display: Found up-to-date module file ../../../Engine/Plugins/2D/Paper2D/Binaries/Win64/UE4Editor-PaperTiledImporter.dll (API version 3944462).
LogModuleManager: Display: Found up-to-date module file ../../../Engine/Plugins/2D/Paper2D/Binaries/Win64/UE4Editor-SmartSnapping.dll (API version 3944462).
LogModuleManager: Display: Found up-to-date module file ../../../Engine/Plugins/Blendables/LightPropagationVolume/Binaries/Win64/UE4Editor-LightPropagationVolumeRuntime.dll (API version 3944462).
LogModuleManager: Display: Found up-to-date module file ../../../Engine/Plugins/Blendables/LightPropagationVolume/Binaries/Win64/UE4Editor-LightPropagationVolumeEditor.dll (API version 3944462).
LogModuleManager: Display: Found up-to-date module file ../../../Engine/Plugins/Developer/CLionSourceCodeAccess/Binaries/Win64/UE4Editor-CLionSourceCodeAccess.dll (API version 3944462).
LogModuleManager: Display: Found up-to-date module file ../../../Engine/Plugins/Developer/GitSourceControl/Binaries/Win64/UE4Editor-GitSourceControl.dll (API version 3944462).
LogModuleManager: Display: Found up-to-date module file ../../../Engine/Plugins/Developer/PerforceSourceControl/Binaries/Win64/UE4Editor-PerforceSourceControl.dll (API version 3944462).
LogModuleManager: Display: Found up-to-date module file ../../../Engine/Plugins/Developer/SubversionSourceControl/Binaries/Win64/UE4Editor-SubversionSourceControl.dll (API version 3944462).
LogModuleManager: Display: Found up-to-date module file ../../../Engine/Plugins/Developer/UObjectPlugin/Binaries/Win64/UE4Editor-UObjectPlugin.dll (API version 3944462).
LogModuleManager: Display: Found up-to-date module file ../../../Engine/Plugins/Developer/VisualStudioCodeSourceCodeAccess/Binaries/Win64/UE4Editor-VisualStudioCodeSourceCodeAccess.dll (API version 3944462).
LogModuleManager: Display: Found up-to-date module file ../../../Engine/Plugins/Developer/VisualStudioSourceCodeAccess/Binaries/Win64/UE4Editor-VisualStudioSourceCodeAccess.dll (API version 3944462).
LogModuleManager: Display: Found up-to-date module file ../../../Engine/Plugins/Editor/AssetManagerEditor/Binaries/Win64/UE4Editor-AssetManagerEditor.dll (API version 3944462).
LogModuleManager: Display: Found up-to-date module file ../../../Engine/Plugins/Editor/CryptoKeys/Binaries/Win64/UE4Editor-CryptoKeys.dll (API version 3944462).
LogModuleManager: Display: Found up-to-date module file ../../../Engine/Plugins/Editor/CryptoKeys/Binaries/Win64/UE4Editor-CryptoKeysOpenSSL.dll (API version 3944462).
LogModuleManager: Display: Found up-to-date module file ../../../Engine/Plugins/Editor/DataValidation/Binaries/Win64/UE4Editor-DataValidation.dll (API version 3944462).
LogModuleManager: Display: Found up-to-date module file ../../../Engine/Plugins/Editor/FacialAnimation/Binaries/Win64/UE4Editor-FacialAnimation.dll (API version 3944462).
LogModuleManager: Display: Found up-to-date module file ../../../Engine/Plugins/Editor/FacialAnimation/Binaries/Win64/UE4Editor-FacialAnimationEditor.dll (API version 3944462).
LogModuleManager: Display: Found up-to-date module file ../../../Engine/Plugins/Editor/GameplayTagsEditor/Binaries/Win64/UE4Editor-GameplayTagsEditor.dll (API version 3944462).
LogModuleManager: Display: Found up-to-date module file ../../../Engine/Plugins/Editor/MobileLauncherProfileWizard/Binaries/Win64/UE4Editor-MobileLauncherProfileWizard.dll (API version 3944462).
LogModuleManager: Display: Found up-to-date module file ../../../Engine/Plugins/Editor/PluginBrowser/Binaries/Win64/UE4Editor-PluginBrowser.dll (API version 3944462).
LogModuleManager: Display: Found up-to-date module file ../../../Engine/Plugins/Editor/SpeedTreeImporter/Binaries/Win64/UE4Editor-SpeedTreeImporter.dll (API version 3944462).
LogModuleManager: Display: Found up-to-date module file ../../../Engine/Plugins/Enterprise/DatasmithContent/Binaries/Win64/UE4Editor-DatasmithContent.dll (API version 3944462).
LogModuleManager: Display: Found up-to-date module file ../../../Engine/Plugins/Experimental/AlembicImporter/Binaries/Win64/UE4Editor-AlembicImporter.dll (API version 3944462).
LogModuleManager: Display: Found up-to-date module file ../../../Engine/Plugins/Experimental/AlembicImporter/Binaries/Win64/UE4Editor-AlembicLibrary.dll (API version 3944462).
LogModuleManager: Display: Found up-to-date module file ../../../Engine/Plugins/Experimental/CharacterAI/Binaries/Win64/UE4Editor-CharacterAI.dll (API version 3944462).
LogModuleManager: Display: Found up-to-date module file ../../../Engine/Plugins/Experimental/HTML5Networking/Binaries/Win64/UE4Editor-HTML5Networking.dll (API version 3944462).
LogModuleManager: Display: Found up-to-date module file ../../../Engine/Plugins/Media/AndroidMedia/Binaries/Win64/UE4Editor-AndroidMediaEditor.dll (API version 3944462).
LogModuleManager: Display: Found up-to-date module file ../../../Engine/Plugins/Media/AndroidMedia/Binaries/Win64/UE4Editor-AndroidMediaFactory.dll (API version 3944462).
LogModuleManager: Display: Found up-to-date module file ../../../Engine/Plugins/Media/AvfMedia/Binaries/Win64/UE4Editor-AvfMediaEditor.dll (API version 3944462).
LogModuleManager: Display: Found up-to-date module file ../../../Engine/Plugins/Media/AvfMedia/Binaries/Win64/UE4Editor-AvfMediaFactory.dll (API version 3944462).
LogModuleManager: Display: Found up-to-date module file ../../../Engine/Plugins/Media/AvfMedia/Binaries/Win64/UE4Editor-AvfMediaFactory.dll (API version 3944462).
LogModuleManager: Display: Found up-to-date module file ../../../Engine/Plugins/Media/ImgMedia/Binaries/Win64/UE4Editor-ImgMedia.dll (API version 3944462).
LogModuleManager: Display: Found up-to-date module file ../../../Engine/Plugins/Media/ImgMedia/Binaries/Win64/UE4Editor-ImgMediaEditor.dll (API version 3944462).
LogModuleManager: Display: Found up-to-date module file ../../../Engine/Plugins/Media/ImgMedia/Binaries/Win64/UE4Editor-ImgMediaFactory.dll (API version 3944462).
LogModuleManager: Display: Found up-to-date module file ../../../Engine/Plugins/Media/ImgMedia/Binaries/Win64/UE4Editor-ImgMediaFactory.dll (API version 3944462).
LogModuleManager: Display: Found up-to-date module file ../../../Engine/Plugins/Media/ImgMedia/Binaries/Win64/UE4Editor-OpenExrWrapper.dll (API version 3944462).
LogModuleManager: Display: Found up-to-date module file ../../../Engine/Plugins/Media/LinearTimecode/Binaries/Win64/UE4Editor-LinearTimecode.dll (API version 3944462).
LogModuleManager: Display: Found up-to-date module file ../../../Engine/Plugins/Media/MediaCompositing/Binaries/Win64/UE4Editor-MediaCompositing.dll (API version 3944462).
LogModuleManager: Display: Found up-to-date module file ../../../Engine/Plugins/Media/MediaCompositing/Binaries/Win64/UE4Editor-MediaCompositingEditor.dll (API version 3944462).
LogModuleManager: Display: Found up-to-date module file ../../../Engine/Plugins/Media/MediaPlayerEditor/Binaries/Win64/UE4Editor-MediaPlayerEditor.dll (API version 3944462).
LogModuleManager: Display: Found up-to-date module file ../../../Engine/Plugins/Media/WmfMedia/Binaries/Win64/UE4Editor-WmfMedia.dll (API version 3944462).
LogModuleManager: Display: Found up-to-date module file ../../../Engine/Plugins/Media/WmfMedia/Binaries/Win64/UE4Editor-WmfMediaEditor.dll (API version 3944462).
LogModuleManager: Display: Found up-to-date module file ../../../Engine/Plugins/Media/WmfMedia/Binaries/Win64/UE4Editor-WmfMediaFactory.dll (API version 3944462).
LogModuleManager: Display: Found up-to-date module file ../../../Engine/Plugins/Media/WmfMedia/Binaries/Win64/UE4Editor-WmfMediaFactory.dll (API version 3944462).
LogModuleManager: Display: Found up-to-date module file ../../../Engine/Plugins/Messaging/TcpMessaging/Binaries/Win64/UE4Editor-TcpMessaging.dll (API version 3944462).
LogModuleManager: Display: Found up-to-date module file ../../../Engine/Plugins/Messaging/UdpMessaging/Binaries/Win64/UE4Editor-UdpMessaging.dll (API version 3944462).
LogModuleManager: Display: Found up-to-date module file ../../../Engine/Plugins/MovieScene/ActorSequence/Binaries/Win64/UE4Editor-ActorSequence.dll (API version 3944462).
LogModuleManager: Display: Found up-to-date module file ../../../Engine/Plugins/MovieScene/LevelSequenceEditor/Binaries/Win64/UE4Editor-LevelSequenceEditor.dll (API version 3944462).
LogModuleManager: Display: Found up-to-date module file ../../../Engine/Plugins/MovieScene/MatineeToLevelSequence/Binaries/Win64/UE4Editor-MatineeToLevelSequence.dll (API version 3944462).
LogModuleManager: Display: Found up-to-date module file ../../../Engine/Plugins/NetcodeUnitTest/NetcodeUnitTest/Binaries/Win64/UE4Editor-NetcodeUnitTest.dll (API version 3944462).
LogModuleManager: Display: Found up-to-date module file ../../../Engine/Plugins/NetcodeUnitTest/NUTUnrealEngine4/Binaries/Win64/UE4Editor-NUTUnrealEngine4.dll (API version 3944462).
LogModuleManager: Display: Found up-to-date module file ../../../Engine/Plugins/Online/OnlineSubsystem/Binaries/Win64/UE4Editor-OnlineSubsystem.dll (API version 3944462).
LogModuleManager: Display: Found up-to-date module file ../../../Engine/Plugins/Runtime/AndroidPermission/Binaries/Win64/UE4Editor-AndroidPermission.dll (API version 3944462).
LogModuleManager: Display: Found up-to-date module file ../../../Engine/Plugins/Online/OnlineSubsystemNull/Binaries/Win64/UE4Editor-OnlineSubsystemNull.dll (API version 3944462).
LogModuleManager: Display: Found up-to-date module file ../../../Engine/Plugins/Online/OnlineSubsystemUtils/Binaries/Win64/UE4Editor-OnlineSubsystemUtils.dll (API version 3944462).
LogModuleManager: Display: Found up-to-date module file ../../../Engine/Plugins/Online/OnlineSubsystemUtils/Binaries/Win64/UE4Editor-OnlineBlueprintSupport.dll (API version 3944462).
LogModuleManager: Display: Found up-to-date module file ../../../Engine/Plugins/Runtime/AndroidDeviceProfileSelector/Binaries/Win64/UE4Editor-AndroidDeviceProfileSelector.dll (API version 3944462).
LogModuleManager: Display: Found up-to-date module file ../../../Engine/Plugins/Runtime/AppleARKit/Binaries/Win64/UE4Editor-AppleARKit.dll (API version 3944462).
LogModuleManager: Display: Found up-to-date module file ../../../Engine/Plugins/Runtime/ProceduralMeshComponent/Binaries/Win64/UE4Editor-ProceduralMeshComponent.dll (API version 3944462).
LogModuleManager: Display: Found up-to-date module file ../../../Engine/Plugins/Runtime/ProceduralMeshComponent/Binaries/Win64/UE4Editor-ProceduralMeshComponentEditor.dll (API version 3944462).
LogModuleManager: Display: Found up-to-date module file ../../../Engine/Plugins/Animation/LiveLink/Binaries/Win64/UE4Editor-LiveLink.dll (API version 3944462).
LogModuleManager: Display: Found up-to-date module file ../../../Engine/Plugins/Animation/LiveLink/Binaries/Win64/UE4Editor-LiveLinkEditor.dll (API version 3944462).
LogModuleManager: Display: Found up-to-date module file ../../../Engine/Plugins/Runtime/ArchVisCharacter/Binaries/Win64/UE4Editor-ArchVisCharacter.dll (API version 3944462).
LogModuleManager: Display: Found up-to-date module file ../../../Engine/Plugins/Runtime/AudioCapture/Binaries/Win64/UE4Editor-AudioCapture.dll (API version 3944462).
LogModuleManager: Display: Found up-to-date module file ../../../Engine/Plugins/Runtime/AudioCapture/Binaries/Win64/UE4Editor-AudioCaptureEditor.dll (API version 3944462).
LogModuleManager: Display: Found up-to-date module file ../../../Engine/Plugins/Runtime/CableComponent/Binaries/Win64/UE4Editor-CableComponent.dll (API version 3944462).
LogModuleManager: Display: Found up-to-date module file ../../../Engine/Plugins/Runtime/CustomMeshComponent/Binaries/Win64/UE4Editor-CustomMeshComponent.dll (API version 3944462).
LogModuleManager: Display: Found up-to-date module file ../../../Engine/Plugins/Runtime/ExampleDeviceProfileSelector/Binaries/Win64/UE4Editor-ExampleDeviceProfileSelector.dll (API version 3944462).
LogModuleManager: Display: Found up-to-date module file ../../../Engine/Plugins/Runtime/ImmediatePhysics/Binaries/Win64/UE4Editor-ImmediatePhysics.dll (API version 3944462).
LogModuleManager: Display: Found up-to-date module file ../../../Engine/Plugins/Runtime/ImmediatePhysics/Binaries/Win64/UE4Editor-ImmediatePhysicsEditor.dll (API version 3944462).
LogModuleManager: Display: Found up-to-date module file ../../../Engine/Plugins/Runtime/LocationServicesBPLibrary/Binaries/Win64/UE4Editor-LocationServicesBPLibrary.dll (API version 3944462).
LogModuleManager: Display: Found up-to-date module file ../../../Engine/Plugins/Runtime/MobilePatchingUtils/Binaries/Win64/UE4Editor-MobilePatchingUtils.dll (API version 3944462).
LogModuleManager: Display: Found up-to-date module file ../../../Engine/Plugins/Runtime/Oculus/OculusVR/Binaries/Win64/UE4Editor-OculusHMD.dll (API version 3944462).
LogModuleManager: Display: Found up-to-date module file ../../../Engine/Plugins/Runtime/Oculus/OculusVR/Binaries/Win64/UE4Editor-OculusInput.dll (API version 3944462).
LogModuleManager: Display: Found up-to-date module file ../../../Engine/Plugins/Runtime/Oculus/OculusVR/Binaries/Win64/UE4Editor-OculusEditor.dll (API version 3944462).
LogModuleManager: Display: Found up-to-date module file ../../../Engine/Plugins/Runtime/PhysXVehicles/Binaries/Win64/UE4Editor-PhysXVehicles.dll (API version 3944462).
LogModuleManager: Display: Found up-to-date module file ../../../Engine/Plugins/Runtime/PhysXVehicles/Binaries/Win64/UE4Editor-PhysXVehiclesEditor.dll (API version 3944462).
LogModuleManager: Display: Found up-to-date module file ../../../Engine/Plugins/Runtime/RuntimePhysXCooking/Binaries/Win64/UE4Editor-RuntimePhysXCooking.dll (API version 3944462).
LogModuleManager: Display: Found up-to-date module file ../../../Engine/Plugins/Runtime/Steam/SteamVR/Binaries/Win64/UE4Editor-SteamVR.dll (API version 3944462).
LogModuleManager: Display: Found up-to-date module file ../../../Engine/Plugins/Runtime/Steam/SteamVR/Binaries/Win64/UE4Editor-SteamVRController.dll (API version 3944462).
LogModuleManager: Display: Found up-to-date module file ../../../Engine/Plugins/Runtime/WindowsMoviePlayer/Binaries/Win64/UE4Editor-WindowsMoviePlayer.dll (API version 3944462).
LogPluginManager: Mounting plugin Paper2D
LogPluginManager: Mounting plugin LiveLink
LogPluginManager: Mounting plugin LightPropagationVolume
LogPluginManager: Mounting plugin CLionSourceCodeAccess
LogPluginManager: Mounting plugin CodeLiteSourceCodeAccess
LogPluginManager: Mounting plugin GitSourceControl
LogPluginManager: Mounting plugin KDevelopSourceCodeAccess
LogPluginManager: Mounting plugin NullSourceCodeAccess
LogPluginManager: Mounting plugin PerforceSourceControl
LogPluginManager: Mounting plugin SubversionSourceControl
LogPluginManager: Mounting plugin UObjectPlugin
LogPluginManager: Mounting plugin VisualStudioCodeSourceCodeAccess
LogPluginManager: Mounting plugin VisualStudioSourceCodeAccess
LogPluginManager: Mounting plugin XCodeSourceCodeAccess
LogPluginManager: Mounting plugin AssetManagerEditor
LogPluginManager: Mounting plugin CryptoKeys
LogPluginManager: Mounting plugin DataValidation
LogPluginManager: Mounting plugin FacialAnimation
LogPluginManager: Mounting plugin GameplayTagsEditor
LogPluginManager: Mounting plugin MobileLauncherProfileWizard
LogPluginManager: Mounting plugin PluginBrowser
LogPluginManager: Mounting plugin SpeedTreeImporter
LogPluginManager: Mounting plugin DatasmithContent
LogPluginManager: Mounting plugin AlembicImporter
LogPluginManager: Mounting plugin CharacterAI
LogPluginManager: Mounting plugin HTML5Networking
LogPluginManager: Mounting plugin AndroidMedia
LogPluginManager: Mounting plugin AvfMedia
LogPluginManager: Mounting plugin ImgMedia
LogPluginManager: Mounting plugin LinearTimecode
LogPluginManager: Mounting plugin MediaCompositing
LogPluginManager: Mounting plugin MediaPlayerEditor
LogPluginManager: Mounting plugin WmfMedia
LogPluginManager: Mounting plugin TcpMessaging
LogPluginManager: Mounting plugin UdpMessaging
LogPluginManager: Mounting plugin ActorSequence
LogPluginManager: Mounting plugin LevelSequenceEditor
LogPluginManager: Mounting plugin MatineeToLevelSequence
LogPluginManager: Mounting plugin NetcodeUnitTest
LogPluginManager: Mounting plugin NUTUnrealEngine4
LogPluginManager: Mounting plugin OnlineSubsystemGooglePlay
LogPluginManager: Mounting plugin OnlineSubsystemIOS
LogPluginManager: Mounting plugin OnlineSubsystem
LogPluginManager: Mounting plugin OnlineSubsystemNull
LogPluginManager: Mounting plugin OnlineSubsystemUtils
LogPluginManager: Mounting plugin AndroidDeviceProfileSelector
LogPluginManager: Mounting plugin AndroidMoviePlayer
LogPluginManager: Mounting plugin AndroidPermission
LogPluginManager: Mounting plugin AppleARKit
LogPluginManager: Mounting plugin AppleMoviePlayer
LogPluginManager: Mounting plugin ArchVisCharacter
LogPluginManager: Mounting plugin AudioCapture
LogPluginManager: Mounting plugin CableComponent
LogPluginManager: Mounting plugin CustomMeshComponent
LogPluginManager: Mounting plugin ExampleDeviceProfileSelector
LogPluginManager: Mounting plugin GoogleCloudMessaging
LogPluginManager: Mounting plugin ImmediatePhysics
LogPluginManager: Mounting plugin IOSDeviceProfileSelector
LogPluginManager: Mounting plugin LinuxDeviceProfileSelector
LogPluginManager: Mounting plugin LocationServicesBPLibrary
LogPluginManager: Mounting plugin MobilePatchingUtils
LogPluginManager: Mounting plugin OculusVR
LogPluginManager: Plugin shader directory ../../../Engine/Plugins/Runtime/Oculus/OculusVR/Shaders found
LogPluginManager: Mapping shader source directory ../../../Engine/Plugins/Runtime/Oculus/OculusVR/Shaders to virtual directory /Plugin/OculusVR
LogPluginManager: Mounting plugin PhysXVehicles
LogPluginManager: Mounting plugin ProceduralMeshComponent
LogPluginManager: Mounting plugin RuntimePhysXCooking
LogPluginManager: Mounting plugin SteamVR
LogPluginManager: Mounting plugin WindowsMoviePlayer
LogStreaming: Display: Took  1.004s to configure plugins.
LogInit: Using libcurl 7.47.1
LogInit:  - built for x86_64-pc-win32
LogInit:  - supports SSL with OpenSSL/1.0.2g
LogInit:  - supports HTTP deflate (compression) using libz 1.2.8
LogInit:  - other features:
LogInit:      CURL_VERSION_SSL
LogInit:      CURL_VERSION_LIBZ
LogInit:      CURL_VERSION_IPV6
LogInit:      CURL_VERSION_ASYNCHDNS
LogInit:      CURL_VERSION_LARGEFILE
LogInit:      CURL_VERSION_IDN
LogInit:  CurlRequestOptions (configurable via config and command line):
LogInit:  - bVerifyPeer = false  - Libcurl will NOT verify peer certificate
LogInit:  - bUseHttpProxy = false  - Libcurl will NOT use HTTP proxy
LogInit:  - bDontReuseConnections = false  - Libcurl will reuse connections
LogInit:  - CertBundlePath = nullptr  - Libcurl will use whatever was configured at build time.
LogInit:  - MaxHostConnections = 16  - Libcurl will limit the number of connections to a host
LogInit:  - LocalHostAddr = Default
LogInit: WinSock: version 1.1 (2.2), MaxSocks=32767, MaxUdp=65467
LogInit: WinSock: I am BazMain (192.168.0.156:0)
LogInit: Build: ++UE4+Release-4.19-CL-4033788
LogInit: Engine Version: 4.19.2-4033788+++UE4+Release-4.19
LogInit: Compatible Engine Version: 4.19.0-3944462+++UE4+Release-4.19
LogInit: Net CL: 3944462
LogDevObjectVersion: Number of dev versions registered: 18
LogDevObjectVersion:   Dev-Blueprints (B0D832E4-1F89-4F0D-ACCF-7EB736FD4AA2): 10
LogDevObjectVersion:   Dev-Build (E1C64328-A22C-4D53-A36C-8E866417BD8C): 0
LogDevObjectVersion:   Dev-Core (375EC13C-06E4-48FB-B500-84F0262A717E): 2
LogDevObjectVersion:   Dev-Editor (E4B068ED-F494-42E9-A231-DA0B2E46BB41): 23
LogDevObjectVersion:   Dev-Framework (CFFC743F-43B0-4480-9391-14DF171D2073): 33
LogDevObjectVersion:   Dev-Mobile (B02B49B5-BB20-44E9-A304-32B752E40360): 2
LogDevObjectVersion:   Dev-Networking (A4E4105C-59A1-49B5-A7C5-40C4547EDFEE): 0
LogDevObjectVersion:   Dev-Online (39C831C9-5AE6-47DC-9A44-9C173E1C8E7C): 0
LogDevObjectVersion:   Dev-Physics (78F01B33-EBEA-4F98-B9B4-84EACCB95AA2): 0
LogDevObjectVersion:   Dev-Platform (6631380F-2D4D-43E0-8009-CF276956A95A): 0
LogDevObjectVersion:   Dev-Rendering (12F88B9F-8875-4AFC-A67C-D90C383ABD29): 25
LogDevObjectVersion:   Dev-Sequencer (7B5AE74C-D270-4C10-A958-57980B212A5A): 6
LogDevObjectVersion:   Dev-VR (D7296918-1DD6-4BDD-9DE2-64A83CC13884): 1
LogDevObjectVersion:   Dev-LoadTimes (C2A15278-BFE7-4AFE-6C17-90FF531DF755): 1
LogDevObjectVersion:   Private-Geometry (6EACA3D4-40EC-4CC1-B786-8BED09428FC5): 2
LogDevObjectVersion:   Dev-AnimPhys (29E575DD-E0A3-4627-9D10-D276232CDCEA): 16
LogDevObjectVersion:   Dev-ReflectionCapture (6B266CEC-1EC7-4B8F-A30B-E4D90942FC07): 1
LogDevObjectVersion:   Dev-Automation (0DF73D61-A23F-47EA-B727-89E90C41499A): 1
LogInit: Compiled (64-bit): Apr 27 2018 02:06:57
LogInit: Compiled with Visual C++: 19.00.24215.01
LogInit: Build Configuration: Development
LogInit: Branch Name: ++UE4+Release-4.19
LogInit: Command Line: 
LogInit: Base Directory: D:/Unreal Engine/UE_4.19/Engine/Binaries/Win64/
LogInit: Installed Engine Build: 1
LogStreaming: Display: Took  0.001s to delete old logs.
LogInit: Presizing for max 8388607 objects, including 0 objects not considered by GC, pre-allocating 0 bytes for permanent pool.
LogInit: Object subsystem initialized
[2018.08.19-06.05.06:421][  0]LogInit: Selected Device Profile: [Windows]
[2018.08.19-06.05.06:421][  0]LogInit: Applying CVar settings loaded from the selected device profile: [Windows]
[2018.08.19-06.05.06:431][  0]LogInit: Computer: BAZMAIN
[2018.08.19-06.05.06:431][  0]LogInit: User: BazK
[2018.08.19-06.05.06:431][  0]LogInit: CPU Page size=4096, Cores=4
[2018.08.19-06.05.06:431][  0]LogInit: High frequency timer resolution =2.648441 MHz
[2018.08.19-06.05.06:431][  0]LogMemory: Memory total: Physical=15.8GB (16GB approx)
[2018.08.19-06.05.06:431][  0]LogMemory: Platform Memory Stats for Windows
[2018.08.19-06.05.06:431][  0]LogMemory: Process Physical Memory: 275.77 MB used, 275.77 MB peak
[2018.08.19-06.05.06:431][  0]LogMemory: Process Virtual Memory: 265.08 MB used, 265.08 MB peak
[2018.08.19-06.05.06:431][  0]LogMemory: Physical Memory: 5037.13 MB used,  11161.60 MB free, 16198.73 MB total
[2018.08.19-06.05.06:431][  0]LogMemory: Virtual Memory: 4766.08 MB used,  11161.60 MB free, 134217728.00 MB total
[2018.08.19-06.05.06:460][  0]LogInit: Using OS detected language (en-US).
[2018.08.19-06.05.06:460][  0]LogInit: Using OS detected locale (en-GB).
[2018.08.19-06.05.06:463][  0]LogTextLocalizationManager: No specific localization for 'en-US' exists, so the 'en' localization will be used.
[2018.08.19-06.05.06:926][  0]LogStreaming: Display: Took  0.466s to EndInitTextLocalization.
[2018.08.19-06.05.06:926][  0]LogInit: Setting process to per monitor DPI aware
[2018.08.19-06.05.06:953][  0]LogSlate: New Slate User Created.  User Index 0, Is Virtual User: 0
[2018.08.19-06.05.06:953][  0]LogSlate: Slate User Registered.  User Index 0, Is Virtual User: 0
[2018.08.19-06.05.07:150][  0]LogD3D11RHI: D3D11 adapters:
[2018.08.19-06.05.07:186][  0]LogD3D11RHI:    0. 'NVIDIA GeForce GTX 960' (Feature Level 11_0)
[2018.08.19-06.05.07:186][  0]LogD3D11RHI:       2016/0/8099 MB DedicatedVideo/DedicatedSystem/SharedSystem, Outputs:2, VendorId:0x10de
[2018.08.19-06.05.07:188][  0]LogD3D11RHI:    1. 'Microsoft Basic Render Driver' (Feature Level 11_0)
[2018.08.19-06.05.07:188][  0]LogD3D11RHI:       0/0/8099 MB DedicatedVideo/DedicatedSystem/SharedSystem, Outputs:0, VendorId:0x1414
[2018.08.19-06.05.07:188][  0]LogD3D11RHI: Chosen D3D11 Adapter: 0
[2018.08.19-06.05.07:194][  0]LogD3D11RHI: Creating new Direct3DDevice
[2018.08.19-06.05.07:194][  0]LogD3D11RHI:     GPU DeviceId: 0x1401 (for the marketing name, search the web for "GPU Device Id")
[2018.08.19-06.05.07:194][  0]LogWindows: EnumDisplayDevices:
[2018.08.19-06.05.07:194][  0]LogWindows:    0. 'NVIDIA GeForce GTX 960' (P:1 D:1)
[2018.08.19-06.05.07:195][  0]LogWindows:    1. 'NVIDIA GeForce GTX 960' (P:0 D:1)
[2018.08.19-06.05.07:195][  0]LogWindows:    2. 'NVIDIA GeForce GTX 960' (P:0 D:0)
[2018.08.19-06.05.07:195][  0]LogWindows:    3. 'NVIDIA GeForce GTX 960' (P:0 D:0)
[2018.08.19-06.05.07:195][  0]LogWindows: DebugString: GetVideoDriverDetailsInvalid PrimaryIsNotTheChoosenAdapter GetVideoDriverDetailsInvalid PrimaryIsNotTheChoosenAdapter GetVideoDriverDetailsInvalid PrimaryIsNotTheChoosenAdapter GetVideoDriverDetailsInvalid PrimaryIsNotTheChoosenAdapter FoundDriverCount:0 
[2018.08.19-06.05.07:195][  0]LogD3D11RHI:     Adapter Name: NVIDIA GeForce GTX 960
[2018.08.19-06.05.07:195][  0]LogD3D11RHI:   Driver Version: Unknown (internal:Unknown, unified:Unknown)
[2018.08.19-06.05.07:195][  0]LogD3D11RHI:      Driver Date: Unknown
[2018.08.19-06.05.07:195][  0]LogRHI: Texture pool is 1411 MB (70% of 2016 MB)
[2018.08.19-06.05.07:216][  0]LogD3D11RHI: [Aftermath] Aftermath enabled but failed to initialize
[2018.08.19-06.05.07:216][  0]LogD3D11RHI: [Aftermath] Aftermath enabled and primed
[2018.08.19-06.05.07:216][  0]LogD3D11RHI: Async texture creation enabled
[2018.08.19-06.05.07:233][  0]LogD3D11RHI: GPU Timing Frequency: 1000.000000 (Debug: 2 2)
[2018.08.19-06.05.07:235][  0]LogShaderCompilers: Guid format shader working directory is -11 characters bigger than the processId version (../../../../../UnrealProjects/FirstPersonGames/ArenaShooter/Intermediate/Shaders/WorkingDirectory/72/).
[2018.08.19-06.05.07:235][  0]LogShaderCompilers: Cleaned the shader compiler working directory 'C:/Users/Baz_K/AppData/Local/Temp/UnrealShaderWorkingDir/8C69B6554BB26C71778B79B4CCBDF11F/'.
[2018.08.19-06.05.07:461][  0]LogTemp: Display: Loaded TP AllDesktopTargetPlatform
[2018.08.19-06.05.07:475][  0]LogTemp: Display: Loaded TP MacClientTargetPlatform
[2018.08.19-06.05.07:489][  0]LogTemp: Display: Loaded TP MacNoEditorTargetPlatform
[2018.08.19-06.05.07:503][  0]LogTemp: Display: Loaded TP MacServerTargetPlatform
[2018.08.19-06.05.07:517][  0]LogTemp: Display: Loaded TP MacTargetPlatform
[2018.08.19-06.05.07:531][  0]LogTemp: Display: Loaded TP WindowsClientTargetPlatform
[2018.08.19-06.05.07:546][  0]LogTemp: Display: Loaded TP WindowsNoEditorTargetPlatform
[2018.08.19-06.05.07:559][  0]LogTemp: Display: Loaded TP WindowsServerTargetPlatform
[2018.08.19-06.05.07:567][  0]LogTemp: Display: Loaded TP WindowsTargetPlatform
[2018.08.19-06.05.07:579][  0]LogTemp: Display: Loaded TP Android_ASTCTargetPlatform
[2018.08.19-06.05.07:592][  0]LogTemp: Display: Loaded TP Android_ATCTargetPlatform
[2018.08.19-06.05.07:606][  0]LogTemp: Display: Loaded TP Android_DXTTargetPlatform
[2018.08.19-06.05.07:618][  0]LogTemp: Display: Loaded TP Android_ETC1aTargetPlatform
[2018.08.19-06.05.07:631][  0]LogTemp: Display: Loaded TP Android_ETC1TargetPlatform
[2018.08.19-06.05.07:644][  0]LogTemp: Display: Loaded TP Android_ETC2TargetPlatform
[2018.08.19-06.05.07:669][  0]LogTemp: Display: Loaded TP Android_MultiTargetPlatform
[2018.08.19-06.05.07:669][  0]LogTemp: Display: Loaded TP Android_PVRTCTargetPlatform
[2018.08.19-06.05.07:682][  0]LogTemp: Display: Loaded TP AndroidTargetPlatform
[2018.08.19-06.05.07:684][  0]LogTemp: Display: Loaded TP HTML5TargetPlatform
[2018.08.19-06.05.07:721][  0]LogTemp: Display: Loaded TP IOSTargetPlatform
[2018.08.19-06.05.07:732][  0]LogTemp: Display: Loaded TP TVOSTargetPlatform
[2018.08.19-06.05.07:745][  0]LogTemp: Display: Loaded TP LinuxClientTargetPlatform
[2018.08.19-06.05.07:758][  0]LogTemp: Display: Loaded TP LinuxNoEditorTargetPlatform
[2018.08.19-06.05.07:770][  0]LogTemp: Display: Loaded TP LinuxServerTargetPlatform
[2018.08.19-06.05.07:783][  0]LogTemp: Display: Loaded TP LinuxTargetPlatform
[2018.08.19-06.05.07:783][  0]LogTargetPlatformManager: Display: Building Assets For Windows
[2018.08.19-06.05.07:893][  0]LogXGEController: Cleaning working directory: C:/Users/Baz_K/AppData/Local/Temp/UnrealXGEWorkingDir/
[2018.08.19-06.05.07:893][  0]LogXGEController: Cannot use XGE Controller as Incredibuild is not installed on this machine.
[2018.08.19-06.05.07:893][  0]LogShaderCompilers: Cannot use XGE Shader Compiler as Incredibuild is not installed on this machine.
[2018.08.19-06.05.07:893][  0]LogShaderCompilers: Display: Using Local Shader Compiler.
[2018.08.19-06.05.08:592][  0]LogDerivedDataCache: Display: Max Cache Size: 512 MB
[2018.08.19-06.05.08:663][  0]LogDerivedDataCache: Loaded boot cache 0.07s 74MB C:/Users/Baz_K/AppData/Local/UnrealEngine/4.19/DerivedDataCache/Boot.ddc.
[2018.08.19-06.05.08:663][  0]LogDerivedDataCache: Display: Loaded Boot cache: C:/Users/Baz_K/AppData/Local/UnrealEngine/4.19/DerivedDataCache/Boot.ddc
[2018.08.19-06.05.08:663][  0]LogDerivedDataCache: FDerivedDataBackendGraph:  Pak pak cache file ../../../../../UnrealProjects/FirstPersonGames/ArenaShooter/DerivedDataCache/DDC.ddp not found, will not use a pak cache.
[2018.08.19-06.05.08:663][  0]LogDerivedDataCache: Unable to find inner node Pak for hierarchical cache Hierarchy.
[2018.08.19-06.05.08:663][  0]LogDerivedDataCache: FDerivedDataBackendGraph:  CompressedPak pak cache file ../../../../../UnrealProjects/FirstPersonGames/ArenaShooter/DerivedDataCache/Compressed.ddp not found, will not use a pak cache.
[2018.08.19-06.05.08:663][  0]LogDerivedDataCache: Unable to find inner node CompressedPak for hierarchical cache Hierarchy.
[2018.08.19-06.05.08:681][  0]LogDerivedDataCache: Display: Pak cache opened for reading ../../../Engine/DerivedDataCache/Compressed.ddp.
[2018.08.19-06.05.08:694][  0]LogDerivedDataCache: Using Local data cache path C:/Users/Baz_K/AppData/Local/UnrealEngine/Common/DerivedDataCache: Writable
[2018.08.19-06.05.08:694][  0]LogDerivedDataCache: Shared data cache path not found in *engine.ini, will not use an Shared cache.
[2018.08.19-06.05.08:694][  0]LogDerivedDataCache: Unable to find inner node Shared for hierarchical cache Hierarchy.
[2018.08.19-06.05.08:706][  0]LogMaterial: Verifying Global Shaders for PCD3D_SM5
[2018.08.19-06.05.08:706][  0]LogSlate: Using Freetype 2.6.0
[2018.08.19-06.05.08:707][  0]LogSlate: SlateFontCache - WITH_FREETYPE: 1, WITH_HARFBUZZ: 1
[2018.08.19-06.05.08:707][  0]LogSlate: SlateFontCache - WITH_FREETYPE: 1, WITH_HARFBUZZ: 1
[2018.08.19-06.05.08:830][  0]LogAssetRegistry: FAssetRegistry took 0.0259 seconds to start up
[2018.08.19-06.05.09:142][  0]LogInit: Selected Device Profile: [Windows]
[2018.08.19-06.05.09:292][  0]LogSimplygon: Simplygon DLL not present - disabling.
[2018.08.19-06.05.09:295][  0]LogMeshReduction: Using SimplygonSwarm for distributed automatic mesh merging
[2018.08.19-06.05.09:295][  0]LogMeshReduction: Using QuadricMeshReduction for automatic static mesh reduction
[2018.08.19-06.05.09:295][  0]LogMeshReduction: No automatic skeletal mesh reduction module available
[2018.08.19-06.05.09:295][  0]LogMeshReduction: No automatic mesh merging module available
[2018.08.19-06.05.09:295][  0]LogMeshMerging: No automatic mesh merging module available
[2018.08.19-06.05.09:329][  0]LogNetVersion: ArenaShooter , NetCL: 3944462, EngineNetVer: 2, GameNetVer: 0 (Checksum: 2225152811)
[2018.08.19-06.05.09:794][  0]LogPackageLocalizationCache: Processed 9 localized package path(s) for 2 prioritized culture(s) in 0.077370 seconds
[2018.08.19-06.05.09:799][  0]LogUObjectArray: 36728 objects as part of root set at end of initial load.
[2018.08.19-06.05.09:799][  0]LogUObjectAllocator: 7314312 out of 0 bytes used by permanent object pool.
[2018.08.19-06.05.09:799][  0]LogUObjectArray: CloseDisregardForGC: 0/0 objects in disregard for GC pool
[2018.08.19-06.05.11:522][  0]LogTcpMessaging: Initializing TcpMessaging bridge
[2018.08.19-06.05.11:553][  0]LogUdpMessaging: Initializing bridge on interface 0.0.0.0:0 to multicast group 230.0.0.1:6666.
[2018.08.19-06.05.11:916][  0]SourceControl: Source control is disabled
[2018.08.19-06.05.11:916][  0]SourceControl: Source control is disabled
[2018.08.19-06.05.11:935][  0]SourceControl: Source control is disabled
[2018.08.19-06.05.11:953][  0]SourceControl: Source control is disabled
[2018.08.19-06.05.12:443][  0]LogAndroidPermission: UAndroidPermissionCallbackProxy::GetInstance
[2018.08.19-06.05.12:588][  0]LogOcInput: OculusInput pre-init called
[2018.08.19-06.05.12:695][  0]LogEngine: Initializing Engine...
[2018.08.19-06.05.12:697][  0]LogHMD: Failed to initialize OpenVR with code 110
[2018.08.19-06.05.12:698][  0]LogStats: UGameplayTagsManager::ConstructGameplayTagTree: Construct from data asset -  0.000 s
[2018.08.19-06.05.12:698][  0]LogStats: UGameplayTagsManager::ConstructGameplayTagTree: GameplayTagTreeChangedEvent.Broadcast -  0.000 s
[2018.08.19-06.05.12:948][  0]LogAIModule: Creating AISystem for world Untitled
[2018.08.19-06.05.12:955][  0]LogInit: XAudio2 using 'Speakers (Realtek High Definition Audio)' : 2 channels at 48 kHz using 32 bits per sample (channel mask 0x3)
[2018.08.19-06.05.12:996][  0]LogInit: FAudioDevice initialized.
[2018.08.19-06.05.13:077][  0]LogDerivedDataCache: Saved boot cache 0.08s 74MB C:/Users/Baz_K/AppData/Local/UnrealEngine/4.19/DerivedDataCache/Boot.ddc.
[2018.08.19-06.05.13:081][  0]LogInit: Texture streaming: Enabled
[2018.08.19-06.05.13:099][  0]LogEngineSessionManager: EngineSessionManager initialized
[2018.08.19-06.05.13:099][  0]LogEngineSessionManager: EngineSessionManager sent abnormal shutdown report. Type=Crashed, SessionId={9C3ABDA5-4876-AAB7-3927-8AAC65AFCA01}
[2018.08.19-06.05.13:112][  0]LogInit: Transaction tracking system initialized
[2018.08.19-06.05.13:136][  0]BlueprintLog: New page: Editor Load
[2018.08.19-06.05.13:209][  0]LocalizationService: Localization service is disabled
[2018.08.19-06.05.13:333][  0]LogConsoleResponse: Display: 
[2018.08.19-06.05.13:490][  0]LogCook: Display: Max memory allowance for cook 16384mb min free memory 0mb
[2018.08.19-06.05.13:490][  0]LogCook: Display: Mobile HDR setting 1
[2018.08.19-06.05.13:490][  0]LogGameplayTags: Display: UGameplayTagsManager::DoneAddingNativeTags. DelegateIsBound: 0
[2018.08.19-06.05.13:490][  0]LogStats: UGameplayTagsManager::ConstructGameplayTagTree: Construct from data asset -  0.000 s
[2018.08.19-06.05.13:490][  0]LogStats: UGameplayTagsManager::ConstructGameplayTagTree: GameplayTagTreeChangedEvent.Broadcast -  0.000 s
[2018.08.19-06.05.13:853][  0]LogFileCache: Scanning file cache for directory 'D:/UnrealProjects/FirstPersonGames/ArenaShooter/Content/' took 0.02s
[2018.08.19-06.05.13:853][  0]SourceControl: Source control is disabled
[2018.08.19-06.05.13:853][  0]Cmd: MAP LOAD FILE="../../../../../UnrealProjects/FirstPersonGames/ArenaShooter/Content/Maps/AngleGate.umap" TEMPLATE=0 SHOWPROGRESS=1 FEATURELEVEL=3
[2018.08.19-06.05.13:854][  0]LightingResults: New page: Lighting Build
[2018.08.19-06.05.13:856][  0]MapCheck: New page: Map Check
[2018.08.19-06.05.13:856][  0]LightingResults: New page: Lighting Build
[2018.08.19-06.05.13:903][  0]LogUObjectGlobals: Created PersistentFrame Addr=0x0000013f37941d00, Size=1152, Default__0_BasePlayer_C Function /Game/Blueprint/Characters/0_BasePlayer.0_BasePlayer_C:ExecuteUbergraph_0_BasePlayer
[2018.08.19-06.05.13:904][  0]LogUObjectGlobals: Created PersistentFrame Addr=0x0000013f38fba7f0, Size=112, Default__AI_Basic_C Function /Game/AI/AI_Basic.AI_Basic_C:ExecuteUbergraph_AI_Basic
[2018.08.19-06.05.13:913][  0]LogUObjectGlobals: Created PersistentFrame Addr=0x0000013f38a52140, Size=96, Default__FindRandomLocation_C Function /Game/AI/FindRandomLocation.FindRandomLocation_C:ExecuteUbergraph_FindRandomLocation
[2018.08.19-06.05.13:916][  0]LogUObjectGlobals: Created PersistentFrame Addr=0x0000013f1f7525c0, Size=204, Default__1_AIBase_C Function /Game/Blueprint/Characters/1_AIBase.1_AIBase_C:ExecuteUbergraph_1_AIBase
[2018.08.19-06.05.13:916][  0]LogUObjectGlobals: Created PersistentFrame Addr=0x0000013f3794d600, Size=1152, Default__1_AIBase_C Function /Game/Blueprint/Characters/0_BasePlayer.0_BasePlayer_C:ExecuteUbergraph_0_BasePlayer
[2018.08.19-06.05.13:930][  0]LogUObjectGlobals: Created PersistentFrame Addr=0x0000013f1f860d00, Size=728, Default__0_Projectile_C Function /Game/Blueprint/Projectiles/0_Projectile.0_Projectile_C:ExecuteUbergraph_0_Projectile
[2018.08.19-06.05.13:946][  0]LogUObjectGlobals: Created PersistentFrame Addr=0x0000013f38faca70, Size=12, Default__0_Weapon_C Function /Game/Blueprint/Weapons/0_Weapon.0_Weapon_C:ExecuteUbergraph_0_Weapon
[2018.08.19-06.05.13:962][  0]LogUObjectGlobals: Created PersistentFrame Addr=0x0000013f1f7108e0, Size=204, Default__1_AIBase_C Function /Game/Blueprint/Characters/1_AIBase.1_AIBase_C:ExecuteUbergraph_1_AIBase
[2018.08.19-06.05.13:963][  0]LogUObjectGlobals: Created PersistentFrame Addr=0x0000013f1f814800, Size=1152, Default__1_AIBase_C Function /Game/Blueprint/Characters/0_BasePlayer.0_BasePlayer_C:ExecuteUbergraph_0_BasePlayer
[2018.08.19-06.05.13:975][  0]LogUObjectGlobals: Created PersistentFrame Addr=0x0000013f1f9f16e0, Size=12, Default__1_BoltPistol_C Function /Game/Blueprint/Weapons/0_Weapon.0_Weapon_C:ExecuteUbergraph_0_Weapon
[2018.08.19-06.05.13:985][  0]LogUObjectGlobals: Created PersistentFrame Addr=0x0000013f39008100, Size=848, Default__1_PowerHammer_C Function /Game/Blueprint/Weapons/1_PowerHammer.1_PowerHammer_C:ExecuteUbergraph_1_PowerHammer
[2018.08.19-06.05.13:985][  0]LogUObjectGlobals: Created PersistentFrame Addr=0x0000013f1f9f1370, Size=12, Default__1_PowerHammer_C Function /Game/Blueprint/Weapons/0_Weapon.0_Weapon_C:ExecuteUbergraph_0_Weapon
[2018.08.19-06.05.14:000][  0]LogUObjectGlobals: Created PersistentFrame Addr=0x0000013f1fda0d60, Size=152, Default__ShotWhenInRange_C Function /Game/AI/ShotWhenInRange.ShotWhenInRange_C:ExecuteUbergraph_ShotWhenInRange
[2018.08.19-06.05.14:021][  0]LogUObjectGlobals: Destroyed PersistentFrame Addr=0x0000013f1f860d00, Size=728
[2018.08.19-06.05.14:021][  0]LogUObjectGlobals: Created PersistentFrame Addr=0x0000013f1fc37a00, Size=728, Default__0_Projectile_C Function /Engine/Transient.REINST_0_Projectile_C_4:ExecuteUbergraph_0_Projectile
[2018.08.19-06.05.14:022][  0]LogUObjectGlobals: Destroyed PersistentFrame Addr=0x0000013f38faca70, Size=12
[2018.08.19-06.05.14:022][  0]LogUObjectGlobals: Created PersistentFrame Addr=0x0000013f1fd3d1a0, Size=12, Default__0_Weapon_C Function /Engine/Transient.REINST_0_Weapon_C_5:ExecuteUbergraph_0_Weapon
[2018.08.19-06.05.14:022][  0]LogUObjectGlobals: Destroyed PersistentFrame Addr=0x0000013f1f9f16e0, Size=12
[2018.08.19-06.05.14:022][  0]LogUObjectGlobals: Created PersistentFrame Addr=0x0000013f1fd3d100, Size=12, Default__1_BoltPistol_C Function /Engine/Transient.REINST_0_Weapon_C_5:ExecuteUbergraph_0_Weapon
[2018.08.19-06.05.14:023][  0]LogUObjectGlobals: Destroyed PersistentFrame Addr=0x0000013f39008100, Size=848
[2018.08.19-06.05.14:023][  0]LogUObjectGlobals: Destroyed PersistentFrame Addr=0x0000013f1f9f1370, Size=12
[2018.08.19-06.05.14:023][  0]LogUObjectGlobals: Created PersistentFrame Addr=0x0000013f20a17200, Size=848, Default__1_PowerHammer_C Function /Engine/Transient.REINST_1_PowerHammer_C_8:ExecuteUbergraph_1_PowerHammer
[2018.08.19-06.05.14:023][  0]LogUObjectGlobals: Created PersistentFrame Addr=0x0000013f1fd3d170, Size=12, Default__1_PowerHammer_C Function /Engine/Transient.REINST_0_Weapon_C_5:ExecuteUbergraph_0_Weapon
[2018.08.19-06.05.14:024][  0]LogUObjectGlobals: Destroyed PersistentFrame Addr=0x0000013f37941d00, Size=1152
[2018.08.19-06.05.14:024][  0]LogUObjectGlobals: Created PersistentFrame Addr=0x0000013f20a1b200, Size=1152, Default__0_BasePlayer_C Function /Engine/Transient.REINST_0_BasePlayer_C_9:ExecuteUbergraph_0_BasePlayer
[2018.08.19-06.05.14:024][  0]LogUObjectGlobals: Destroyed PersistentFrame Addr=0x0000013f38fba7f0, Size=112
[2018.08.19-06.05.14:024][  0]LogUObjectGlobals: Created PersistentFrame Addr=0x0000013f393c8db0, Size=112, Default__AI_Basic_C Function /Engine/Transient.REINST_AI_Basic_C_10:ExecuteUbergraph_AI_Basic
[2018.08.19-06.05.14:024][  0]LogUObjectGlobals: Destroyed PersistentFrame Addr=0x0000013f38a52140, Size=96
[2018.08.19-06.05.14:024][  0]LogUObjectGlobals: Created PersistentFrame Addr=0x0000013f1f714760, Size=96, Default__FindRandomLocation_C Function /Engine/Transient.REINST_FindRandomLocation_C_11:ExecuteUbergraph_FindRandomLocation
[2018.08.19-06.05.14:024][  0]LogUObjectGlobals: Destroyed PersistentFrame Addr=0x0000013f1fda0d60, Size=152
[2018.08.19-06.05.14:024][  0]LogUObjectGlobals: Created PersistentFrame Addr=0x0000013f20a04360, Size=152, Default__ShotWhenInRange_C Function /Engine/Transient.REINST_ShotWhenInRange_C_12:ExecuteUbergraph_ShotWhenInRange
[2018.08.19-06.05.14:025][  0]LogUObjectGlobals: Destroyed PersistentFrame Addr=0x0000013f1f7108e0, Size=204
[2018.08.19-06.05.14:025][  0]LogUObjectGlobals: Destroyed PersistentFrame Addr=0x0000013f1f814800, Size=1152
[2018.08.19-06.05.14:025][  0]LogUObjectGlobals: Created PersistentFrame Addr=0x0000013f1fc25280, Size=204, Default__1_AIBase_C Function /Engine/Transient.REINST_1_AIBase_C_13:ExecuteUbergraph_1_AIBase
[2018.08.19-06.05.14:025][  0]LogUObjectGlobals: Created PersistentFrame Addr=0x0000013f209f7200, Size=1152, Default__1_AIBase_C Function /Engine/Transient.REINST_0_BasePlayer_C_9:ExecuteUbergraph_0_BasePlayer
[2018.08.19-06.05.14:062][  0]LogUObjectGlobals: Created PersistentFrame Addr=0x0000013f207e7100, Size=728, Default__0_Projectile_C Function /Game/Blueprint/Projectiles/0_Projectile.0_Projectile_C:ExecuteUbergraph_0_Projectile
[2018.08.19-06.05.14:066][  0]LogUObjectGlobals: Created PersistentFrame Addr=0x0000013f2088df60, Size=12, Default__0_Weapon_C Function /Game/Blueprint/Weapons/0_Weapon.0_Weapon_C:ExecuteUbergraph_0_Weapon
[2018.08.19-06.05.14:067][  0]LogUObjectGlobals: Created PersistentFrame Addr=0x0000013f2088df50, Size=12, Default__1_BoltPistol_C Function /Game/Blueprint/Weapons/0_Weapon.0_Weapon_C:ExecuteUbergraph_0_Weapon
[2018.08.19-06.05.14:068][  0]LogUObjectGlobals: Created PersistentFrame Addr=0x0000013f2078d980, Size=848, Default__1_PowerHammer_C Function /Game/Blueprint/Weapons/1_PowerHammer.1_PowerHammer_C:ExecuteUbergraph_1_PowerHammer
[2018.08.19-06.05.14:068][  0]LogUObjectGlobals: Created PersistentFrame Addr=0x0000013f2088dde0, Size=12, Default__1_PowerHammer_C Function /Game/Blueprint/Weapons/0_Weapon.0_Weapon_C:ExecuteUbergraph_0_Weapon
[2018.08.19-06.05.14:073][  0]LogUObjectGlobals: Created PersistentFrame Addr=0x0000013f20746b00, Size=1152, Default__0_BasePlayer_C Function /Game/Blueprint/Characters/0_BasePlayer.0_BasePlayer_C:ExecuteUbergraph_0_BasePlayer
[2018.08.19-06.05.14:075][  0]LogUObjectGlobals: Created PersistentFrame Addr=0x0000013f20703740, Size=112, Default__AI_Basic_C Function /Game/AI/AI_Basic.AI_Basic_C:ExecuteUbergraph_AI_Basic
[2018.08.19-06.05.14:076][  0]LogUObjectGlobals: Created PersistentFrame Addr=0x0000013f206eff40, Size=96, Default__FindRandomLocation_C Function /Game/AI/FindRandomLocation.FindRandomLocation_C:ExecuteUbergraph_FindRandomLocation
[2018.08.19-06.05.14:077][  0]LogUObjectGlobals: Created PersistentFrame Addr=0x0000013f207189a0, Size=152, Default__ShotWhenInRange_C Function /Game/AI/ShotWhenInRange.ShotWhenInRange_C:ExecuteUbergraph_ShotWhenInRange
[2018.08.19-06.05.14:078][  0]LogUObjectGlobals: Created PersistentFrame Addr=0x0000013f20860aa0, Size=204, Default__1_AIBase_C Function /Game/Blueprint/Characters/1_AIBase.1_AIBase_C:ExecuteUbergraph_1_AIBase
[2018.08.19-06.05.14:079][  0]LogUObjectGlobals: Created PersistentFrame Addr=0x0000013f206c9d00, Size=1152, Default__1_AIBase_C Function /Game/Blueprint/Characters/0_BasePlayer.0_BasePlayer_C:ExecuteUbergraph_0_BasePlayer
[2018.08.19-06.05.14:122][  0]LogUObjectGlobals: Created PersistentFrame Addr=0x0000013f1f80d120, Size=8, Default__DeadPlayerGrave_C Function /Game/Blueprint/Characters/DeadPlayerGrave.DeadPlayerGrave_C:ExecuteUbergraph_DeadPlayerGrave
[2018.08.19-06.05.14:125][  0]LogUObjectGlobals: Destroyed PersistentFrame Addr=0x0000013f1f80d120, Size=8
[2018.08.19-06.05.14:125][  0]LogUObjectGlobals: Created PersistentFrame Addr=0x0000013f1f80d120, Size=8, Default__DeadPlayerGrave_C Function /Engine/Transient.REINST_DeadPlayerGrave_C_27:ExecuteUbergraph_DeadPlayerGrave
[2018.08.19-06.05.14:127][  0]LogUObjectGlobals: Created PersistentFrame Addr=0x0000013f1f80f1d0, Size=8, Default__DeadPlayerGrave_C Function /Game/Blueprint/Characters/DeadPlayerGrave.DeadPlayerGrave_C:ExecuteUbergraph_DeadPlayerGrave
[2018.08.19-06.05.14:141][  0]LogUObjectGlobals: Created PersistentFrame Addr=0x0000013f206e2700, Size=256, Default__1_PlayerBase_C Function /Game/Blueprint/Characters/1_PlayerBase.1_PlayerBase_C:ExecuteUbergraph_1_PlayerBase
[2018.08.19-06.05.14:141][  0]LogUObjectGlobals: Created PersistentFrame Addr=0x0000013f2078b200, Size=1152, Default__1_PlayerBase_C Function /Game/Blueprint/Characters/0_BasePlayer.0_BasePlayer_C:ExecuteUbergraph_0_BasePlayer
[2018.08.19-06.05.14:143][  0]LogUObjectGlobals: Created PersistentFrame Addr=0x0000013f206dc700, Size=672, Default__InGameController_C Function /Game/Blueprint/InGameController.InGameController_C:ExecuteUbergraph_InGameController
[2018.08.19-06.05.14:164][  0]LogUObjectGlobals: Created PersistentFrame Addr=0x0000013f206b25c0, Size=112, Default__InGameMode_C Function /Game/Blueprint/InGameMode.InGameMode_C:ExecuteUbergraph_InGameMode
[2018.08.19-06.05.14:168][  0]LogUObjectGlobals: Created PersistentFrame Addr=0x0000013f2073f9a0, Size=32, Default__MyGameInstance_C Function /Game/Blueprint/MyGameInstance.MyGameInstance_C:ExecuteUbergraph_MyGameInstance
[2018.08.19-06.05.14:171][  0]LogUObjectGlobals: Created PersistentFrame Addr=0x0000013f20750b80, Size=288, Default__0_Item_C Function /Game/Blueprint/Items/0_Item.0_Item_C:ExecuteUbergraph_0_Item
[2018.08.19-06.05.14:182][  0]LogUObjectGlobals: Created PersistentFrame Addr=0x0000013f206b2be0, Size=104, Default__PickText_C Function /Game/UMG/PickText.PickText_C:ExecuteUbergraph_PickText
[2018.08.19-06.05.14:187][  0]LogUObjectGlobals: Created PersistentFrame Addr=0x0000013f20989300, Size=528, Default__0_PickUp_C Function /Game/Blueprint/Props/0_PickUp.0_PickUp_C:ExecuteUbergraph_0_PickUp
[2018.08.19-06.05.14:196][  0]LogUObjectGlobals: Created PersistentFrame Addr=0x0000013f206b1210, Size=112, Default__LevelUp_C Function /Game/UMG/LevelUp.LevelUp_C:ExecuteUbergraph_LevelUp
[2018.08.19-06.05.14:221][  0]LogUObjectGlobals: Created PersistentFrame Addr=0x0000013f207a5d00, Size=128, Default__ExperienceBar_C Function /Game/UMG/ExperienceBar.ExperienceBar_C:ExecuteUbergraph_ExperienceBar
[2018.08.19-06.05.14:227][  0]LogUObjectGlobals: Created PersistentFrame Addr=0x0000013f2014f380, Size=160, Default__SkillIcon_C Function /Game/UMG/SkillIcon.SkillIcon_C:ExecuteUbergraph_SkillIcon
[2018.08.19-06.05.14:232][  0]LogUObjectGlobals: Created PersistentFrame Addr=0x0000013f201a8640, Size=200, Default__HUD_C Function /Game/UMG/HUD.HUD_C:ExecuteUbergraph_HUD
[2018.08.19-06.05.14:243][  0]LogUObjectGlobals: Created PersistentFrame Addr=0x0000013f1fdf3100, Size=32, Default__RespawnScreen_C Function /Game/UMG/RespawnScreen.RespawnScreen_C:ExecuteUbergraph_RespawnScreen
[2018.08.19-06.05.14:287][  0]LogUObjectGlobals: Created PersistentFrame Addr=0x0000013f206faf00, Size=240, Default__1_Grenade_C Function /Game/Blueprint/Projectiles/1_Grenade.1_Grenade_C:ExecuteUbergraph_1_Grenade
[2018.08.19-06.05.14:287][  0]LogUObjectGlobals: Created PersistentFrame Addr=0x0000013f20092200, Size=728, Default__1_Grenade_C Function /Game/Blueprint/Projectiles/0_Projectile.0_Projectile_C:ExecuteUbergraph_0_Projectile
[2018.08.19-06.05.14:292][  0]LogUObjectGlobals: Created PersistentFrame Addr=0x0000013f20149e10, Size=12, Default__1_GrenadeThrow_C Function /Game/Blueprint/Weapons/0_Weapon.0_Weapon_C:ExecuteUbergraph_0_Weapon
[2018.08.19-06.05.14:313][  0]LogUObjectGlobals: Created PersistentFrame Addr=0x0000013f2002d900, Size=656, Default__1_Rocket_C Function /Game/Blueprint/Projectiles/1_Rocket.1_Rocket_C:ExecuteUbergraph_1_Rocket
[2018.08.19-06.05.14:313][  0]LogUObjectGlobals: Created PersistentFrame Addr=0x0000013f2002d600, Size=728, Default__1_Rocket_C Function /Game/Blueprint/Projectiles/0_Projectile.0_Projectile_C:ExecuteUbergraph_0_Projectile
[2018.08.19-06.05.14:321][  0]LogUObjectGlobals: Created PersistentFrame Addr=0x0000013f20148350, Size=12, Default__1_RocketLauncher_C Function /Game/Blueprint/Weapons/0_Weapon.0_Weapon_C:ExecuteUbergraph_0_Weapon
[2018.08.19-06.05.14:330][  0]LogUObjectGlobals: Created PersistentFrame Addr=0x0000013f2015abb0, Size=4, Default__0_Vehicle_C Function /Game/Blueprint/Characters/0_Vehicle.0_Vehicle_C:ExecuteUbergraph_0_Vehicle
[2018.08.19-06.05.14:338][  0]LogUObjectGlobals: Created PersistentFrame Addr=0x0000013f2015ab20, Size=4, Default__Anim_Stormtalon_C Function /Game/Blueprint/Characters/StormTalon/Anim_Stormtalon.Anim_Stormtalon_C:ExecuteUbergraph_Anim_Stormtalon
[2018.08.19-06.05.14:340][  0]LogUObjectGlobals: Created PersistentFrame Addr=0x0000013f20a97200, Size=784, Default__StormtalonAttack_C Function /Game/Blueprint/MapTools/StormtalonAttack.StormtalonAttack_C:ExecuteUbergraph_StormtalonAttack
[2018.08.19-06.05.14:342][  0]LogUObjectGlobals: Created PersistentFrame Addr=0x0000013f1fe91f00, Size=336, Default__1_Stormtalon_C Function /Game/Blueprint/Characters/StormTalon/1_Stormtalon.1_Stormtalon_C:ExecuteUbergraph_1_Stormtalon
[2018.08.19-06.05.14:342][  0]LogUObjectGlobals: Created PersistentFrame Addr=0x0000013f2015aab8, Size=4, Default__1_Stormtalon_C Function /Game/Blueprint/Characters/0_Vehicle.0_Vehicle_C:ExecuteUbergraph_0_Vehicle
[2018.08.19-06.05.14:382][  0]LogUObjectGlobals: Created PersistentFrame Addr=0x0000013f209f9540, Size=96, Default__1_TargetLocator_C Function /Game/Blueprint/Weapons/1_TargetLocator.1_TargetLocator_C:ExecuteUbergraph_1_TargetLocator
[2018.08.19-06.05.14:382][  0]LogUObjectGlobals: Created PersistentFrame Addr=0x0000013f23c9d160, Size=12, Default__1_TargetLocator_C Function /Game/Blueprint/Weapons/0_Weapon.0_Weapon_C:ExecuteUbergraph_0_Weapon
[2018.08.19-06.05.14:448][  0]LogUObjectGlobals: Destroyed PersistentFrame Addr=0x0000013f20750b80, Size=288
[2018.08.19-06.05.14:448][  0]LogUObjectGlobals: Created PersistentFrame Addr=0x0000013f2107b880, Size=288, Default__0_Item_C Function /Engine/Transient.REINST_0_Item_C_32:ExecuteUbergraph_0_Item
[2018.08.19-06.05.14:449][  0]LogUObjectGlobals: Destroyed PersistentFrame Addr=0x0000013f20989300, Size=528
[2018.08.19-06.05.14:449][  0]LogUObjectGlobals: Created PersistentFrame Addr=0x0000013f2106f880, Size=528, Default__0_PickUp_C Function /Engine/Transient.REINST_0_PickUp_C_33:ExecuteUbergraph_0_PickUp
[2018.08.19-06.05.14:449][  0]LogUObjectGlobals: Destroyed PersistentFrame Addr=0x0000013f2015ab20, Size=4
[2018.08.19-06.05.14:449][  0]LogUObjectGlobals: Created PersistentFrame Addr=0x0000013f21103ee8, Size=4, Default__Anim_Stormtalon_C Function /Engine/Transient.REINST_Anim_Stormtalon_C_0:ExecuteUbergraph_Anim_Stormtalon
[2018.08.19-06.05.14:450][  0]LogUObjectGlobals: Destroyed PersistentFrame Addr=0x0000013f2073f9a0, Size=32
[2018.08.19-06.05.14:450][  0]LogUObjectGlobals: Created PersistentFrame Addr=0x0000013f210e6260, Size=32, Default__MyGameInstance_C Function /Engine/Transient.REINST_MyGameInstance_C_35:ExecuteUbergraph_MyGameInstance
[2018.08.19-06.05.14:450][  0]LogUObjectGlobals: Destroyed PersistentFrame Addr=0x0000013f20a97200, Size=784
[2018.08.19-06.05.14:450][  0]LogUObjectGlobals: Created PersistentFrame Addr=0x0000013f2112b200, Size=784, Default__StormtalonAttack_C Function /Engine/Transient.REINST_StormtalonAttack_C_36:ExecuteUbergraph_StormtalonAttack
[2018.08.19-06.05.14:451][  0]LogUObjectGlobals: Destroyed PersistentFrame Addr=0x0000013f206faf00, Size=240
[2018.08.19-06.05.14:451][  0]LogUObjectGlobals: Destroyed PersistentFrame Addr=0x0000013f20092200, Size=728
[2018.08.19-06.05.14:451][  0]LogUObjectGlobals: Created PersistentFrame Addr=0x0000013f2074d800, Size=240, Default__1_Grenade_C Function /Engine/Transient.REINST_1_Grenade_C_37:ExecuteUbergraph_1_Grenade
[2018.08.19-06.05.14:451][  0]LogUObjectGlobals: Created PersistentFrame Addr=0x0000013f21137400, Size=728, Default__1_Grenade_C Function /Game/Blueprint/Projectiles/0_Projectile.0_Projectile_C:ExecuteUbergraph_0_Projectile
[2018.08.19-06.05.14:451][  0]LogUObjectGlobals: Destroyed PersistentFrame Addr=0x0000013f20149e10, Size=12
[2018.08.19-06.05.14:451][  0]LogUObjectGlobals: Created PersistentFrame Addr=0x0000013f2110fe80, Size=12, Default__1_GrenadeThrow_C Function /Game/Blueprint/Weapons/0_Weapon.0_Weapon_C:ExecuteUbergraph_0_Weapon
[2018.08.19-06.05.14:451][  0]LogUObjectGlobals: Destroyed PersistentFrame Addr=0x0000013f2002d900, Size=656
[2018.08.19-06.05.14:451][  0]LogUObjectGlobals: Destroyed PersistentFrame Addr=0x0000013f2002d600, Size=728
[2018.08.19-06.05.14:452][  0]LogUObjectGlobals: Created PersistentFrame Addr=0x0000013f21136800, Size=656, Default__1_Rocket_C Function /Engine/Transient.REINST_1_Rocket_C_39:ExecuteUbergraph_1_Rocket
[2018.08.19-06.05.14:452][  0]LogUObjectGlobals: Created PersistentFrame Addr=0x0000013f21136500, Size=728, Default__1_Rocket_C Function /Game/Blueprint/Projectiles/0_Projectile.0_Projectile_C:ExecuteUbergraph_0_Projectile
[2018.08.19-06.05.14:452][  0]LogUObjectGlobals: Destroyed PersistentFrame Addr=0x0000013f20148350, Size=12
[2018.08.19-06.05.14:452][  0]LogUObjectGlobals: Created PersistentFrame Addr=0x0000013f2110fe10, Size=12, Default__1_RocketLauncher_C Function /Game/Blueprint/Weapons/0_Weapon.0_Weapon_C:ExecuteUbergraph_0_Weapon
[2018.08.19-06.05.14:452][  0]LogUObjectGlobals: Destroyed PersistentFrame Addr=0x0000013f209f9540, Size=96
[2018.08.19-06.05.14:452][  0]LogUObjectGlobals: Destroyed PersistentFrame Addr=0x0000013f23c9d160, Size=12
[2018.08.19-06.05.14:452][  0]LogUObjectGlobals: Created PersistentFrame Addr=0x0000013f2088bbe0, Size=96, Default__1_TargetLocator_C Function /Engine/Transient.REINST_1_TargetLocator_C_41:ExecuteUbergraph_1_TargetLocator
[2018.08.19-06.05.14:452][  0]LogUObjectGlobals: Created PersistentFrame Addr=0x0000013f2110fd40, Size=12, Default__1_TargetLocator_C Function /Game/Blueprint/Weapons/0_Weapon.0_Weapon_C:ExecuteUbergraph_0_Weapon
[2018.08.19-06.05.14:452][  0]LogUObjectGlobals: Destroyed PersistentFrame Addr=0x0000013f2015abb0, Size=4
[2018.08.19-06.05.14:452][  0]LogUObjectGlobals: Created PersistentFrame Addr=0x0000013f21103ea0, Size=4, Default__0_Vehicle_C Function /Engine/Transient.REINST_0_Vehicle_C_42:ExecuteUbergraph_0_Vehicle
[2018.08.19-06.05.14:453][  0]LogUObjectGlobals: Destroyed PersistentFrame Addr=0x0000013f207a5d00, Size=128
[2018.08.19-06.05.14:453][  0]LogUObjectGlobals: Created PersistentFrame Addr=0x0000013f20f6d800, Size=128, Default__ExperienceBar_C Function /Engine/Transient.REINST_ExperienceBar_C_1:ExecuteUbergraph_ExperienceBar
[2018.08.19-06.05.14:453][  0]LogUObjectGlobals: Destroyed PersistentFrame Addr=0x0000013f201a8640, Size=200
[2018.08.19-06.05.14:453][  0]LogUObjectGlobals: Created PersistentFrame Addr=0x0000013f21121440, Size=200, Default__HUD_C Function /Engine/Transient.REINST_HUD_C_2:ExecuteUbergraph_HUD
[2018.08.19-06.05.14:454][  0]LogUObjectGlobals: Destroyed PersistentFrame Addr=0x0000013f206dc700, Size=672
[2018.08.19-06.05.14:454][  0]LogUObjectGlobals: Created PersistentFrame Addr=0x0000013f21134400, Size=672, Default__InGameController_C Function /Engine/Transient.REINST_InGameController_C_43:ExecuteUbergraph_InGameController
[2018.08.19-06.05.14:454][  0]LogUObjectGlobals: Destroyed PersistentFrame Addr=0x0000013f206b25c0, Size=112
[2018.08.19-06.05.14:454][  0]LogUObjectGlobals: Created PersistentFrame Addr=0x0000013f20728f00, Size=112, Default__InGameMode_C Function /Engine/Transient.REINST_InGameMode_C_44:ExecuteUbergraph_InGameMode
[2018.08.19-06.05.14:454][  0]LogUObjectGlobals: Destroyed PersistentFrame Addr=0x0000013f206b1210, Size=112
[2018.08.19-06.05.14:454][  0]LogUObjectGlobals: Created PersistentFrame Addr=0x0000013f20728e20, Size=112, Default__LevelUp_C Function /Engine/Transient.REINST_LevelUp_C_3:ExecuteUbergraph_LevelUp
[2018.08.19-06.05.14:455][  0]LogUObjectGlobals: Destroyed PersistentFrame Addr=0x0000013f206b2be0, Size=104
[2018.08.19-06.05.14:455][  0]LogUObjectGlobals: Created PersistentFrame Addr=0x0000013f20729210, Size=104, Default__PickText_C Function /Engine/Transient.REINST_PickText_C_4:ExecuteUbergraph_PickText
[2018.08.19-06.05.14:455][  0]LogUObjectGlobals: Destroyed PersistentFrame Addr=0x0000013f1fdf3100, Size=32
[2018.08.19-06.05.14:455][  0]LogUObjectGlobals: Created PersistentFrame Addr=0x0000013f210e5b80, Size=32, Default__RespawnScreen_C Function /Engine/Transient.REINST_RespawnScreen_C_5:ExecuteUbergraph_RespawnScreen
[2018.08.19-06.05.14:455][  0]LogUObjectGlobals: Destroyed PersistentFrame Addr=0x0000013f2014f380, Size=160
[2018.08.19-06.05.14:455][  0]LogUObjectGlobals: Created PersistentFrame Addr=0x0000013f21159a80, Size=160, Default__SkillIcon_C Function /Engine/Transient.REINST_SkillIcon_C_6:ExecuteUbergraph_SkillIcon
[2018.08.19-06.05.14:456][  0]LogUObjectGlobals: Destroyed PersistentFrame Addr=0x0000013f206e2700, Size=256
[2018.08.19-06.05.14:456][  0]LogUObjectGlobals: Destroyed PersistentFrame Addr=0x0000013f2078b200, Size=1152
[2018.08.19-06.05.14:457][  0]LogUObjectGlobals: Created PersistentFrame Addr=0x0000013f2074c200, Size=256, Default__1_PlayerBase_C Function /Engine/Transient.REINST_1_PlayerBase_C_45:ExecuteUbergraph_1_PlayerBase
[2018.08.19-06.05.14:457][  0]LogUObjectGlobals: Created PersistentFrame Addr=0x0000013f21173200, Size=1152, Default__1_PlayerBase_C Function /Game/Blueprint/Characters/0_BasePlayer.0_BasePlayer_C:ExecuteUbergraph_0_BasePlayer
[2018.08.19-06.05.14:457][  0]LogUObjectGlobals: Destroyed PersistentFrame Addr=0x0000013f1fe91f00, Size=336
[2018.08.19-06.05.14:457][  0]LogUObjectGlobals: Destroyed PersistentFrame Addr=0x0000013f2015aab8, Size=4
[2018.08.19-06.05.14:457][  0]LogUObjectGlobals: Created PersistentFrame Addr=0x0000013f21165900, Size=336, Default__1_Stormtalon_C Function /Engine/Transient.REINST_1_Stormtalon_C_46:ExecuteUbergraph_1_Stormtalon
[2018.08.19-06.05.14:457][  0]LogUObjectGlobals: Created PersistentFrame Addr=0x0000013f21103e70, Size=4, Default__1_Stormtalon_C Function /Engine/Transient.REINST_0_Vehicle_C_42:ExecuteUbergraph_0_Vehicle
[2018.08.19-06.05.14:551][  0]LogUObjectGlobals: Created PersistentFrame Addr=0x0000013f212f79c0, Size=288, Default__0_Item_C Function /Game/Blueprint/Items/0_Item.0_Item_C:ExecuteUbergraph_0_Item
[2018.08.19-06.05.14:554][  0]LogUObjectGlobals: Created PersistentFrame Addr=0x0000013f21263b00, Size=528, Default__0_PickUp_C Function /Game/Blueprint/Props/0_PickUp.0_PickUp_C:ExecuteUbergraph_0_PickUp
[2018.08.19-06.05.14:555][  0]LogUObjectGlobals: Created PersistentFrame Addr=0x0000013f21101058, Size=4, Default__Anim_Stormtalon_C Function /Game/Blueprint/Characters/StormTalon/Anim_Stormtalon.Anim_Stormtalon_C:ExecuteUbergraph_Anim_Stormtalon
[2018.08.19-06.05.14:556][  0]LogUObjectGlobals: Created PersistentFrame Addr=0x0000013f212862e0, Size=32, Default__MyGameInstance_C Function /Game/Blueprint/MyGameInstance.MyGameInstance_C:ExecuteUbergraph_MyGameInstance
[2018.08.19-06.05.14:559][  0]LogUObjectGlobals: Created PersistentFrame Addr=0x0000013f40222b00, Size=784, Default__StormtalonAttack_C Function /Game/Blueprint/MapTools/StormtalonAttack.StormtalonAttack_C:ExecuteUbergraph_StormtalonAttack
[2018.08.19-06.05.14:560][  0]LogUObjectGlobals: Created PersistentFrame Addr=0x0000013f401fca00, Size=240, Default__1_Grenade_C Function /Game/Blueprint/Projectiles/1_Grenade.1_Grenade_C:ExecuteUbergraph_1_Grenade
[2018.08.19-06.05.14:560][  0]LogUObjectGlobals: Created PersistentFrame Addr=0x0000013f21254a00, Size=728, Default__1_Grenade_C Function /Game/Blueprint/Projectiles/0_Projectile.0_Projectile_C:ExecuteUbergraph_0_Projectile
[2018.08.19-06.05.14:561][  0]LogUObjectGlobals: Created PersistentFrame Addr=0x0000013f212ea4e0, Size=12, Default__1_GrenadeThrow_C Function /Game/Blueprint/Weapons/0_Weapon.0_Weapon_C:ExecuteUbergraph_0_Weapon
[2018.08.19-06.05.14:563][  0]LogUObjectGlobals: Created PersistentFrame Addr=0x0000013f211c2500, Size=656, Default__1_Rocket_C Function /Game/Blueprint/Projectiles/1_Rocket.1_Rocket_C:ExecuteUbergraph_1_Rocket
[2018.08.19-06.05.14:563][  0]LogUObjectGlobals: Created PersistentFrame Addr=0x0000013f211c2800, Size=728, Default__1_Rocket_C Function /Game/Blueprint/Projectiles/0_Projectile.0_Projectile_C:ExecuteUbergraph_0_Projectile
[2018.08.19-06.05.14:563][  0]LogUObjectGlobals: Created PersistentFrame Addr=0x0000013f212ea0c0, Size=12, Default__1_RocketLauncher_C Function /Game/Blueprint/Weapons/0_Weapon.0_Weapon_C:ExecuteUbergraph_0_Weapon
[2018.08.19-06.05.14:564][  0]LogUObjectGlobals: Created PersistentFrame Addr=0x0000013f2125c5e0, Size=96, Default__1_TargetLocator_C Function /Game/Blueprint/Weapons/1_TargetLocator.1_TargetLocator_C:ExecuteUbergraph_1_TargetLocator
[2018.08.19-06.05.14:564][  0]LogUObjectGlobals: Created PersistentFrame Addr=0x0000013f212ea100, Size=12, Default__1_TargetLocator_C Function /Game/Blueprint/Weapons/0_Weapon.0_Weapon_C:ExecuteUbergraph_0_Weapon
[2018.08.19-06.05.14:565][  0]LogUObjectGlobals: Created PersistentFrame Addr=0x0000013f21100968, Size=4, Default__0_Vehicle_C Function /Game/Blueprint/Characters/0_Vehicle.0_Vehicle_C:ExecuteUbergraph_0_Vehicle
[2018.08.19-06.05.14:567][  0]LogUObjectGlobals: Created PersistentFrame Addr=0x0000013f21280180, Size=128, Default__ExperienceBar_C Function /Game/UMG/ExperienceBar.ExperienceBar_C:ExecuteUbergraph_ExperienceBar
[2018.08.19-06.05.14:569][  0]LogUObjectGlobals: Created PersistentFrame Addr=0x0000013f212baa20, Size=200, Default__HUD_C Function /Game/UMG/HUD.HUD_C:ExecuteUbergraph_HUD
[2018.08.19-06.05.14:574][  0]LogUObjectGlobals: Created PersistentFrame Addr=0x0000013f40171600, Size=672, Default__InGameController_C Function /Game/Blueprint/InGameController.InGameController_C:ExecuteUbergraph_InGameController
[2018.08.19-06.05.14:578][  0]LogUObjectGlobals: Created PersistentFrame Addr=0x0000013f400f0100, Size=112, Default__InGameMode_C Function /Game/Blueprint/InGameMode.InGameMode_C:ExecuteUbergraph_InGameMode
[2018.08.19-06.05.14:579][  0]LogUObjectGlobals: Created PersistentFrame Addr=0x0000013f400de860, Size=112, Default__LevelUp_C Function /Game/UMG/LevelUp.LevelUp_C:ExecuteUbergraph_LevelUp
[2018.08.19-06.05.14:580][  0]LogUObjectGlobals: Created PersistentFrame Addr=0x0000013f400b81e0, Size=104, Default__PickText_C Function /Game/UMG/PickText.PickText_C:ExecuteUbergraph_PickText
[2018.08.19-06.05.14:582][  0]LogUObjectGlobals: Created PersistentFrame Addr=0x0000013f400bf720, Size=32, Default__RespawnScreen_C Function /Game/UMG/RespawnScreen.RespawnScreen_C:ExecuteUbergraph_RespawnScreen
[2018.08.19-06.05.14:584][  0]LogUObjectGlobals: Created PersistentFrame Addr=0x0000013f400ed260, Size=160, Default__SkillIcon_C Function /Game/UMG/SkillIcon.SkillIcon_C:ExecuteUbergraph_SkillIcon
[2018.08.19-06.05.14:591][  0]LogUObjectGlobals: Created PersistentFrame Addr=0x0000013f40060a00, Size=256, Default__1_PlayerBase_C Function /Game/Blueprint/Characters/1_PlayerBase.1_PlayerBase_C:ExecuteUbergraph_1_PlayerBase
[2018.08.19-06.05.14:591][  0]LogUObjectGlobals: Created PersistentFrame Addr=0x0000013f40046b00, Size=1152, Default__1_PlayerBase_C Function /Game/Blueprint/Characters/0_BasePlayer.0_BasePlayer_C:ExecuteUbergraph_0_BasePlayer
[2018.08.19-06.05.14:597][  0]LogUObjectGlobals: Created PersistentFrame Addr=0x0000013f400c0a00, Size=336, Default__1_Stormtalon_C Function /Game/Blueprint/Characters/StormTalon/1_Stormtalon.1_Stormtalon_C:ExecuteUbergraph_1_Stormtalon
[2018.08.19-06.05.14:597][  0]LogUObjectGlobals: Created PersistentFrame Addr=0x0000013f400eb3a8, Size=4, Default__1_Stormtalon_C Function /Game/Blueprint/Characters/0_Vehicle.0_Vehicle_C:ExecuteUbergraph_0_Vehicle
[2018.08.19-06.05.14:667][  0]LogUObjectGlobals: Created PersistentFrame Addr=0x0000013f3fe11ba0, Size=48, Default__1_Button_C Function /Game/Blueprint/Props/1_Button.1_Button_C:ExecuteUbergraph_1_Button
[2018.08.19-06.05.14:667][  0]LogUObjectGlobals: Created PersistentFrame Addr=0x0000013f40008180, Size=528, Default__1_Button_C Function /Game/Blueprint/Props/0_PickUp.0_PickUp_C:ExecuteUbergraph_0_PickUp
[2018.08.19-06.05.14:669][  0]LogUObjectGlobals: Destroyed PersistentFrame Addr=0x0000013f3fe11ba0, Size=48
[2018.08.19-06.05.14:669][  0]LogUObjectGlobals: Destroyed PersistentFrame Addr=0x0000013f40008180, Size=528
[2018.08.19-06.05.14:669][  0]LogUObjectGlobals: Created PersistentFrame Addr=0x0000013f3fe11ba0, Size=48, Default__1_Button_C Function /Engine/Transient.REINST_1_Button_C_70:ExecuteUbergraph_1_Button
[2018.08.19-06.05.14:669][  0]LogUObjectGlobals: Created PersistentFrame Addr=0x0000013f2130ce00, Size=528, Default__1_Button_C Function /Game/Blueprint/Props/0_PickUp.0_PickUp_C:ExecuteUbergraph_0_PickUp
[2018.08.19-06.05.14:671][  0]LogUObjectGlobals: Created PersistentFrame Addr=0x0000013f3fe120b0, Size=48, Default__1_Button_C Function /Game/Blueprint/Props/1_Button.1_Button_C:ExecuteUbergraph_1_Button
[2018.08.19-06.05.14:671][  0]LogUObjectGlobals: Created PersistentFrame Addr=0x0000013f2130e200, Size=528, Default__1_Button_C Function /Game/Blueprint/Props/0_PickUp.0_PickUp_C:ExecuteUbergraph_0_PickUp
[2018.08.19-06.05.15:326][  0]LogSkeletalMesh: Skeletal Mesh found in DDC [0.999833ms] /Game/Models/StormTalon/StormtalonGunship.StormtalonGunship
[2018.08.19-06.05.15:540][  0]LogAIModule: Creating AISystem for world AngleGate
[2018.08.19-06.05.15:667][  0]LogEditorServer: Finished looking for orphan Actors (0.000 secs)
[2018.08.19-06.05.15:692][  0]LogUObjectGlobals: Destroyed PersistentFrame Addr=0x0000013f20a1b200, Size=1152
[2018.08.19-06.05.15:692][  0]LogUObjectGlobals: Destroyed PersistentFrame Addr=0x0000013f393c8db0, Size=112
[2018.08.19-06.05.15:692][  0]LogUObjectGlobals: Destroyed PersistentFrame Addr=0x0000013f1f714760, Size=96
[2018.08.19-06.05.15:692][  0]LogUObjectGlobals: Destroyed PersistentFrame Addr=0x0000013f1fc25280, Size=204
[2018.08.19-06.05.15:692][  0]LogUObjectGlobals: Destroyed PersistentFrame Addr=0x0000013f209f7200, Size=1152
[2018.08.19-06.05.15:692][  0]LogUObjectGlobals: Destroyed PersistentFrame Addr=0x0000013f1fc37a00, Size=728
[2018.08.19-06.05.15:692][  0]LogUObjectGlobals: Destroyed PersistentFrame Addr=0x0000013f1fd3d1a0, Size=12
[2018.08.19-06.05.15:692][  0]LogUObjectGlobals: Destroyed PersistentFrame Addr=0x0000013f1fd3d100, Size=12
[2018.08.19-06.05.15:692][  0]LogUObjectGlobals: Destroyed PersistentFrame Addr=0x0000013f20a17200, Size=848
[2018.08.19-06.05.15:692][  0]LogUObjectGlobals: Destroyed PersistentFrame Addr=0x0000013f1fd3d170, Size=12
[2018.08.19-06.05.15:692][  0]LogUObjectGlobals: Destroyed PersistentFrame Addr=0x0000013f20a04360, Size=152
[2018.08.19-06.05.15:692][  0]LogUObjectGlobals: Destroyed PersistentFrame Addr=0x0000013f1f80d120, Size=8
[2018.08.19-06.05.15:692][  0]LogUObjectGlobals: Destroyed PersistentFrame Addr=0x0000013f2074c200, Size=256
[2018.08.19-06.05.15:692][  0]LogUObjectGlobals: Destroyed PersistentFrame Addr=0x0000013f21173200, Size=1152
[2018.08.19-06.05.15:692][  0]LogUObjectGlobals: Destroyed PersistentFrame Addr=0x0000013f21134400, Size=672
[2018.08.19-06.05.15:692][  0]LogUObjectGlobals: Destroyed PersistentFrame Addr=0x0000013f20728f00, Size=112
[2018.08.19-06.05.15:692][  0]LogUObjectGlobals: Destroyed PersistentFrame Addr=0x0000013f210e6260, Size=32
[2018.08.19-06.05.15:692][  0]LogUObjectGlobals: Destroyed PersistentFrame Addr=0x0000013f2107b880, Size=288
[2018.08.19-06.05.15:692][  0]LogUObjectGlobals: Destroyed PersistentFrame Addr=0x0000013f20729210, Size=104
[2018.08.19-06.05.15:692][  0]LogUObjectGlobals: Destroyed PersistentFrame Addr=0x0000013f2106f880, Size=528
[2018.08.19-06.05.15:692][  0]LogUObjectGlobals: Destroyed PersistentFrame Addr=0x0000013f20728e20, Size=112
[2018.08.19-06.05.15:692][  0]LogUObjectGlobals: Destroyed PersistentFrame Addr=0x0000013f20f6d800, Size=128
[2018.08.19-06.05.15:692][  0]LogUObjectGlobals: Destroyed PersistentFrame Addr=0x0000013f21159a80, Size=160
[2018.08.19-06.05.15:692][  0]LogUObjectGlobals: Destroyed PersistentFrame Addr=0x0000013f21121440, Size=200
[2018.08.19-06.05.15:692][  0]LogUObjectGlobals: Destroyed PersistentFrame Addr=0x0000013f210e5b80, Size=32
[2018.08.19-06.05.15:692][  0]LogUObjectGlobals: Destroyed PersistentFrame Addr=0x0000013f2074d800, Size=240
[2018.08.19-06.05.15:693][  0]LogUObjectGlobals: Destroyed PersistentFrame Addr=0x0000013f21137400, Size=728
[2018.08.19-06.05.15:693][  0]LogUObjectGlobals: Destroyed PersistentFrame Addr=0x0000013f2110fe80, Size=12
[2018.08.19-06.05.15:693][  0]LogUObjectGlobals: Destroyed PersistentFrame Addr=0x0000013f21136800, Size=656
[2018.08.19-06.05.15:693][  0]LogUObjectGlobals: Destroyed PersistentFrame Addr=0x0000013f21136500, Size=728
[2018.08.19-06.05.15:693][  0]LogUObjectGlobals: Destroyed PersistentFrame Addr=0x0000013f2110fe10, Size=12
[2018.08.19-06.05.15:693][  0]LogUObjectGlobals: Destroyed PersistentFrame Addr=0x0000013f21103ea0, Size=4
[2018.08.19-06.05.15:693][  0]LogUObjectGlobals: Destroyed PersistentFrame Addr=0x0000013f21103ee8, Size=4
[2018.08.19-06.05.15:693][  0]LogUObjectGlobals: Destroyed PersistentFrame Addr=0x0000013f2112b200, Size=784
[2018.08.19-06.05.15:693][  0]LogUObjectGlobals: Destroyed PersistentFrame Addr=0x0000013f21165900, Size=336
[2018.08.19-06.05.15:693][  0]LogUObjectGlobals: Destroyed PersistentFrame Addr=0x0000013f21103e70, Size=4
[2018.08.19-06.05.15:693][  0]LogUObjectGlobals: Destroyed PersistentFrame Addr=0x0000013f2088bbe0, Size=96
[2018.08.19-06.05.15:693][  0]LogUObjectGlobals: Destroyed PersistentFrame Addr=0x0000013f2110fd40, Size=12
[2018.08.19-06.05.15:693][  0]LogUObjectGlobals: Destroyed PersistentFrame Addr=0x0000013f3fe11ba0, Size=48
[2018.08.19-06.05.15:693][  0]LogUObjectGlobals: Destroyed PersistentFrame Addr=0x0000013f2130ce00, Size=528
[2018.08.19-06.05.15:697][  0]Cmd: MAP CHECKDEP NOCLEARLOG
[2018.08.19-06.05.15:760][  0]MapCheck: Map check complete: 0 Error(s), 0 Warning(s), took 64.152ms to complete.
[2018.08.19-06.05.15:761][  0]LogFileHelpers: Loading map 'AngleGate' took 1.908
[2018.08.19-06.05.15:894][  0]LogCollectionManager: Loaded 0 collections in 0.001536 seconds
[2018.08.19-06.05.15:937][  0]LogFileCache: Scanning file cache for directory 'D:/UnrealProjects/FirstPersonGames/ArenaShooter/Saved/Collections/' took 0.01s
[2018.08.19-06.05.15:937][  0]LogFileCache: Scanning file cache for directory 'D:/UnrealProjects/FirstPersonGames/ArenaShooter/Content/Developers/BazK/Collections/' took 0.01s
[2018.08.19-06.05.15:937][  0]LogFileCache: Scanning file cache for directory 'D:/UnrealProjects/FirstPersonGames/ArenaShooter/Content/Collections/' took 0.01s
[2018.08.19-06.05.15:937][  0]LogCollectionManager: Rebuilt the GUID cache for 0 collections in 0.000000 seconds
[2018.08.19-06.05.15:946][  0]LogContentBrowser: Native class hierarchy populated in 0.0089 seconds. Added 2452 classes and 558 folders.
[2018.08.19-06.05.15:954][  0]LogContentBrowser: Native class hierarchy updated for 'WidgetCarousel' in 0.0002 seconds. Added 0 classes and 0 folders.
[2018.08.19-06.05.16:004][  0]LogContentBrowser: Native class hierarchy updated for 'AddContentDialog' in 0.0002 seconds. Added 0 classes and 0 folders.
[2018.08.19-06.05.16:010][  0]LogContentBrowser: Native class hierarchy updated for 'SceneOutliner' in 0.0002 seconds. Added 1 classes and 2 folders.
[2018.08.19-06.05.16:094][  0]LogSlate: Took 0.000155 seconds to synchronously load lazily loaded font '../../../Engine/Content/Slate/Fonts/Roboto-Regular.ttf' (155K)
[2018.08.19-06.05.16:096][  0]LogSlate: Took 0.000170 seconds to synchronously load lazily loaded font '../../../Engine/Content/Slate/Fonts/Roboto-Bold.ttf' (160K)
[2018.08.19-06.05.16:102][  0]LogSlate: Took 0.000159 seconds to synchronously load lazily loaded font '../../../Engine/Content/Editor/Slate/Fonts/FontAwesome.ttf' (139K)
[2018.08.19-06.05.16:205][  0]LogRenderer: Reallocating scene render targets to support 1232x592 Format 10 NumSamples 1 (Frame:1).
[2018.08.19-06.05.16:386][  0]LogContentBrowser: Native class hierarchy updated for 'HierarchicalLODOutliner' in 0.0002 seconds. Added 0 classes and 0 folders.
[2018.08.19-06.05.16:387][  0]LogLoad: (Engine Initialization) Total time: 12.16 seconds
[2018.08.19-06.05.16:387][  0]LogLoad: (Engine Initialization) Total Blueprint compile time: 0.00 seconds
[2018.08.19-06.05.16:457][  0]LogContentStreaming: Texture pool size now 1000 MB
[2018.08.19-06.05.16:569][  0]LogSlate: Took 0.000218 seconds to synchronously load lazily loaded font '../../../Engine/Content/Slate/Fonts/Roboto-Light.ttf' (167K)
[2018.08.19-06.05.16:607][  1]LogAssetRegistry: Asset discovery search completed in 7.7994 seconds
[2018.08.19-06.05.16:610][  1]LogCollectionManager: Rebuilt the object cache for 0 collections in 0.000000 seconds (found 0 objects)
[2018.08.19-06.05.16:610][  1]LogCollectionManager: Fixed up redirectors for 0 collections in 0.000084 seconds (updated 0 objects)
[2018.08.19-06.05.17:449][ 54]LogSlate: Took 0.000376 seconds to synchronously load lazily loaded font '../../../Engine/Content/Slate/Fonts/Roboto-Light.ttf' (167K)
[2018.08.19-06.05.22:957][504]LogSlate: FSceneViewport::OnFocusLost() reason 0
[2018.08.19-06.05.24:791][720]LogSlate: FSceneViewport::OnFocusLost() reason 0
[2018.08.19-06.05.27:959][ 58]LogSlate: FSceneViewport::OnFocusLost() reason 0
[2018.08.19-06.05.28:054][ 67]Cmd: OBJ SAVEPACKAGE PACKAGE="/Game/Maps/AngleGate" FILE="../../../../../UnrealProjects/FirstPersonGames/ArenaShooter/Content/Maps/AngleGate.umap" SILENT=true AUTOSAVING=false KEEPDIRTY=false
[2018.08.19-06.05.29:385][ 67]LogSavePackage: Save=1311.97ms
[2018.08.19-06.05.29:386][ 67]LogSavePackage: Moving '../../../../../UnrealProjects/FirstPersonGames/ArenaShooter/Saved/AngleGate69B7958F44A2254CA62677A3BDE991FA.tmp' to '../../../../../UnrealProjects/FirstPersonGames/ArenaShooter/Content/Maps/AngleGate.umap'
[2018.08.19-06.05.29:390][ 67]LogSavePackage: Display: Finished SavePackage ../../../../../UnrealProjects/FirstPersonGames/ArenaShooter/Content/Maps/AngleGate.umap
[2018.08.19-06.05.29:439][ 67]Cmd: OBJ SAVEPACKAGE PACKAGE="/Game/Maps/AngleGate_BuiltData" FILE="../../../../../UnrealProjects/FirstPersonGames/ArenaShooter/Content/Maps/AngleGate_BuiltData.uasset" SILENT=true
[2018.08.19-06.05.29:776][ 67]LogSavePackage: Save=332.37ms
[2018.08.19-06.05.29:776][ 67]LogSavePackage: Moving '../../../../../UnrealProjects/FirstPersonGames/ArenaShooter/Saved/AngleGate_BuiltData0CA5A21E4635EE11E46408A431B81F45.tmp' to '../../../../../UnrealProjects/FirstPersonGames/ArenaShooter/Content/Maps/AngleGate_BuiltData.uasset'
[2018.08.19-06.05.29:778][ 67]LogSavePackage: Display: Finished SavePackage ../../../../../UnrealProjects/FirstPersonGames/ArenaShooter/Content/Maps/AngleGate_BuiltData.uasset
[2018.08.19-06.05.35:955][724]LogContentBrowser: Native class hierarchy updated for 'BlueprintGraph' in 0.0006 seconds. Added 116 classes and 0 folders.
[2018.08.19-06.05.36:279][724]LogUObjectGlobals: Created PersistentFrame Addr=0x0000013f6ea70238, Size=4, Default__SKEL_PROTO_BP_AnimBlueprint_0_C Function /Engine/Transient.SKEL_PROTO_BP_AnimBlueprint_0_C:ExecuteUbergraph_PROTO_BP_AnimBlueprint_0
[2018.08.19-06.05.36:279][724]LogUObjectGlobals: Created PersistentFrame Addr=0x0000013f6ea70230, Size=4, Default__PROTO_BP_AnimBlueprint_0_C Function /Engine/Transient.PROTO_BP_AnimBlueprint_0_C:ExecuteUbergraph_PROTO_BP_AnimBlueprint_0
[2018.08.19-06.05.36:740][724]LogSlate: Took 0.000181 seconds to synchronously load lazily loaded font '../../../Engine/Content/Slate/Fonts/Roboto-BoldCondensed.ttf' (158K)
[2018.08.19-06.05.36:839][725]LogSlate: Took 0.000183 seconds to synchronously load lazily loaded font '../../../Engine/Content/Slate/Fonts/Roboto-Italic.ttf' (157K)
[2018.08.19-06.05.38:130][821]LogSlate: Window '0_Item' being destroyed
[2018.08.19-06.06.16:046][214]BlueprintLog: New page: Compile 0_Item
[2018.08.19-06.06.16:083][214]LogUObjectGlobals: Destroyed PersistentFrame Addr=0x0000013f212f79c0, Size=288
[2018.08.19-06.06.16:083][214]LogUObjectGlobals: Created PersistentFrame Addr=0x0000013f72a20a40, Size=288, Default__0_Item_C Function /Engine/Transient.REINST_0_Item_C_89:ExecuteUbergraph_0_Item
[2018.08.19-06.06.16:090][214]LogUObjectGlobals: Created PersistentFrame Addr=0x0000013f72a20cc0, Size=288, Default__0_Item_C Function /Game/Blueprint/Items/0_Item.0_Item_C:ExecuteUbergraph_0_Item
[2018.08.19-06.06.16:973][252]Cmd: OBJ SAVEPACKAGE PACKAGE="/Game/Blueprint/Items/0_Item" FILE="../../../../../UnrealProjects/FirstPersonGames/ArenaShooter/Content/Blueprint/Items/0_Item.uasset" SILENT=true
[2018.08.19-06.06.17:049][252]LogSavePackage: Save=70.20ms
[2018.08.19-06.06.17:049][252]LogSavePackage: Moving '../../../../../UnrealProjects/FirstPersonGames/ArenaShooter/Saved/0_ItemA14EDF9142F013930FE7EF9BB6E78947.tmp' to '../../../../../UnrealProjects/FirstPersonGames/ArenaShooter/Content/Blueprint/Items/0_Item.uasset'
[2018.08.19-06.06.17:053][252]LogSavePackage: Display: Finished SavePackage ../../../../../UnrealProjects/FirstPersonGames/ArenaShooter/Content/Blueprint/Items/0_Item.uasset
[2018.08.19-06.06.18:462][413]Cmd: OBJ SAVEPACKAGE PACKAGE="/Game/Maps/AngleGate" FILE="../../../../../UnrealProjects/FirstPersonGames/ArenaShooter/Content/Maps/AngleGate.umap" SILENT=true AUTOSAVING=false KEEPDIRTY=false
[2018.08.19-06.06.19:805][413]LogSavePackage: Save=1313.52ms
[2018.08.19-06.06.19:806][413]LogSavePackage: Moving '../../../../../UnrealProjects/FirstPersonGames/ArenaShooter/Saved/AngleGate0A59331E4E3D3B16271DFDA1E70E2038.tmp' to '../../../../../UnrealProjects/FirstPersonGames/ArenaShooter/Content/Maps/AngleGate.umap'
[2018.08.19-06.06.19:809][413]LogSavePackage: Display: Finished SavePackage ../../../../../UnrealProjects/FirstPersonGames/ArenaShooter/Content/Maps/AngleGate.umap
[2018.08.19-06.06.19:856][413]Cmd: OBJ SAVEPACKAGE PACKAGE="/Game/Maps/AngleGate_BuiltData" FILE="../../../../../UnrealProjects/FirstPersonGames/ArenaShooter/Content/Maps/AngleGate_BuiltData.uasset" SILENT=true
[2018.08.19-06.06.20:110][413]LogSavePackage: Save=248.83ms
[2018.08.19-06.06.20:110][413]LogSavePackage: Moving '../../../../../UnrealProjects/FirstPersonGames/ArenaShooter/Saved/AngleGate_BuiltData4F50D30D4EA1721D06C497A3262AA0D1.tmp' to '../../../../../UnrealProjects/FirstPersonGames/ArenaShooter/Content/Maps/AngleGate_BuiltData.uasset'
[2018.08.19-06.06.20:112][413]LogSavePackage: Display: Finished SavePackage ../../../../../UnrealProjects/FirstPersonGames/ArenaShooter/Content/Maps/AngleGate_BuiltData.uasset
[2018.08.19-06.06.20:671][475]LogUObjectGlobals: Destroyed PersistentFrame Addr=0x0000013f72a20a40, Size=288
[2018.08.19-06.06.22:068][635]LogTemp: Repeating last play command: Selected Viewport
[2018.08.19-06.06.22:100][635]LogPlayLevel: PlayLevel: No blueprints needed recompiling
[2018.08.19-06.06.22:100][635]PIE: New page: PIE session: AngleGate (19 Aug 2018 08:06:22)
[2018.08.19-06.06.22:100][635]LogPlayLevel: Creating play world package: /Game/Maps/UEDPIE_0_AngleGate
[2018.08.19-06.06.22:233][635]LogPlayLevel: PIE: StaticDuplicateObject took: (0.131849s)
[2018.08.19-06.06.22:233][635]LogAIModule: Creating AISystem for world AngleGate
[2018.08.19-06.06.22:234][635]LogPlayLevel: PIE: World Init took: (0.000776s)
[2018.08.19-06.06.22:234][635]LogPlayLevel: PIE: Created PIE world by copying editor world from /Game/Maps/AngleGate.AngleGate to /Game/Maps/UEDPIE_0_AngleGate.AngleGate (0.132979s)
[2018.08.19-06.06.22:258][635]LogBlueprintUserMessages: [MyGameInstance_C_0] Init: Loaded character list
[2018.08.19-06.06.22:261][635]LogInit: XAudio2 using 'Speakers (Realtek High Definition Audio)' : 2 channels at 48 kHz using 32 bits per sample (channel mask 0x3)
[2018.08.19-06.06.22:279][635]LogInit: FAudioDevice initialized.
[2018.08.19-06.06.22:326][635]LogLoad: Game class is 'InGameMode_C'
[2018.08.19-06.06.22:340][635]LogWorld: Bringing World /Game/Maps/UEDPIE_0_AngleGate.AngleGate up for play (max tick rate 0) at 2018.08.19-07.06.22
[2018.08.19-06.06.22:349][635]LogWorld: Bringing up level for play took: 0.021478
[2018.08.19-06.06.22:352][635]LogContentBrowser: Native class hierarchy updated for 'MovieSceneCapture' in 0.0003 seconds. Added 11 classes and 0 folders.
[2018.08.19-06.06.22:372][635]LogBlueprintUserMessages: [InGameController_C_0] Player loading disabled
[2018.08.19-06.06.22:372][635]LogBlueprintUserMessages: [InGameController_C_0] Error: Saving character list
[2018.08.19-06.06.22:380][635]PIE: Play in editor start time for /Game/Maps/UEDPIE_0_AngleGate 0.469
[2018.08.19-06.06.25:375][880]LogWindows: Error: === Critical error: ===
[2018.08.19-06.06.25:375][880]LogWindows: Error: 
[2018.08.19-06.06.25:375][880]LogWindows: Error: Fatal error!
[2018.08.19-06.06.25:375][880]LogWindows: Error: 
[2018.08.19-06.06.25:375][880]LogWindows: Error: Unhandled Exception: EXCEPTION_ACCESS_VIOLATION reading address 0x0000017b
[2018.08.19-06.06.25:375][880]LogWindows: Error: 
[2018.08.19-06.06.25:375][880]LogWindows: Error: [Callstack] 0x000000002B00AA86 UE4Editor-CoreUObject.dll!UnknownFunction []
[2018.08.19-06.06.25:375][880]LogWindows: Error: [Callstack] 0x000000002AFF11EE UE4Editor-CoreUObject.dll!UnknownFunction []
[2018.08.19-06.06.25:375][880]LogWindows: Error: [Callstack] 0x000000002B00AA82 UE4Editor-CoreUObject.dll!UnknownFunction []
[2018.08.19-06.06.25:375][880]LogWindows: Error: [Callstack] 0x000000002AFF11EE UE4Editor-CoreUObject.dll!UnknownFunction []
[2018.08.19-06.06.25:375][880]LogWindows: Error: [Callstack] 0x000000002B00AA82 UE4Editor-CoreUObject.dll!UnknownFunction []
[2018.08.19-06.06.25:375][880]LogWindows: Error: [Callstack] 0x000000002AE1E094 UE4Editor-CoreUObject.dll!UnknownFunction []
[2018.08.19-06.06.25:375][880]LogWindows: Error: [Callstack] 0x000000002B009D73 UE4Editor-CoreUObject.dll!UnknownFunction []
[2018.08.19-06.06.25:375][880]LogWindows: Error: [Callstack] 0x000000000699CCFB UE4Editor-Engine.dll!UnknownFunction []
[2018.08.19-06.06.25:375][880]LogWindows: Error: [Callstack] 0x0000000007C36B0A UE4Editor-Engine.dll!UnknownFunction []
[2018.08.19-06.06.25:375][880]LogWindows: Error: [Callstack] 0x00000000069BE3AC UE4Editor-Engine.dll!UnknownFunction []
[2018.08.19-06.06.25:375][880]LogWindows: Error: [Callstack] 0x00000000069BE9C7 UE4Editor-Engine.dll!UnknownFunction []
[2018.08.19-06.06.25:375][880]LogWindows: Error: [Callstack] 0x00000000069700E4 UE4Editor-Engine.dll!UnknownFunction []
[2018.08.19-06.06.25:375][880]LogWindows: Error: [Callstack] 0x0000000007A770BB UE4Editor-Engine.dll!UnknownFunction []
[2018.08.19-06.06.25:375][880]LogWindows: Error: [Callstack] 0x0000000007A7C793 UE4Editor-Engine.dll!UnknownFunction []
[2018.08.19-06.06.25:375][880]LogWindows: Error: [Callstack] 0x000000002B9EB713 UE4Editor-Core.dll!UnknownFunction []
[2018.08.19-06.06.25:375][880]LogWindows: Error: [Callstack] 0x000000002B9EBD3A UE4Editor-Core.dll!UnknownFunction []
[2018.08.19-06.06.25:375][880]LogWindows: Error: [Callstack] 0x000000002BA0ECFE UE4Editor-Core.dll!UnknownFunction []
[2018.08.19-06.06.25:375][880]LogWindows: Error: [Callstack] 0x0000000007A9D771 UE4Editor-Engine.dll!UnknownFunction []
[2018.08.19-06.06.25:375][880]LogWindows: Error: [Callstack] 0x0000000007AA3292 UE4Editor-Engine.dll!UnknownFunction []
[2018.08.19-06.06.25:375][880]LogWindows: Error: [Callstack] 0x00000000072FC304 UE4Editor-Engine.dll!UnknownFunction []
[2018.08.19-06.06.25:375][880]LogWindows: Error: [Callstack] 0x000000000730756B UE4Editor-Engine.dll!UnknownFunction []
[2018.08.19-06.06.25:375][880]LogWindows: Error: [Callstack] 0x00000000FBDCD781 UE4Editor-UnrealEd.dll!UnknownFunction []
[2018.08.19-06.06.25:375][880]LogWindows: Error: [Callstack] 0x00000000FC669626 UE4Editor-UnrealEd.dll!UnknownFunction []
[2018.08.19-06.06.25:375][880]LogWindows: Error: [Callstack] 0x000000002CDA5EAC UE4Editor.exe!UnknownFunction []
[2018.08.19-06.06.25:375][880]LogWindows: Error: [Callstack] 0x000000002CDB6BD0 UE4Editor.exe!UnknownFunction []
[2018.08.19-06.06.25:375][880]LogWindows: Error: [Callstack] 0x000000002CDB6C4A UE4Editor.exe!UnknownFunction []
[2018.08.19-06.06.25:375][880]LogWindows: Error: [Callstack] 0x000000002CDC4177 UE4Editor.exe!UnknownFunction []
[2018.08.19-06.06.25:375][880]LogWindows: Error: [Callstack] 0x000000002CDC5B87 UE4Editor.exe!UnknownFunction []
[2018.08.19-06.06.25:375][880]LogWindows: Error: [Callstack] 0x00000000563A3034 KERNEL32.DLL!UnknownFunction []
[2018.08.19-06.06.25:375][880]LogWindows: Error: [Callstack] 0x0000000056651431 ntdll.dll!UnknownFunction []
[2018.08.19-06.06.25:375][880]LogWindows: Error: [Callstack] 0x0000000056651431 ntdll.dll!UnknownFunction []
[2018.08.19-06.06.25:375][880]LogWindows: Error: 
[2018.08.19-06.06.25:389][880]LogExit: Executing StaticShutdownAfterError
[2018.08.19-06.06.25:393][880]LogWindows: FPlatformMisc::RequestExit(1)
[2018.08.19-06.06.25:393][880]Log file closed, 08/19/18 07:06:25
