Log file open, 08/19/18 07:06:31
LogWindows: Failed to load 'aqProf.dll' (GetLastError=126)
LogWindows: File 'aqProf.dll' does not exist
LogWindows: Failed to load 'VtuneApi.dll' (GetLastError=126)
LogWindows: File 'VtuneApi.dll' does not exist
LogWindows: Failed to load 'VtuneApi32e.dll' (GetLastError=126)
LogWindows: File 'VtuneApi32e.dll' does not exist
LogInit: Display: Running engine for game: ArenaShooter
LogPlatformFile: Not using cached read wrapper
LogInit: Display: RandInit(-66100985) SRandInit(-66100985).
LogInit: Read version file with build ID '3944462'
LogInit: Overriding engine version to CL 4033788, compatible CL 3944462
LogInit: Registered custom module enumerator with build ID '3944462'
LogTaskGraph: Started task graph with 5 named threads and 14 total threads with 3 sets of task threads.
LogStats: Stats thread started at 0.180104
LogD3D11RHI: Aftermath initialized
LogICUInternationalization: Display: ICU TimeZone Detection - Raw Offset: +0:00, Platform Override: ''
LogModuleManager: Display: Found up-to-date module file ../../../Engine/Plugins/2D/Paper2D/Binaries/Win64/UE4Editor-Paper2D.dll (API version 3944462).
LogModuleManager: Display: Found up-to-date module file ../../../Engine/Plugins/2D/Paper2D/Binaries/Win64/UE4Editor-Paper2DEditor.dll (API version 3944462).
LogModuleManager: Display: Found up-to-date module file ../../../Engine/Plugins/2D/Paper2D/Binaries/Win64/UE4Editor-PaperSpriteSheetImporter.dll (API version 3944462).
LogModuleManager: Display: Found up-to-date module file ../../../Engine/Plugins/2D/Paper2D/Binaries/Win64/UE4Editor-PaperTiledImporter.dll (API version 3944462).
LogModuleManager: Display: Found up-to-date module file ../../../Engine/Plugins/2D/Paper2D/Binaries/Win64/UE4Editor-SmartSnapping.dll (API version 3944462).
LogModuleManager: Display: Found up-to-date module file ../../../Engine/Plugins/Blendables/LightPropagationVolume/Binaries/Win64/UE4Editor-LightPropagationVolumeRuntime.dll (API version 3944462).
LogModuleManager: Display: Found up-to-date module file ../../../Engine/Plugins/Blendables/LightPropagationVolume/Binaries/Win64/UE4Editor-LightPropagationVolumeEditor.dll (API version 3944462).
LogModuleManager: Display: Found up-to-date module file ../../../Engine/Plugins/Developer/CLionSourceCodeAccess/Binaries/Win64/UE4Editor-CLionSourceCodeAccess.dll (API version 3944462).
LogModuleManager: Display: Found up-to-date module file ../../../Engine/Plugins/Developer/GitSourceControl/Binaries/Win64/UE4Editor-GitSourceControl.dll (API version 3944462).
LogModuleManager: Display: Found up-to-date module file ../../../Engine/Plugins/Developer/PerforceSourceControl/Binaries/Win64/UE4Editor-PerforceSourceControl.dll (API version 3944462).
LogModuleManager: Display: Found up-to-date module file ../../../Engine/Plugins/Developer/SubversionSourceControl/Binaries/Win64/UE4Editor-SubversionSourceControl.dll (API version 3944462).
LogModuleManager: Display: Found up-to-date module file ../../../Engine/Plugins/Developer/UObjectPlugin/Binaries/Win64/UE4Editor-UObjectPlugin.dll (API version 3944462).
LogModuleManager: Display: Found up-to-date module file ../../../Engine/Plugins/Developer/VisualStudioCodeSourceCodeAccess/Binaries/Win64/UE4Editor-VisualStudioCodeSourceCodeAccess.dll (API version 3944462).
LogModuleManager: Display: Found up-to-date module file ../../../Engine/Plugins/Developer/VisualStudioSourceCodeAccess/Binaries/Win64/UE4Editor-VisualStudioSourceCodeAccess.dll (API version 3944462).
LogModuleManager: Display: Found up-to-date module file ../../../Engine/Plugins/Editor/AssetManagerEditor/Binaries/Win64/UE4Editor-AssetManagerEditor.dll (API version 3944462).
LogModuleManager: Display: Found up-to-date module file ../../../Engine/Plugins/Editor/CryptoKeys/Binaries/Win64/UE4Editor-CryptoKeys.dll (API version 3944462).
LogModuleManager: Display: Found up-to-date module file ../../../Engine/Plugins/Editor/CryptoKeys/Binaries/Win64/UE4Editor-CryptoKeysOpenSSL.dll (API version 3944462).
LogModuleManager: Display: Found up-to-date module file ../../../Engine/Plugins/Editor/DataValidation/Binaries/Win64/UE4Editor-DataValidation.dll (API version 3944462).
LogModuleManager: Display: Found up-to-date module file ../../../Engine/Plugins/Editor/FacialAnimation/Binaries/Win64/UE4Editor-FacialAnimation.dll (API version 3944462).
LogModuleManager: Display: Found up-to-date module file ../../../Engine/Plugins/Editor/FacialAnimation/Binaries/Win64/UE4Editor-FacialAnimationEditor.dll (API version 3944462).
LogModuleManager: Display: Found up-to-date module file ../../../Engine/Plugins/Editor/GameplayTagsEditor/Binaries/Win64/UE4Editor-GameplayTagsEditor.dll (API version 3944462).
LogModuleManager: Display: Found up-to-date module file ../../../Engine/Plugins/Editor/MobileLauncherProfileWizard/Binaries/Win64/UE4Editor-MobileLauncherProfileWizard.dll (API version 3944462).
LogModuleManager: Display: Found up-to-date module file ../../../Engine/Plugins/Editor/PluginBrowser/Binaries/Win64/UE4Editor-PluginBrowser.dll (API version 3944462).
LogModuleManager: Display: Found up-to-date module file ../../../Engine/Plugins/Editor/SpeedTreeImporter/Binaries/Win64/UE4Editor-SpeedTreeImporter.dll (API version 3944462).
LogModuleManager: Display: Found up-to-date module file ../../../Engine/Plugins/Enterprise/DatasmithContent/Binaries/Win64/UE4Editor-DatasmithContent.dll (API version 3944462).
LogModuleManager: Display: Found up-to-date module file ../../../Engine/Plugins/Experimental/AlembicImporter/Binaries/Win64/UE4Editor-AlembicImporter.dll (API version 3944462).
LogModuleManager: Display: Found up-to-date module file ../../../Engine/Plugins/Experimental/AlembicImporter/Binaries/Win64/UE4Editor-AlembicLibrary.dll (API version 3944462).
LogModuleManager: Display: Found up-to-date module file ../../../Engine/Plugins/Experimental/CharacterAI/Binaries/Win64/UE4Editor-CharacterAI.dll (API version 3944462).
LogModuleManager: Display: Found up-to-date module file ../../../Engine/Plugins/Experimental/HTML5Networking/Binaries/Win64/UE4Editor-HTML5Networking.dll (API version 3944462).
LogModuleManager: Display: Found up-to-date module file ../../../Engine/Plugins/Media/AndroidMedia/Binaries/Win64/UE4Editor-AndroidMediaEditor.dll (API version 3944462).
LogModuleManager: Display: Found up-to-date module file ../../../Engine/Plugins/Media/AndroidMedia/Binaries/Win64/UE4Editor-AndroidMediaFactory.dll (API version 3944462).
LogModuleManager: Display: Found up-to-date module file ../../../Engine/Plugins/Media/AvfMedia/Binaries/Win64/UE4Editor-AvfMediaEditor.dll (API version 3944462).
LogModuleManager: Display: Found up-to-date module file ../../../Engine/Plugins/Media/AvfMedia/Binaries/Win64/UE4Editor-AvfMediaFactory.dll (API version 3944462).
LogModuleManager: Display: Found up-to-date module file ../../../Engine/Plugins/Media/AvfMedia/Binaries/Win64/UE4Editor-AvfMediaFactory.dll (API version 3944462).
LogModuleManager: Display: Found up-to-date module file ../../../Engine/Plugins/Media/ImgMedia/Binaries/Win64/UE4Editor-ImgMedia.dll (API version 3944462).
LogModuleManager: Display: Found up-to-date module file ../../../Engine/Plugins/Media/ImgMedia/Binaries/Win64/UE4Editor-ImgMediaEditor.dll (API version 3944462).
LogModuleManager: Display: Found up-to-date module file ../../../Engine/Plugins/Media/ImgMedia/Binaries/Win64/UE4Editor-ImgMediaFactory.dll (API version 3944462).
LogModuleManager: Display: Found up-to-date module file ../../../Engine/Plugins/Media/ImgMedia/Binaries/Win64/UE4Editor-ImgMediaFactory.dll (API version 3944462).
LogModuleManager: Display: Found up-to-date module file ../../../Engine/Plugins/Media/ImgMedia/Binaries/Win64/UE4Editor-OpenExrWrapper.dll (API version 3944462).
LogModuleManager: Display: Found up-to-date module file ../../../Engine/Plugins/Media/LinearTimecode/Binaries/Win64/UE4Editor-LinearTimecode.dll (API version 3944462).
LogModuleManager: Display: Found up-to-date module file ../../../Engine/Plugins/Media/MediaCompositing/Binaries/Win64/UE4Editor-MediaCompositing.dll (API version 3944462).
LogModuleManager: Display: Found up-to-date module file ../../../Engine/Plugins/Media/MediaCompositing/Binaries/Win64/UE4Editor-MediaCompositingEditor.dll (API version 3944462).
LogModuleManager: Display: Found up-to-date module file ../../../Engine/Plugins/Media/MediaPlayerEditor/Binaries/Win64/UE4Editor-MediaPlayerEditor.dll (API version 3944462).
LogModuleManager: Display: Found up-to-date module file ../../../Engine/Plugins/Media/WmfMedia/Binaries/Win64/UE4Editor-WmfMedia.dll (API version 3944462).
LogModuleManager: Display: Found up-to-date module file ../../../Engine/Plugins/Media/WmfMedia/Binaries/Win64/UE4Editor-WmfMediaEditor.dll (API version 3944462).
LogModuleManager: Display: Found up-to-date module file ../../../Engine/Plugins/Media/WmfMedia/Binaries/Win64/UE4Editor-WmfMediaFactory.dll (API version 3944462).
LogModuleManager: Display: Found up-to-date module file ../../../Engine/Plugins/Media/WmfMedia/Binaries/Win64/UE4Editor-WmfMediaFactory.dll (API version 3944462).
LogModuleManager: Display: Found up-to-date module file ../../../Engine/Plugins/Messaging/TcpMessaging/Binaries/Win64/UE4Editor-TcpMessaging.dll (API version 3944462).
LogModuleManager: Display: Found up-to-date module file ../../../Engine/Plugins/Messaging/UdpMessaging/Binaries/Win64/UE4Editor-UdpMessaging.dll (API version 3944462).
LogModuleManager: Display: Found up-to-date module file ../../../Engine/Plugins/MovieScene/ActorSequence/Binaries/Win64/UE4Editor-ActorSequence.dll (API version 3944462).
LogModuleManager: Display: Found up-to-date module file ../../../Engine/Plugins/MovieScene/LevelSequenceEditor/Binaries/Win64/UE4Editor-LevelSequenceEditor.dll (API version 3944462).
LogModuleManager: Display: Found up-to-date module file ../../../Engine/Plugins/MovieScene/MatineeToLevelSequence/Binaries/Win64/UE4Editor-MatineeToLevelSequence.dll (API version 3944462).
LogModuleManager: Display: Found up-to-date module file ../../../Engine/Plugins/NetcodeUnitTest/NetcodeUnitTest/Binaries/Win64/UE4Editor-NetcodeUnitTest.dll (API version 3944462).
LogModuleManager: Display: Found up-to-date module file ../../../Engine/Plugins/NetcodeUnitTest/NUTUnrealEngine4/Binaries/Win64/UE4Editor-NUTUnrealEngine4.dll (API version 3944462).
LogModuleManager: Display: Found up-to-date module file ../../../Engine/Plugins/Online/OnlineSubsystem/Binaries/Win64/UE4Editor-OnlineSubsystem.dll (API version 3944462).
LogModuleManager: Display: Found up-to-date module file ../../../Engine/Plugins/Runtime/AndroidPermission/Binaries/Win64/UE4Editor-AndroidPermission.dll (API version 3944462).
LogModuleManager: Display: Found up-to-date module file ../../../Engine/Plugins/Online/OnlineSubsystemNull/Binaries/Win64/UE4Editor-OnlineSubsystemNull.dll (API version 3944462).
LogModuleManager: Display: Found up-to-date module file ../../../Engine/Plugins/Online/OnlineSubsystemUtils/Binaries/Win64/UE4Editor-OnlineSubsystemUtils.dll (API version 3944462).
LogModuleManager: Display: Found up-to-date module file ../../../Engine/Plugins/Online/OnlineSubsystemUtils/Binaries/Win64/UE4Editor-OnlineBlueprintSupport.dll (API version 3944462).
LogModuleManager: Display: Found up-to-date module file ../../../Engine/Plugins/Runtime/AndroidDeviceProfileSelector/Binaries/Win64/UE4Editor-AndroidDeviceProfileSelector.dll (API version 3944462).
LogModuleManager: Display: Found up-to-date module file ../../../Engine/Plugins/Runtime/AppleARKit/Binaries/Win64/UE4Editor-AppleARKit.dll (API version 3944462).
LogModuleManager: Display: Found up-to-date module file ../../../Engine/Plugins/Runtime/ProceduralMeshComponent/Binaries/Win64/UE4Editor-ProceduralMeshComponent.dll (API version 3944462).
LogModuleManager: Display: Found up-to-date module file ../../../Engine/Plugins/Runtime/ProceduralMeshComponent/Binaries/Win64/UE4Editor-ProceduralMeshComponentEditor.dll (API version 3944462).
LogModuleManager: Display: Found up-to-date module file ../../../Engine/Plugins/Animation/LiveLink/Binaries/Win64/UE4Editor-LiveLink.dll (API version 3944462).
LogModuleManager: Display: Found up-to-date module file ../../../Engine/Plugins/Animation/LiveLink/Binaries/Win64/UE4Editor-LiveLinkEditor.dll (API version 3944462).
LogModuleManager: Display: Found up-to-date module file ../../../Engine/Plugins/Runtime/ArchVisCharacter/Binaries/Win64/UE4Editor-ArchVisCharacter.dll (API version 3944462).
LogModuleManager: Display: Found up-to-date module file ../../../Engine/Plugins/Runtime/AudioCapture/Binaries/Win64/UE4Editor-AudioCapture.dll (API version 3944462).
LogModuleManager: Display: Found up-to-date module file ../../../Engine/Plugins/Runtime/AudioCapture/Binaries/Win64/UE4Editor-AudioCaptureEditor.dll (API version 3944462).
LogModuleManager: Display: Found up-to-date module file ../../../Engine/Plugins/Runtime/CableComponent/Binaries/Win64/UE4Editor-CableComponent.dll (API version 3944462).
LogModuleManager: Display: Found up-to-date module file ../../../Engine/Plugins/Runtime/CustomMeshComponent/Binaries/Win64/UE4Editor-CustomMeshComponent.dll (API version 3944462).
LogModuleManager: Display: Found up-to-date module file ../../../Engine/Plugins/Runtime/ExampleDeviceProfileSelector/Binaries/Win64/UE4Editor-ExampleDeviceProfileSelector.dll (API version 3944462).
LogModuleManager: Display: Found up-to-date module file ../../../Engine/Plugins/Runtime/ImmediatePhysics/Binaries/Win64/UE4Editor-ImmediatePhysics.dll (API version 3944462).
LogModuleManager: Display: Found up-to-date module file ../../../Engine/Plugins/Runtime/ImmediatePhysics/Binaries/Win64/UE4Editor-ImmediatePhysicsEditor.dll (API version 3944462).
LogModuleManager: Display: Found up-to-date module file ../../../Engine/Plugins/Runtime/LocationServicesBPLibrary/Binaries/Win64/UE4Editor-LocationServicesBPLibrary.dll (API version 3944462).
LogModuleManager: Display: Found up-to-date module file ../../../Engine/Plugins/Runtime/MobilePatchingUtils/Binaries/Win64/UE4Editor-MobilePatchingUtils.dll (API version 3944462).
LogModuleManager: Display: Found up-to-date module file ../../../Engine/Plugins/Runtime/Oculus/OculusVR/Binaries/Win64/UE4Editor-OculusHMD.dll (API version 3944462).
LogModuleManager: Display: Found up-to-date module file ../../../Engine/Plugins/Runtime/Oculus/OculusVR/Binaries/Win64/UE4Editor-OculusInput.dll (API version 3944462).
LogModuleManager: Display: Found up-to-date module file ../../../Engine/Plugins/Runtime/Oculus/OculusVR/Binaries/Win64/UE4Editor-OculusEditor.dll (API version 3944462).
LogModuleManager: Display: Found up-to-date module file ../../../Engine/Plugins/Runtime/PhysXVehicles/Binaries/Win64/UE4Editor-PhysXVehicles.dll (API version 3944462).
LogModuleManager: Display: Found up-to-date module file ../../../Engine/Plugins/Runtime/PhysXVehicles/Binaries/Win64/UE4Editor-PhysXVehiclesEditor.dll (API version 3944462).
LogModuleManager: Display: Found up-to-date module file ../../../Engine/Plugins/Runtime/RuntimePhysXCooking/Binaries/Win64/UE4Editor-RuntimePhysXCooking.dll (API version 3944462).
LogModuleManager: Display: Found up-to-date module file ../../../Engine/Plugins/Runtime/Steam/SteamVR/Binaries/Win64/UE4Editor-SteamVR.dll (API version 3944462).
LogModuleManager: Display: Found up-to-date module file ../../../Engine/Plugins/Runtime/Steam/SteamVR/Binaries/Win64/UE4Editor-SteamVRController.dll (API version 3944462).
LogModuleManager: Display: Found up-to-date module file ../../../Engine/Plugins/Runtime/WindowsMoviePlayer/Binaries/Win64/UE4Editor-WindowsMoviePlayer.dll (API version 3944462).
LogPluginManager: Mounting plugin Paper2D
LogPluginManager: Mounting plugin LiveLink
LogPluginManager: Mounting plugin LightPropagationVolume
LogPluginManager: Mounting plugin CLionSourceCodeAccess
LogPluginManager: Mounting plugin CodeLiteSourceCodeAccess
LogPluginManager: Mounting plugin GitSourceControl
LogPluginManager: Mounting plugin KDevelopSourceCodeAccess
LogPluginManager: Mounting plugin NullSourceCodeAccess
LogPluginManager: Mounting plugin PerforceSourceControl
LogPluginManager: Mounting plugin SubversionSourceControl
LogPluginManager: Mounting plugin UObjectPlugin
LogPluginManager: Mounting plugin VisualStudioCodeSourceCodeAccess
LogPluginManager: Mounting plugin VisualStudioSourceCodeAccess
LogPluginManager: Mounting plugin XCodeSourceCodeAccess
LogPluginManager: Mounting plugin AssetManagerEditor
LogPluginManager: Mounting plugin CryptoKeys
LogPluginManager: Mounting plugin DataValidation
LogPluginManager: Mounting plugin FacialAnimation
LogPluginManager: Mounting plugin GameplayTagsEditor
LogPluginManager: Mounting plugin MobileLauncherProfileWizard
LogPluginManager: Mounting plugin PluginBrowser
LogPluginManager: Mounting plugin SpeedTreeImporter
LogPluginManager: Mounting plugin DatasmithContent
LogPluginManager: Mounting plugin AlembicImporter
LogPluginManager: Mounting plugin CharacterAI
LogPluginManager: Mounting plugin HTML5Networking
LogPluginManager: Mounting plugin AndroidMedia
LogPluginManager: Mounting plugin AvfMedia
LogPluginManager: Mounting plugin ImgMedia
LogPluginManager: Mounting plugin LinearTimecode
LogPluginManager: Mounting plugin MediaCompositing
LogPluginManager: Mounting plugin MediaPlayerEditor
LogPluginManager: Mounting plugin WmfMedia
LogPluginManager: Mounting plugin TcpMessaging
LogPluginManager: Mounting plugin UdpMessaging
LogPluginManager: Mounting plugin ActorSequence
LogPluginManager: Mounting plugin LevelSequenceEditor
LogPluginManager: Mounting plugin MatineeToLevelSequence
LogPluginManager: Mounting plugin NetcodeUnitTest
LogPluginManager: Mounting plugin NUTUnrealEngine4
LogPluginManager: Mounting plugin OnlineSubsystemGooglePlay
LogPluginManager: Mounting plugin OnlineSubsystemIOS
LogPluginManager: Mounting plugin OnlineSubsystem
LogPluginManager: Mounting plugin OnlineSubsystemNull
LogPluginManager: Mounting plugin OnlineSubsystemUtils
LogPluginManager: Mounting plugin AndroidDeviceProfileSelector
LogPluginManager: Mounting plugin AndroidMoviePlayer
LogPluginManager: Mounting plugin AndroidPermission
LogPluginManager: Mounting plugin AppleARKit
LogPluginManager: Mounting plugin AppleMoviePlayer
LogPluginManager: Mounting plugin ArchVisCharacter
LogPluginManager: Mounting plugin AudioCapture
LogPluginManager: Mounting plugin CableComponent
LogPluginManager: Mounting plugin CustomMeshComponent
LogPluginManager: Mounting plugin ExampleDeviceProfileSelector
LogPluginManager: Mounting plugin GoogleCloudMessaging
LogPluginManager: Mounting plugin ImmediatePhysics
LogPluginManager: Mounting plugin IOSDeviceProfileSelector
LogPluginManager: Mounting plugin LinuxDeviceProfileSelector
LogPluginManager: Mounting plugin LocationServicesBPLibrary
LogPluginManager: Mounting plugin MobilePatchingUtils
LogPluginManager: Mounting plugin OculusVR
LogPluginManager: Plugin shader directory ../../../Engine/Plugins/Runtime/Oculus/OculusVR/Shaders found
LogPluginManager: Mapping shader source directory ../../../Engine/Plugins/Runtime/Oculus/OculusVR/Shaders to virtual directory /Plugin/OculusVR
LogPluginManager: Mounting plugin PhysXVehicles
LogPluginManager: Mounting plugin ProceduralMeshComponent
LogPluginManager: Mounting plugin RuntimePhysXCooking
LogPluginManager: Mounting plugin SteamVR
LogPluginManager: Mounting plugin WindowsMoviePlayer
LogStreaming: Display: Took  0.996s to configure plugins.
LogInit: Using libcurl 7.47.1
LogInit:  - built for x86_64-pc-win32
LogInit:  - supports SSL with OpenSSL/1.0.2g
LogInit:  - supports HTTP deflate (compression) using libz 1.2.8
LogInit:  - other features:
LogInit:      CURL_VERSION_SSL
LogInit:      CURL_VERSION_LIBZ
LogInit:      CURL_VERSION_IPV6
LogInit:      CURL_VERSION_ASYNCHDNS
LogInit:      CURL_VERSION_LARGEFILE
LogInit:      CURL_VERSION_IDN
LogInit:  CurlRequestOptions (configurable via config and command line):
LogInit:  - bVerifyPeer = false  - Libcurl will NOT verify peer certificate
LogInit:  - bUseHttpProxy = false  - Libcurl will NOT use HTTP proxy
LogInit:  - bDontReuseConnections = false  - Libcurl will reuse connections
LogInit:  - CertBundlePath = nullptr  - Libcurl will use whatever was configured at build time.
LogInit:  - MaxHostConnections = 16  - Libcurl will limit the number of connections to a host
LogInit:  - LocalHostAddr = Default
LogInit: WinSock: version 1.1 (2.2), MaxSocks=32767, MaxUdp=65467
LogInit: WinSock: I am BazMain (192.168.0.156:0)
LogInit: Build: ++UE4+Release-4.19-CL-4033788
LogInit: Engine Version: 4.19.2-4033788+++UE4+Release-4.19
LogInit: Compatible Engine Version: 4.19.0-3944462+++UE4+Release-4.19
LogInit: Net CL: 3944462
LogDevObjectVersion: Number of dev versions registered: 18
LogDevObjectVersion:   Dev-Blueprints (B0D832E4-1F89-4F0D-ACCF-7EB736FD4AA2): 10
LogDevObjectVersion:   Dev-Build (E1C64328-A22C-4D53-A36C-8E866417BD8C): 0
LogDevObjectVersion:   Dev-Core (375EC13C-06E4-48FB-B500-84F0262A717E): 2
LogDevObjectVersion:   Dev-Editor (E4B068ED-F494-42E9-A231-DA0B2E46BB41): 23
LogDevObjectVersion:   Dev-Framework (CFFC743F-43B0-4480-9391-14DF171D2073): 33
LogDevObjectVersion:   Dev-Mobile (B02B49B5-BB20-44E9-A304-32B752E40360): 2
LogDevObjectVersion:   Dev-Networking (A4E4105C-59A1-49B5-A7C5-40C4547EDFEE): 0
LogDevObjectVersion:   Dev-Online (39C831C9-5AE6-47DC-9A44-9C173E1C8E7C): 0
LogDevObjectVersion:   Dev-Physics (78F01B33-EBEA-4F98-B9B4-84EACCB95AA2): 0
LogDevObjectVersion:   Dev-Platform (6631380F-2D4D-43E0-8009-CF276956A95A): 0
LogDevObjectVersion:   Dev-Rendering (12F88B9F-8875-4AFC-A67C-D90C383ABD29): 25
LogDevObjectVersion:   Dev-Sequencer (7B5AE74C-D270-4C10-A958-57980B212A5A): 6
LogDevObjectVersion:   Dev-VR (D7296918-1DD6-4BDD-9DE2-64A83CC13884): 1
LogDevObjectVersion:   Dev-LoadTimes (C2A15278-BFE7-4AFE-6C17-90FF531DF755): 1
LogDevObjectVersion:   Private-Geometry (6EACA3D4-40EC-4CC1-B786-8BED09428FC5): 2
LogDevObjectVersion:   Dev-AnimPhys (29E575DD-E0A3-4627-9D10-D276232CDCEA): 16
LogDevObjectVersion:   Dev-ReflectionCapture (6B266CEC-1EC7-4B8F-A30B-E4D90942FC07): 1
LogDevObjectVersion:   Dev-Automation (0DF73D61-A23F-47EA-B727-89E90C41499A): 1
LogInit: Compiled (64-bit): Apr 27 2018 02:06:57
LogInit: Compiled with Visual C++: 19.00.24215.01
LogInit: Build Configuration: Development
LogInit: Branch Name: ++UE4+Release-4.19
LogInit: Command Line:  
LogInit: Base Directory: D:/Unreal Engine/UE_4.19/Engine/Binaries/Win64/
LogInit: Installed Engine Build: 1
LogStreaming: Display: Took  0.001s to delete old logs.
LogInit: Presizing for max 8388607 objects, including 0 objects not considered by GC, pre-allocating 0 bytes for permanent pool.
LogInit: Object subsystem initialized
[2018.08.19-06.06.32:951][  0]LogInit: Selected Device Profile: [Windows]
[2018.08.19-06.06.32:951][  0]LogInit: Applying CVar settings loaded from the selected device profile: [Windows]
[2018.08.19-06.06.32:962][  0]LogInit: Computer: BAZMAIN
[2018.08.19-06.06.32:962][  0]LogInit: User: BazK
[2018.08.19-06.06.32:962][  0]LogInit: CPU Page size=4096, Cores=4
[2018.08.19-06.06.32:962][  0]LogInit: High frequency timer resolution =2.648441 MHz
[2018.08.19-06.06.32:963][  0]LogMemory: Memory total: Physical=15.8GB (16GB approx)
[2018.08.19-06.06.32:963][  0]LogMemory: Platform Memory Stats for Windows
[2018.08.19-06.06.32:963][  0]LogMemory: Process Physical Memory: 275.82 MB used, 275.82 MB peak
[2018.08.19-06.06.32:963][  0]LogMemory: Process Virtual Memory: 265.11 MB used, 265.11 MB peak
[2018.08.19-06.06.32:963][  0]LogMemory: Physical Memory: 4910.27 MB used,  11288.46 MB free, 16198.73 MB total
[2018.08.19-06.06.32:963][  0]LogMemory: Virtual Memory: 4766.08 MB used,  11288.46 MB free, 134217728.00 MB total
[2018.08.19-06.06.32:986][  0]LogInit: Using OS detected language (en-US).
[2018.08.19-06.06.32:986][  0]LogInit: Using OS detected locale (en-GB).
[2018.08.19-06.06.32:989][  0]LogTextLocalizationManager: No specific localization for 'en-US' exists, so the 'en' localization will be used.
[2018.08.19-06.06.33:471][  0]LogStreaming: Display: Took  0.484s to EndInitTextLocalization.
[2018.08.19-06.06.33:471][  0]LogInit: Setting process to per monitor DPI aware
[2018.08.19-06.06.33:502][  0]LogSlate: New Slate User Created.  User Index 0, Is Virtual User: 0
[2018.08.19-06.06.33:502][  0]LogSlate: Slate User Registered.  User Index 0, Is Virtual User: 0
[2018.08.19-06.06.33:692][  0]LogD3D11RHI: D3D11 adapters:
[2018.08.19-06.06.33:739][  0]LogD3D11RHI:    0. 'NVIDIA GeForce GTX 960' (Feature Level 11_0)
[2018.08.19-06.06.33:739][  0]LogD3D11RHI:       2016/0/8099 MB DedicatedVideo/DedicatedSystem/SharedSystem, Outputs:2, VendorId:0x10de
[2018.08.19-06.06.33:741][  0]LogD3D11RHI:    1. 'Microsoft Basic Render Driver' (Feature Level 11_0)
[2018.08.19-06.06.33:741][  0]LogD3D11RHI:       0/0/8099 MB DedicatedVideo/DedicatedSystem/SharedSystem, Outputs:0, VendorId:0x1414
[2018.08.19-06.06.33:742][  0]LogD3D11RHI: Chosen D3D11 Adapter: 0
[2018.08.19-06.06.33:747][  0]LogD3D11RHI: Creating new Direct3DDevice
[2018.08.19-06.06.33:747][  0]LogD3D11RHI:     GPU DeviceId: 0x1401 (for the marketing name, search the web for "GPU Device Id")
[2018.08.19-06.06.33:747][  0]LogWindows: EnumDisplayDevices:
[2018.08.19-06.06.33:747][  0]LogWindows:    0. 'NVIDIA GeForce GTX 960' (P:1 D:1)
[2018.08.19-06.06.33:748][  0]LogWindows:    1. 'NVIDIA GeForce GTX 960' (P:0 D:1)
[2018.08.19-06.06.33:748][  0]LogWindows:    2. 'NVIDIA GeForce GTX 960' (P:0 D:0)
[2018.08.19-06.06.33:748][  0]LogWindows:    3. 'NVIDIA GeForce GTX 960' (P:0 D:0)
[2018.08.19-06.06.33:748][  0]LogWindows: DebugString: GetVideoDriverDetailsInvalid PrimaryIsNotTheChoosenAdapter GetVideoDriverDetailsInvalid PrimaryIsNotTheChoosenAdapter GetVideoDriverDetailsInvalid PrimaryIsNotTheChoosenAdapter GetVideoDriverDetailsInvalid PrimaryIsNotTheChoosenAdapter FoundDriverCount:0 
[2018.08.19-06.06.33:748][  0]LogD3D11RHI:     Adapter Name: NVIDIA GeForce GTX 960
[2018.08.19-06.06.33:748][  0]LogD3D11RHI:   Driver Version: Unknown (internal:Unknown, unified:Unknown)
[2018.08.19-06.06.33:748][  0]LogD3D11RHI:      Driver Date: Unknown
[2018.08.19-06.06.33:748][  0]LogRHI: Texture pool is 1411 MB (70% of 2016 MB)
[2018.08.19-06.06.33:768][  0]LogD3D11RHI: [Aftermath] Aftermath enabled but failed to initialize
[2018.08.19-06.06.33:768][  0]LogD3D11RHI: [Aftermath] Aftermath enabled and primed
[2018.08.19-06.06.33:768][  0]LogD3D11RHI: Async texture creation enabled
[2018.08.19-06.06.33:785][  0]LogD3D11RHI: GPU Timing Frequency: 1000.000000 (Debug: 2 2)
[2018.08.19-06.06.33:787][  0]LogShaderCompilers: Guid format shader working directory is -14 characters bigger than the processId version (../../../../../UnrealProjects/FirstPersonGames/ArenaShooter/Intermediate/Shaders/WorkingDirectory/10796/).
[2018.08.19-06.06.33:788][  0]LogShaderCompilers: Cleaned the shader compiler working directory 'C:/Users/Baz_K/AppData/Local/Temp/UnrealShaderWorkingDir/9460FE964841604CA79A2384C2427FE0/'.
[2018.08.19-06.06.33:999][  0]LogTemp: Display: Loaded TP AllDesktopTargetPlatform
[2018.08.19-06.06.34:013][  0]LogTemp: Display: Loaded TP MacClientTargetPlatform
[2018.08.19-06.06.34:027][  0]LogTemp: Display: Loaded TP MacNoEditorTargetPlatform
[2018.08.19-06.06.34:040][  0]LogTemp: Display: Loaded TP MacServerTargetPlatform
[2018.08.19-06.06.34:054][  0]LogTemp: Display: Loaded TP MacTargetPlatform
[2018.08.19-06.06.34:068][  0]LogTemp: Display: Loaded TP WindowsClientTargetPlatform
[2018.08.19-06.06.34:081][  0]LogTemp: Display: Loaded TP WindowsNoEditorTargetPlatform
[2018.08.19-06.06.34:095][  0]LogTemp: Display: Loaded TP WindowsServerTargetPlatform
[2018.08.19-06.06.34:101][  0]LogTemp: Display: Loaded TP WindowsTargetPlatform
[2018.08.19-06.06.34:112][  0]LogTemp: Display: Loaded TP Android_ASTCTargetPlatform
[2018.08.19-06.06.34:124][  0]LogTemp: Display: Loaded TP Android_ATCTargetPlatform
[2018.08.19-06.06.34:136][  0]LogTemp: Display: Loaded TP Android_DXTTargetPlatform
[2018.08.19-06.06.34:149][  0]LogTemp: Display: Loaded TP Android_ETC1aTargetPlatform
[2018.08.19-06.06.34:163][  0]LogTemp: Display: Loaded TP Android_ETC1TargetPlatform
[2018.08.19-06.06.34:176][  0]LogTemp: Display: Loaded TP Android_ETC2TargetPlatform
[2018.08.19-06.06.34:200][  0]LogTemp: Display: Loaded TP Android_MultiTargetPlatform
[2018.08.19-06.06.34:200][  0]LogTemp: Display: Loaded TP Android_PVRTCTargetPlatform
[2018.08.19-06.06.34:213][  0]LogTemp: Display: Loaded TP AndroidTargetPlatform
[2018.08.19-06.06.34:214][  0]LogTemp: Display: Loaded TP HTML5TargetPlatform
[2018.08.19-06.06.34:252][  0]LogTemp: Display: Loaded TP IOSTargetPlatform
[2018.08.19-06.06.34:264][  0]LogTemp: Display: Loaded TP TVOSTargetPlatform
[2018.08.19-06.06.34:277][  0]LogTemp: Display: Loaded TP LinuxClientTargetPlatform
[2018.08.19-06.06.34:290][  0]LogTemp: Display: Loaded TP LinuxNoEditorTargetPlatform
[2018.08.19-06.06.34:304][  0]LogTemp: Display: Loaded TP LinuxServerTargetPlatform
[2018.08.19-06.06.34:318][  0]LogTemp: Display: Loaded TP LinuxTargetPlatform
[2018.08.19-06.06.34:318][  0]LogTargetPlatformManager: Display: Building Assets For Windows
[2018.08.19-06.06.34:423][  0]LogXGEController: Cleaning working directory: C:/Users/Baz_K/AppData/Local/Temp/UnrealXGEWorkingDir/
[2018.08.19-06.06.34:423][  0]LogXGEController: Cannot use XGE Controller as Incredibuild is not installed on this machine.
[2018.08.19-06.06.34:423][  0]LogShaderCompilers: Cannot use XGE Shader Compiler as Incredibuild is not installed on this machine.
[2018.08.19-06.06.34:423][  0]LogShaderCompilers: Display: Using Local Shader Compiler.
[2018.08.19-06.06.35:091][  0]LogDerivedDataCache: Display: Max Cache Size: 512 MB
[2018.08.19-06.06.35:160][  0]LogDerivedDataCache: Loaded boot cache 0.07s 74MB C:/Users/Baz_K/AppData/Local/UnrealEngine/4.19/DerivedDataCache/Boot.ddc.
[2018.08.19-06.06.35:160][  0]LogDerivedDataCache: Display: Loaded Boot cache: C:/Users/Baz_K/AppData/Local/UnrealEngine/4.19/DerivedDataCache/Boot.ddc
[2018.08.19-06.06.35:160][  0]LogDerivedDataCache: FDerivedDataBackendGraph:  Pak pak cache file ../../../../../UnrealProjects/FirstPersonGames/ArenaShooter/DerivedDataCache/DDC.ddp not found, will not use a pak cache.
[2018.08.19-06.06.35:160][  0]LogDerivedDataCache: Unable to find inner node Pak for hierarchical cache Hierarchy.
[2018.08.19-06.06.35:160][  0]LogDerivedDataCache: FDerivedDataBackendGraph:  CompressedPak pak cache file ../../../../../UnrealProjects/FirstPersonGames/ArenaShooter/DerivedDataCache/Compressed.ddp not found, will not use a pak cache.
[2018.08.19-06.06.35:160][  0]LogDerivedDataCache: Unable to find inner node CompressedPak for hierarchical cache Hierarchy.
[2018.08.19-06.06.35:178][  0]LogDerivedDataCache: Display: Pak cache opened for reading ../../../Engine/DerivedDataCache/Compressed.ddp.
[2018.08.19-06.06.35:191][  0]LogDerivedDataCache: Using Local data cache path C:/Users/Baz_K/AppData/Local/UnrealEngine/Common/DerivedDataCache: Writable
[2018.08.19-06.06.35:191][  0]LogDerivedDataCache: Shared data cache path not found in *engine.ini, will not use an Shared cache.
[2018.08.19-06.06.35:191][  0]LogDerivedDataCache: Unable to find inner node Shared for hierarchical cache Hierarchy.
[2018.08.19-06.06.35:203][  0]LogMaterial: Verifying Global Shaders for PCD3D_SM5
[2018.08.19-06.06.35:204][  0]LogSlate: Using Freetype 2.6.0
[2018.08.19-06.06.35:204][  0]LogSlate: SlateFontCache - WITH_FREETYPE: 1, WITH_HARFBUZZ: 1
[2018.08.19-06.06.35:204][  0]LogSlate: SlateFontCache - WITH_FREETYPE: 1, WITH_HARFBUZZ: 1
[2018.08.19-06.06.35:326][  0]LogAssetRegistry: FAssetRegistry took 0.0260 seconds to start up
[2018.08.19-06.06.35:635][  0]LogInit: Selected Device Profile: [Windows]
[2018.08.19-06.06.35:699][  0]LogSimplygon: Simplygon DLL not present - disabling.
[2018.08.19-06.06.35:702][  0]LogMeshReduction: Using SimplygonSwarm for distributed automatic mesh merging
[2018.08.19-06.06.35:702][  0]LogMeshReduction: Using QuadricMeshReduction for automatic static mesh reduction
[2018.08.19-06.06.35:702][  0]LogMeshReduction: No automatic skeletal mesh reduction module available
[2018.08.19-06.06.35:702][  0]LogMeshReduction: No automatic mesh merging module available
[2018.08.19-06.06.35:702][  0]LogMeshMerging: No automatic mesh merging module available
[2018.08.19-06.06.35:816][  0]LogNetVersion: ArenaShooter , NetCL: 3944462, EngineNetVer: 2, GameNetVer: 0 (Checksum: 2225152811)
[2018.08.19-06.06.36:258][  0]LogPackageLocalizationCache: Processed 9 localized package path(s) for 2 prioritized culture(s) in 0.071197 seconds
[2018.08.19-06.06.36:263][  0]LogUObjectArray: 36728 objects as part of root set at end of initial load.
[2018.08.19-06.06.36:263][  0]LogUObjectAllocator: 7314312 out of 0 bytes used by permanent object pool.
[2018.08.19-06.06.36:263][  0]LogUObjectArray: CloseDisregardForGC: 0/0 objects in disregard for GC pool
[2018.08.19-06.06.37:945][  0]LogTcpMessaging: Initializing TcpMessaging bridge
[2018.08.19-06.06.37:975][  0]LogUdpMessaging: Initializing bridge on interface 0.0.0.0:0 to multicast group 230.0.0.1:6666.
[2018.08.19-06.06.38:324][  0]SourceControl: Source control is disabled
[2018.08.19-06.06.38:324][  0]SourceControl: Source control is disabled
[2018.08.19-06.06.38:342][  0]SourceControl: Source control is disabled
[2018.08.19-06.06.38:359][  0]SourceControl: Source control is disabled
[2018.08.19-06.06.38:829][  0]LogAndroidPermission: UAndroidPermissionCallbackProxy::GetInstance
[2018.08.19-06.06.38:967][  0]LogOcInput: OculusInput pre-init called
[2018.08.19-06.06.39:072][  0]LogEngine: Initializing Engine...
[2018.08.19-06.06.39:073][  0]LogHMD: Failed to initialize OpenVR with code 110
[2018.08.19-06.06.39:075][  0]LogStats: UGameplayTagsManager::ConstructGameplayTagTree: Construct from data asset -  0.000 s
[2018.08.19-06.06.39:075][  0]LogStats: UGameplayTagsManager::ConstructGameplayTagTree: GameplayTagTreeChangedEvent.Broadcast -  0.000 s
[2018.08.19-06.06.39:320][  0]LogAIModule: Creating AISystem for world Untitled
[2018.08.19-06.06.39:326][  0]LogInit: XAudio2 using 'Speakers (Realtek High Definition Audio)' : 2 channels at 48 kHz using 32 bits per sample (channel mask 0x3)
[2018.08.19-06.06.39:366][  0]LogInit: FAudioDevice initialized.
[2018.08.19-06.06.39:454][  0]LogDerivedDataCache: Saved boot cache 0.09s 74MB C:/Users/Baz_K/AppData/Local/UnrealEngine/4.19/DerivedDataCache/Boot.ddc.
[2018.08.19-06.06.39:458][  0]LogInit: Texture streaming: Enabled
[2018.08.19-06.06.39:475][  0]LogEngineSessionManager: EngineSessionManager initialized
[2018.08.19-06.06.39:475][  0]LogEngineSessionManager: EngineSessionManager sent abnormal shutdown report. Type=Crashed, SessionId={D5E9E96F-4C90-C2BD-D1F3-DE9F04D60F9F}
[2018.08.19-06.06.39:487][  0]LogInit: Transaction tracking system initialized
[2018.08.19-06.06.39:510][  0]BlueprintLog: New page: Editor Load
[2018.08.19-06.06.39:582][  0]LocalizationService: Localization service is disabled
[2018.08.19-06.06.39:706][  0]LogConsoleResponse: Display: 
[2018.08.19-06.06.39:847][  0]LogCook: Display: Max memory allowance for cook 16384mb min free memory 0mb
[2018.08.19-06.06.39:847][  0]LogCook: Display: Mobile HDR setting 1
[2018.08.19-06.06.39:847][  0]LogGameplayTags: Display: UGameplayTagsManager::DoneAddingNativeTags. DelegateIsBound: 0
[2018.08.19-06.06.39:847][  0]LogStats: UGameplayTagsManager::ConstructGameplayTagTree: Construct from data asset -  0.000 s
[2018.08.19-06.06.39:847][  0]LogStats: UGameplayTagsManager::ConstructGameplayTagTree: GameplayTagTreeChangedEvent.Broadcast -  0.000 s
[2018.08.19-06.06.40:193][  0]LogFileCache: Scanning file cache for directory 'D:/UnrealProjects/FirstPersonGames/ArenaShooter/Content/' took 0.01s
[2018.08.19-06.06.40:194][  0]SourceControl: Source control is disabled
[2018.08.19-06.06.40:194][  0]Cmd: MAP LOAD FILE="../../../../../UnrealProjects/FirstPersonGames/ArenaShooter/Content/Maps/AngleGate.umap" TEMPLATE=0 SHOWPROGRESS=1 FEATURELEVEL=3
[2018.08.19-06.06.40:194][  0]LightingResults: New page: Lighting Build
[2018.08.19-06.06.40:196][  0]MapCheck: New page: Map Check
[2018.08.19-06.06.40:197][  0]LightingResults: New page: Lighting Build
[2018.08.19-06.06.40:243][  0]LogUObjectGlobals: Created PersistentFrame Addr=0x00000250c3407200, Size=1152, Default__0_BasePlayer_C Function /Game/Blueprint/Characters/0_BasePlayer.0_BasePlayer_C:ExecuteUbergraph_0_BasePlayer
[2018.08.19-06.06.40:244][  0]LogUObjectGlobals: Created PersistentFrame Addr=0x00000250c43627f0, Size=112, Default__AI_Basic_C Function /Game/AI/AI_Basic.AI_Basic_C:ExecuteUbergraph_AI_Basic
[2018.08.19-06.06.40:252][  0]LogUObjectGlobals: Created PersistentFrame Addr=0x00000250c3c7dde0, Size=96, Default__FindRandomLocation_C Function /Game/AI/FindRandomLocation.FindRandomLocation_C:ExecuteUbergraph_FindRandomLocation
[2018.08.19-06.06.40:256][  0]LogUObjectGlobals: Created PersistentFrame Addr=0x00000250a877e5c0, Size=204, Default__1_AIBase_C Function /Game/Blueprint/Characters/1_AIBase.1_AIBase_C:ExecuteUbergraph_1_AIBase
[2018.08.19-06.06.40:256][  0]LogUObjectGlobals: Created PersistentFrame Addr=0x00000250c3403200, Size=1152, Default__1_AIBase_C Function /Game/Blueprint/Characters/0_BasePlayer.0_BasePlayer_C:ExecuteUbergraph_0_BasePlayer
[2018.08.19-06.06.40:269][  0]LogUObjectGlobals: Created PersistentFrame Addr=0x00000250a874fa00, Size=728, Default__0_Projectile_C Function /Game/Blueprint/Projectiles/0_Projectile.0_Projectile_C:ExecuteUbergraph_0_Projectile
[2018.08.19-06.06.40:286][  0]LogUObjectGlobals: Created PersistentFrame Addr=0x00000250c4354a40, Size=12, Default__0_Weapon_C Function /Game/Blueprint/Weapons/0_Weapon.0_Weapon_C:ExecuteUbergraph_0_Weapon
[2018.08.19-06.06.40:302][  0]LogUObjectGlobals: Created PersistentFrame Addr=0x00000250a87388e0, Size=204, Default__1_AIBase_C Function /Game/Blueprint/Characters/1_AIBase.1_AIBase_C:ExecuteUbergraph_1_AIBase
[2018.08.19-06.06.40:302][  0]LogUObjectGlobals: Created PersistentFrame Addr=0x00000250a870d600, Size=1152, Default__1_AIBase_C Function /Game/Blueprint/Characters/0_BasePlayer.0_BasePlayer_C:ExecuteUbergraph_0_BasePlayer
[2018.08.19-06.06.40:314][  0]LogUObjectGlobals: Created PersistentFrame Addr=0x00000250a86f96c0, Size=12, Default__1_BoltPistol_C Function /Game/Blueprint/Weapons/0_Weapon.0_Weapon_C:ExecuteUbergraph_0_Weapon
[2018.08.19-06.06.40:324][  0]LogUObjectGlobals: Created PersistentFrame Addr=0x00000250c43b8100, Size=848, Default__1_PowerHammer_C Function /Game/Blueprint/Weapons/1_PowerHammer.1_PowerHammer_C:ExecuteUbergraph_1_PowerHammer
[2018.08.19-06.06.40:324][  0]LogUObjectGlobals: Created PersistentFrame Addr=0x00000250a86f9350, Size=12, Default__1_PowerHammer_C Function /Game/Blueprint/Weapons/0_Weapon.0_Weapon_C:ExecuteUbergraph_0_Weapon
[2018.08.19-06.06.40:338][  0]LogUObjectGlobals: Created PersistentFrame Addr=0x00000250a8650d60, Size=152, Default__ShotWhenInRange_C Function /Game/AI/ShotWhenInRange.ShotWhenInRange_C:ExecuteUbergraph_ShotWhenInRange
[2018.08.19-06.06.40:358][  0]LogUObjectGlobals: Destroyed PersistentFrame Addr=0x00000250a874fa00, Size=728
[2018.08.19-06.06.40:358][  0]LogUObjectGlobals: Created PersistentFrame Addr=0x00000250a9386e00, Size=728, Default__0_Projectile_C Function /Engine/Transient.REINST_0_Projectile_C_4:ExecuteUbergraph_0_Projectile
[2018.08.19-06.06.40:359][  0]LogUObjectGlobals: Destroyed PersistentFrame Addr=0x00000250c4354a40, Size=12
[2018.08.19-06.06.40:359][  0]LogUObjectGlobals: Created PersistentFrame Addr=0x00000250a85f1180, Size=12, Default__0_Weapon_C Function /Engine/Transient.REINST_0_Weapon_C_5:ExecuteUbergraph_0_Weapon
[2018.08.19-06.06.40:359][  0]LogUObjectGlobals: Destroyed PersistentFrame Addr=0x00000250a86f96c0, Size=12
[2018.08.19-06.06.40:359][  0]LogUObjectGlobals: Created PersistentFrame Addr=0x00000250a85f10e0, Size=12, Default__1_BoltPistol_C Function /Engine/Transient.REINST_0_Weapon_C_5:ExecuteUbergraph_0_Weapon
[2018.08.19-06.06.40:360][  0]LogUObjectGlobals: Destroyed PersistentFrame Addr=0x00000250c43b8100, Size=848
[2018.08.19-06.06.40:360][  0]LogUObjectGlobals: Destroyed PersistentFrame Addr=0x00000250a86f9350, Size=12
[2018.08.19-06.06.40:360][  0]LogUObjectGlobals: Created PersistentFrame Addr=0x00000250a92af200, Size=848, Default__1_PowerHammer_C Function /Engine/Transient.REINST_1_PowerHammer_C_8:ExecuteUbergraph_1_PowerHammer
[2018.08.19-06.06.40:360][  0]LogUObjectGlobals: Created PersistentFrame Addr=0x00000250a85f1150, Size=12, Default__1_PowerHammer_C Function /Engine/Transient.REINST_0_Weapon_C_5:ExecuteUbergraph_0_Weapon
[2018.08.19-06.06.40:360][  0]LogUObjectGlobals: Destroyed PersistentFrame Addr=0x00000250c3407200, Size=1152
[2018.08.19-06.06.40:361][  0]LogUObjectGlobals: Created PersistentFrame Addr=0x00000250a92c4f00, Size=1152, Default__0_BasePlayer_C Function /Engine/Transient.REINST_0_BasePlayer_C_9:ExecuteUbergraph_0_BasePlayer
[2018.08.19-06.06.40:361][  0]LogUObjectGlobals: Destroyed PersistentFrame Addr=0x00000250c43627f0, Size=112
[2018.08.19-06.06.40:361][  0]LogUObjectGlobals: Created PersistentFrame Addr=0x00000250c3360db0, Size=112, Default__AI_Basic_C Function /Engine/Transient.REINST_AI_Basic_C_10:ExecuteUbergraph_AI_Basic
[2018.08.19-06.06.40:361][  0]LogUObjectGlobals: Destroyed PersistentFrame Addr=0x00000250c3c7dde0, Size=96
[2018.08.19-06.06.40:361][  0]LogUObjectGlobals: Created PersistentFrame Addr=0x00000250a92ebd00, Size=96, Default__FindRandomLocation_C Function /Engine/Transient.REINST_FindRandomLocation_C_11:ExecuteUbergraph_FindRandomLocation
[2018.08.19-06.06.40:361][  0]LogUObjectGlobals: Destroyed PersistentFrame Addr=0x00000250a8650d60, Size=152
[2018.08.19-06.06.40:361][  0]LogUObjectGlobals: Created PersistentFrame Addr=0x00000250a92a4360, Size=152, Default__ShotWhenInRange_C Function /Engine/Transient.REINST_ShotWhenInRange_C_12:ExecuteUbergraph_ShotWhenInRange
[2018.08.19-06.06.40:362][  0]LogUObjectGlobals: Destroyed PersistentFrame Addr=0x00000250a87388e0, Size=204
[2018.08.19-06.06.40:362][  0]LogUObjectGlobals: Destroyed PersistentFrame Addr=0x00000250a870d600, Size=1152
[2018.08.19-06.06.40:362][  0]LogUObjectGlobals: Created PersistentFrame Addr=0x00000250a92c1280, Size=204, Default__1_AIBase_C Function /Engine/Transient.REINST_1_AIBase_C_13:ExecuteUbergraph_1_AIBase
[2018.08.19-06.06.40:362][  0]LogUObjectGlobals: Created PersistentFrame Addr=0x00000250a929d600, Size=1152, Default__1_AIBase_C Function /Engine/Transient.REINST_0_BasePlayer_C_9:ExecuteUbergraph_0_BasePlayer
[2018.08.19-06.06.40:397][  0]LogUObjectGlobals: Created PersistentFrame Addr=0x00000250a9093100, Size=728, Default__0_Projectile_C Function /Game/Blueprint/Projectiles/0_Projectile.0_Projectile_C:ExecuteUbergraph_0_Projectile
[2018.08.19-06.06.40:401][  0]LogUObjectGlobals: Created PersistentFrame Addr=0x00000250a912df50, Size=12, Default__0_Weapon_C Function /Game/Blueprint/Weapons/0_Weapon.0_Weapon_C:ExecuteUbergraph_0_Weapon
[2018.08.19-06.06.40:401][  0]LogUObjectGlobals: Created PersistentFrame Addr=0x00000250a912df40, Size=12, Default__1_BoltPistol_C Function /Game/Blueprint/Weapons/0_Weapon.0_Weapon_C:ExecuteUbergraph_0_Weapon
[2018.08.19-06.06.40:403][  0]LogUObjectGlobals: Created PersistentFrame Addr=0x00000250a9039980, Size=848, Default__1_PowerHammer_C Function /Game/Blueprint/Weapons/1_PowerHammer.1_PowerHammer_C:ExecuteUbergraph_1_PowerHammer
[2018.08.19-06.06.40:403][  0]LogUObjectGlobals: Created PersistentFrame Addr=0x00000250a912ddd0, Size=12, Default__1_PowerHammer_C Function /Game/Blueprint/Weapons/0_Weapon.0_Weapon_C:ExecuteUbergraph_0_Weapon
[2018.08.19-06.06.40:407][  0]LogUObjectGlobals: Created PersistentFrame Addr=0x00000250a8feeb00, Size=1152, Default__0_BasePlayer_C Function /Game/Blueprint/Characters/0_BasePlayer.0_BasePlayer_C:ExecuteUbergraph_0_BasePlayer
[2018.08.19-06.06.40:409][  0]LogUObjectGlobals: Created PersistentFrame Addr=0x00000250a8f9b740, Size=112, Default__AI_Basic_C Function /Game/AI/AI_Basic.AI_Basic_C:ExecuteUbergraph_AI_Basic
[2018.08.19-06.06.40:410][  0]LogUObjectGlobals: Created PersistentFrame Addr=0x00000250a8fdb2e0, Size=96, Default__FindRandomLocation_C Function /Game/AI/FindRandomLocation.FindRandomLocation_C:ExecuteUbergraph_FindRandomLocation
[2018.08.19-06.06.40:411][  0]LogUObjectGlobals: Created PersistentFrame Addr=0x00000250a8fac9a0, Size=152, Default__ShotWhenInRange_C Function /Game/AI/ShotWhenInRange.ShotWhenInRange_C:ExecuteUbergraph_ShotWhenInRange
[2018.08.19-06.06.40:412][  0]LogUObjectGlobals: Created PersistentFrame Addr=0x00000250a9104aa0, Size=204, Default__1_AIBase_C Function /Game/Blueprint/Characters/1_AIBase.1_AIBase_C:ExecuteUbergraph_1_AIBase
[2018.08.19-06.06.40:412][  0]LogUObjectGlobals: Created PersistentFrame Addr=0x00000250a8f5dd00, Size=1152, Default__1_AIBase_C Function /Game/Blueprint/Characters/0_BasePlayer.0_BasePlayer_C:ExecuteUbergraph_0_BasePlayer
[2018.08.19-06.06.40:447][  0]LogUObjectGlobals: Created PersistentFrame Addr=0x00000250a87190e8, Size=8, Default__DeadPlayerGrave_C Function /Game/Blueprint/Characters/DeadPlayerGrave.DeadPlayerGrave_C:ExecuteUbergraph_DeadPlayerGrave
[2018.08.19-06.06.40:450][  0]LogUObjectGlobals: Destroyed PersistentFrame Addr=0x00000250a87190e8, Size=8
[2018.08.19-06.06.40:450][  0]LogUObjectGlobals: Created PersistentFrame Addr=0x00000250a87190e8, Size=8, Default__DeadPlayerGrave_C Function /Engine/Transient.REINST_DeadPlayerGrave_C_27:ExecuteUbergraph_DeadPlayerGrave
[2018.08.19-06.06.40:451][  0]LogUObjectGlobals: Created PersistentFrame Addr=0x00000250a871b248, Size=8, Default__DeadPlayerGrave_C Function /Game/Blueprint/Characters/DeadPlayerGrave.DeadPlayerGrave_C:ExecuteUbergraph_DeadPlayerGrave
[2018.08.19-06.06.40:462][  0]LogUObjectGlobals: Created PersistentFrame Addr=0x00000250a90796c0, Size=288, Default__0_Item_C Function /Game/Blueprint/Items/0_Item.0_Item_C:ExecuteUbergraph_0_Item
[2018.08.19-06.06.40:466][  0]LogUObjectGlobals: Created PersistentFrame Addr=0x00000250a8f7ae00, Size=256, Default__1_PlayerBase_C Function /Game/Blueprint/Characters/1_PlayerBase.1_PlayerBase_C:ExecuteUbergraph_1_PlayerBase
[2018.08.19-06.06.40:466][  0]LogUObjectGlobals: Created PersistentFrame Addr=0x00000250a9082400, Size=1152, Default__1_PlayerBase_C Function /Game/Blueprint/Characters/0_BasePlayer.0_BasePlayer_C:ExecuteUbergraph_0_BasePlayer
[2018.08.19-06.06.40:469][  0]LogUObjectGlobals: Created PersistentFrame Addr=0x00000250a86c1300, Size=672, Default__InGameController_C Function /Game/Blueprint/InGameController.InGameController_C:ExecuteUbergraph_InGameController
[2018.08.19-06.06.40:489][  0]LogUObjectGlobals: Created PersistentFrame Addr=0x00000250a8f52710, Size=112, Default__InGameMode_C Function /Game/Blueprint/InGameMode.InGameMode_C:ExecuteUbergraph_InGameMode
[2018.08.19-06.06.40:493][  0]LogUObjectGlobals: Created PersistentFrame Addr=0x00000250a8fe7ae0, Size=32, Default__MyGameInstance_C Function /Game/Blueprint/MyGameInstance.MyGameInstance_C:ExecuteUbergraph_MyGameInstance
[2018.08.19-06.06.40:502][  0]LogUObjectGlobals: Created PersistentFrame Addr=0x00000250a8f52be0, Size=104, Default__PickText_C Function /Game/UMG/PickText.PickText_C:ExecuteUbergraph_PickText
[2018.08.19-06.06.40:521][  0]LogUObjectGlobals: Created PersistentFrame Addr=0x00000250a85acc80, Size=128, Default__ExperienceBar_C Function /Game/UMG/ExperienceBar.ExperienceBar_C:ExecuteUbergraph_ExperienceBar
[2018.08.19-06.06.40:527][  0]LogUObjectGlobals: Created PersistentFrame Addr=0x00000250a8b951c0, Size=160, Default__SkillIcon_C Function /Game/UMG/SkillIcon.SkillIcon_C:ExecuteUbergraph_SkillIcon
[2018.08.19-06.06.40:531][  0]LogUObjectGlobals: Created PersistentFrame Addr=0x00000250a8f16320, Size=200, Default__HUD_C Function /Game/UMG/HUD.HUD_C:ExecuteUbergraph_HUD
[2018.08.19-06.06.40:540][  0]LogUObjectGlobals: Created PersistentFrame Addr=0x00000250a86226e0, Size=32, Default__RespawnScreen_C Function /Game/UMG/RespawnScreen.RespawnScreen_C:ExecuteUbergraph_RespawnScreen
[2018.08.19-06.06.40:552][  0]LogUObjectGlobals: Created PersistentFrame Addr=0x00000250a922dd00, Size=528, Default__0_PickUp_C Function /Game/Blueprint/Props/0_PickUp.0_PickUp_C:ExecuteUbergraph_0_PickUp
[2018.08.19-06.06.40:559][  0]LogUObjectGlobals: Created PersistentFrame Addr=0x00000250c3cad590, Size=112, Default__LevelUp_C Function /Game/UMG/LevelUp.LevelUp_C:ExecuteUbergraph_LevelUp
[2018.08.19-06.06.40:597][  0]LogUObjectGlobals: Created PersistentFrame Addr=0x00000250a8f92f00, Size=240, Default__1_Grenade_C Function /Game/Blueprint/Projectiles/1_Grenade.1_Grenade_C:ExecuteUbergraph_1_Grenade
[2018.08.19-06.06.40:597][  0]LogUObjectGlobals: Created PersistentFrame Addr=0x00000250b075c400, Size=728, Default__1_Grenade_C Function /Game/Blueprint/Projectiles/0_Projectile.0_Projectile_C:ExecuteUbergraph_0_Projectile
[2018.08.19-06.06.40:602][  0]LogUObjectGlobals: Created PersistentFrame Addr=0x00000250a8af2440, Size=12, Default__1_GrenadeThrow_C Function /Game/Blueprint/Weapons/0_Weapon.0_Weapon_C:ExecuteUbergraph_0_Weapon
[2018.08.19-06.06.40:625][  0]LogUObjectGlobals: Created PersistentFrame Addr=0x00000250a978c100, Size=656, Default__1_Rocket_C Function /Game/Blueprint/Projectiles/1_Rocket.1_Rocket_C:ExecuteUbergraph_1_Rocket
[2018.08.19-06.06.40:625][  0]LogUObjectGlobals: Created PersistentFrame Addr=0x00000250a9747d00, Size=728, Default__1_Rocket_C Function /Game/Blueprint/Projectiles/0_Projectile.0_Projectile_C:ExecuteUbergraph_0_Projectile
[2018.08.19-06.06.40:633][  0]LogUObjectGlobals: Created PersistentFrame Addr=0x00000250a8af0980, Size=12, Default__1_RocketLauncher_C Function /Game/Blueprint/Weapons/0_Weapon.0_Weapon_C:ExecuteUbergraph_0_Weapon
[2018.08.19-06.06.40:641][  0]LogUObjectGlobals: Created PersistentFrame Addr=0x00000250a8b52c38, Size=4, Default__0_Vehicle_C Function /Game/Blueprint/Characters/0_Vehicle.0_Vehicle_C:ExecuteUbergraph_0_Vehicle
[2018.08.19-06.06.40:650][  0]LogUObjectGlobals: Created PersistentFrame Addr=0x00000250a8b52ba8, Size=4, Default__Anim_Stormtalon_C Function /Game/Blueprint/Characters/StormTalon/Anim_Stormtalon.Anim_Stormtalon_C:ExecuteUbergraph_Anim_Stormtalon
[2018.08.19-06.06.40:653][  0]LogUObjectGlobals: Created PersistentFrame Addr=0x00000250aa383200, Size=784, Default__StormtalonAttack_C Function /Game/Blueprint/MapTools/StormtalonAttack.StormtalonAttack_C:ExecuteUbergraph_StormtalonAttack
[2018.08.19-06.06.40:654][  0]LogUObjectGlobals: Created PersistentFrame Addr=0x00000250aa36f400, Size=336, Default__1_Stormtalon_C Function /Game/Blueprint/Characters/StormTalon/1_Stormtalon.1_Stormtalon_C:ExecuteUbergraph_1_Stormtalon
[2018.08.19-06.06.40:654][  0]LogUObjectGlobals: Created PersistentFrame Addr=0x00000250a8b52b40, Size=4, Default__1_Stormtalon_C Function /Game/Blueprint/Characters/0_Vehicle.0_Vehicle_C:ExecuteUbergraph_0_Vehicle
[2018.08.19-06.06.40:688][  0]LogUObjectGlobals: Created PersistentFrame Addr=0x00000250a91a4220, Size=96, Default__1_TargetLocator_C Function /Game/Blueprint/Weapons/1_TargetLocator.1_TargetLocator_C:ExecuteUbergraph_1_TargetLocator
[2018.08.19-06.06.40:688][  0]LogUObjectGlobals: Created PersistentFrame Addr=0x00000250aa399790, Size=12, Default__1_TargetLocator_C Function /Game/Blueprint/Weapons/0_Weapon.0_Weapon_C:ExecuteUbergraph_0_Weapon
[2018.08.19-06.06.40:751][  0]LogUObjectGlobals: Destroyed PersistentFrame Addr=0x00000250a90796c0, Size=288
[2018.08.19-06.06.40:751][  0]LogUObjectGlobals: Created PersistentFrame Addr=0x00000250a9e1b880, Size=288, Default__0_Item_C Function /Engine/Transient.REINST_0_Item_C_32:ExecuteUbergraph_0_Item
[2018.08.19-06.06.40:752][  0]LogUObjectGlobals: Destroyed PersistentFrame Addr=0x00000250a922dd00, Size=528
[2018.08.19-06.06.40:752][  0]LogUObjectGlobals: Created PersistentFrame Addr=0x00000250a9ddbb00, Size=528, Default__0_PickUp_C Function /Engine/Transient.REINST_0_PickUp_C_33:ExecuteUbergraph_0_PickUp
[2018.08.19-06.06.40:752][  0]LogUObjectGlobals: Destroyed PersistentFrame Addr=0x00000250a8b52ba8, Size=4
[2018.08.19-06.06.40:752][  0]LogUObjectGlobals: Created PersistentFrame Addr=0x00000250a9d8bed8, Size=4, Default__Anim_Stormtalon_C Function /Engine/Transient.REINST_Anim_Stormtalon_C_0:ExecuteUbergraph_Anim_Stormtalon
[2018.08.19-06.06.40:752][  0]LogUObjectGlobals: Destroyed PersistentFrame Addr=0x00000250a8fe7ae0, Size=32
[2018.08.19-06.06.40:752][  0]LogUObjectGlobals: Created PersistentFrame Addr=0x00000250a9daa260, Size=32, Default__MyGameInstance_C Function /Engine/Transient.REINST_MyGameInstance_C_35:ExecuteUbergraph_MyGameInstance
[2018.08.19-06.06.40:753][  0]LogUObjectGlobals: Destroyed PersistentFrame Addr=0x00000250aa383200, Size=784
[2018.08.19-06.06.40:753][  0]LogUObjectGlobals: Created PersistentFrame Addr=0x00000250a9d5b200, Size=784, Default__StormtalonAttack_C Function /Engine/Transient.REINST_StormtalonAttack_C_36:ExecuteUbergraph_StormtalonAttack
[2018.08.19-06.06.40:753][  0]LogUObjectGlobals: Destroyed PersistentFrame Addr=0x00000250a8f92f00, Size=240
[2018.08.19-06.06.40:753][  0]LogUObjectGlobals: Destroyed PersistentFrame Addr=0x00000250b075c400, Size=728
[2018.08.19-06.06.40:753][  0]LogUObjectGlobals: Created PersistentFrame Addr=0x00000250a9001800, Size=240, Default__1_Grenade_C Function /Engine/Transient.REINST_1_Grenade_C_37:ExecuteUbergraph_1_Grenade
[2018.08.19-06.06.40:753][  0]LogUObjectGlobals: Created PersistentFrame Addr=0x00000250a9d69600, Size=728, Default__1_Grenade_C Function /Game/Blueprint/Projectiles/0_Projectile.0_Projectile_C:ExecuteUbergraph_0_Projectile
[2018.08.19-06.06.40:753][  0]LogUObjectGlobals: Destroyed PersistentFrame Addr=0x00000250a8af2440, Size=12
[2018.08.19-06.06.40:753][  0]LogUObjectGlobals: Created PersistentFrame Addr=0x00000250a9d83e70, Size=12, Default__1_GrenadeThrow_C Function /Game/Blueprint/Weapons/0_Weapon.0_Weapon_C:ExecuteUbergraph_0_Weapon
[2018.08.19-06.06.40:754][  0]LogUObjectGlobals: Destroyed PersistentFrame Addr=0x00000250a978c100, Size=656
[2018.08.19-06.06.40:754][  0]LogUObjectGlobals: Destroyed PersistentFrame Addr=0x00000250a9747d00, Size=728
[2018.08.19-06.06.40:754][  0]LogUObjectGlobals: Created PersistentFrame Addr=0x00000250a9d68a00, Size=656, Default__1_Rocket_C Function /Engine/Transient.REINST_1_Rocket_C_39:ExecuteUbergraph_1_Rocket
[2018.08.19-06.06.40:754][  0]LogUObjectGlobals: Created PersistentFrame Addr=0x00000250a9d68700, Size=728, Default__1_Rocket_C Function /Game/Blueprint/Projectiles/0_Projectile.0_Projectile_C:ExecuteUbergraph_0_Projectile
[2018.08.19-06.06.40:754][  0]LogUObjectGlobals: Destroyed PersistentFrame Addr=0x00000250a8af0980, Size=12
[2018.08.19-06.06.40:754][  0]LogUObjectGlobals: Created PersistentFrame Addr=0x00000250a9d83e00, Size=12, Default__1_RocketLauncher_C Function /Game/Blueprint/Weapons/0_Weapon.0_Weapon_C:ExecuteUbergraph_0_Weapon
[2018.08.19-06.06.40:755][  0]LogUObjectGlobals: Destroyed PersistentFrame Addr=0x00000250a91a4220, Size=96
[2018.08.19-06.06.40:755][  0]LogUObjectGlobals: Destroyed PersistentFrame Addr=0x00000250aa399790, Size=12
[2018.08.19-06.06.40:755][  0]LogUObjectGlobals: Created PersistentFrame Addr=0x00000250a92eb340, Size=96, Default__1_TargetLocator_C Function /Engine/Transient.REINST_1_TargetLocator_C_41:ExecuteUbergraph_1_TargetLocator
[2018.08.19-06.06.40:755][  0]LogUObjectGlobals: Created PersistentFrame Addr=0x00000250a9d83d30, Size=12, Default__1_TargetLocator_C Function /Game/Blueprint/Weapons/0_Weapon.0_Weapon_C:ExecuteUbergraph_0_Weapon
[2018.08.19-06.06.40:755][  0]LogUObjectGlobals: Destroyed PersistentFrame Addr=0x00000250a8b52c38, Size=4
[2018.08.19-06.06.40:755][  0]LogUObjectGlobals: Created PersistentFrame Addr=0x00000250a9d8be90, Size=4, Default__0_Vehicle_C Function /Engine/Transient.REINST_0_Vehicle_C_42:ExecuteUbergraph_0_Vehicle
[2018.08.19-06.06.40:755][  0]LogUObjectGlobals: Destroyed PersistentFrame Addr=0x00000250a85acc80, Size=128
[2018.08.19-06.06.40:755][  0]LogUObjectGlobals: Created PersistentFrame Addr=0x00000250a9d4f080, Size=128, Default__ExperienceBar_C Function /Engine/Transient.REINST_ExperienceBar_C_1:ExecuteUbergraph_ExperienceBar
[2018.08.19-06.06.40:756][  0]LogUObjectGlobals: Destroyed PersistentFrame Addr=0x00000250a8f16320, Size=200
[2018.08.19-06.06.40:756][  0]LogUObjectGlobals: Created PersistentFrame Addr=0x00000250a9d5d280, Size=200, Default__HUD_C Function /Engine/Transient.REINST_HUD_C_2:ExecuteUbergraph_HUD
[2018.08.19-06.06.40:756][  0]LogUObjectGlobals: Destroyed PersistentFrame Addr=0x00000250a86c1300, Size=672
[2018.08.19-06.06.40:756][  0]LogUObjectGlobals: Created PersistentFrame Addr=0x00000250a9d42500, Size=672, Default__InGameController_C Function /Engine/Transient.REINST_InGameController_C_43:ExecuteUbergraph_InGameController
[2018.08.19-06.06.40:757][  0]LogUObjectGlobals: Destroyed PersistentFrame Addr=0x00000250a8f52710, Size=112
[2018.08.19-06.06.40:757][  0]LogUObjectGlobals: Created PersistentFrame Addr=0x00000250a8fc8f00, Size=112, Default__InGameMode_C Function /Engine/Transient.REINST_InGameMode_C_44:ExecuteUbergraph_InGameMode
[2018.08.19-06.06.40:757][  0]LogUObjectGlobals: Destroyed PersistentFrame Addr=0x00000250c3cad590, Size=112
[2018.08.19-06.06.40:757][  0]LogUObjectGlobals: Created PersistentFrame Addr=0x00000250a8fc8e20, Size=112, Default__LevelUp_C Function /Engine/Transient.REINST_LevelUp_C_3:ExecuteUbergraph_LevelUp
[2018.08.19-06.06.40:757][  0]LogUObjectGlobals: Destroyed PersistentFrame Addr=0x00000250a8f52be0, Size=104
[2018.08.19-06.06.40:758][  0]LogUObjectGlobals: Created PersistentFrame Addr=0x00000250a8fc9210, Size=104, Default__PickText_C Function /Engine/Transient.REINST_PickText_C_4:ExecuteUbergraph_PickText
[2018.08.19-06.06.40:758][  0]LogUObjectGlobals: Destroyed PersistentFrame Addr=0x00000250a86226e0, Size=32
[2018.08.19-06.06.40:758][  0]LogUObjectGlobals: Created PersistentFrame Addr=0x00000250a9da9b80, Size=32, Default__RespawnScreen_C Function /Engine/Transient.REINST_RespawnScreen_C_5:ExecuteUbergraph_RespawnScreen
[2018.08.19-06.06.40:758][  0]LogUObjectGlobals: Destroyed PersistentFrame Addr=0x00000250a8b951c0, Size=160
[2018.08.19-06.06.40:758][  0]LogUObjectGlobals: Created PersistentFrame Addr=0x00000250a9d296c0, Size=160, Default__SkillIcon_C Function /Engine/Transient.REINST_SkillIcon_C_6:ExecuteUbergraph_SkillIcon
[2018.08.19-06.06.40:759][  0]LogUObjectGlobals: Destroyed PersistentFrame Addr=0x00000250a8f7ae00, Size=256
[2018.08.19-06.06.40:759][  0]LogUObjectGlobals: Destroyed PersistentFrame Addr=0x00000250a9082400, Size=1152
[2018.08.19-06.06.40:759][  0]LogUObjectGlobals: Created PersistentFrame Addr=0x00000250a9000200, Size=256, Default__1_PlayerBase_C Function /Engine/Transient.REINST_1_PlayerBase_C_45:ExecuteUbergraph_1_PlayerBase
[2018.08.19-06.06.40:759][  0]LogUObjectGlobals: Created PersistentFrame Addr=0x00000250a9d1dd00, Size=1152, Default__1_PlayerBase_C Function /Game/Blueprint/Characters/0_BasePlayer.0_BasePlayer_C:ExecuteUbergraph_0_BasePlayer
[2018.08.19-06.06.40:760][  0]LogUObjectGlobals: Destroyed PersistentFrame Addr=0x00000250aa36f400, Size=336
[2018.08.19-06.06.40:760][  0]LogUObjectGlobals: Destroyed PersistentFrame Addr=0x00000250a8b52b40, Size=4
[2018.08.19-06.06.40:760][  0]LogUObjectGlobals: Created PersistentFrame Addr=0x00000250a9d0f880, Size=336, Default__1_Stormtalon_C Function /Engine/Transient.REINST_1_Stormtalon_C_46:ExecuteUbergraph_1_Stormtalon
[2018.08.19-06.06.40:760][  0]LogUObjectGlobals: Created PersistentFrame Addr=0x00000250a9d8be60, Size=4, Default__1_Stormtalon_C Function /Engine/Transient.REINST_0_Vehicle_C_42:ExecuteUbergraph_0_Vehicle
[2018.08.19-06.06.40:845][  0]LogUObjectGlobals: Created PersistentFrame Addr=0x00000250a98ff9c0, Size=288, Default__0_Item_C Function /Game/Blueprint/Items/0_Item.0_Item_C:ExecuteUbergraph_0_Item
[2018.08.19-06.06.40:847][  0]LogUObjectGlobals: Created PersistentFrame Addr=0x00000250a9867b00, Size=528, Default__0_PickUp_C Function /Game/Blueprint/Props/0_PickUp.0_PickUp_C:ExecuteUbergraph_0_PickUp
[2018.08.19-06.06.40:848][  0]LogUObjectGlobals: Created PersistentFrame Addr=0x00000250a9d89048, Size=4, Default__Anim_Stormtalon_C Function /Game/Blueprint/Characters/StormTalon/Anim_Stormtalon.Anim_Stormtalon_C:ExecuteUbergraph_Anim_Stormtalon
[2018.08.19-06.06.40:850][  0]LogUObjectGlobals: Created PersistentFrame Addr=0x00000250a98862e0, Size=32, Default__MyGameInstance_C Function /Game/Blueprint/MyGameInstance.MyGameInstance_C:ExecuteUbergraph_MyGameInstance
[2018.08.19-06.06.40:852][  0]LogUObjectGlobals: Created PersistentFrame Addr=0x00000250a983ab00, Size=784, Default__StormtalonAttack_C Function /Game/Blueprint/MapTools/StormtalonAttack.StormtalonAttack_C:ExecuteUbergraph_StormtalonAttack
[2018.08.19-06.06.40:853][  0]LogUObjectGlobals: Created PersistentFrame Addr=0x00000250a980ca00, Size=240, Default__1_Grenade_C Function /Game/Blueprint/Projectiles/1_Grenade.1_Grenade_C:ExecuteUbergraph_1_Grenade
[2018.08.19-06.06.40:853][  0]LogUObjectGlobals: Created PersistentFrame Addr=0x00000250a983dc00, Size=728, Default__1_Grenade_C Function /Game/Blueprint/Projectiles/0_Projectile.0_Projectile_C:ExecuteUbergraph_0_Projectile
[2018.08.19-06.06.40:854][  0]LogUObjectGlobals: Created PersistentFrame Addr=0x00000250a98e64e0, Size=12, Default__1_GrenadeThrow_C Function /Game/Blueprint/Weapons/0_Weapon.0_Weapon_C:ExecuteUbergraph_0_Weapon
[2018.08.19-06.06.40:855][  0]LogUObjectGlobals: Created PersistentFrame Addr=0x00000250a983d000, Size=656, Default__1_Rocket_C Function /Game/Blueprint/Projectiles/1_Rocket.1_Rocket_C:ExecuteUbergraph_1_Rocket
[2018.08.19-06.06.40:855][  0]LogUObjectGlobals: Created PersistentFrame Addr=0x00000250a983ca00, Size=728, Default__1_Rocket_C Function /Game/Blueprint/Projectiles/0_Projectile.0_Projectile_C:ExecuteUbergraph_0_Projectile
[2018.08.19-06.06.40:856][  0]LogUObjectGlobals: Created PersistentFrame Addr=0x00000250a98e60c0, Size=12, Default__1_RocketLauncher_C Function /Game/Blueprint/Weapons/0_Weapon.0_Weapon_C:ExecuteUbergraph_0_Weapon
[2018.08.19-06.06.40:857][  0]LogUObjectGlobals: Created PersistentFrame Addr=0x00000250a97fae00, Size=96, Default__1_TargetLocator_C Function /Game/Blueprint/Weapons/1_TargetLocator.1_TargetLocator_C:ExecuteUbergraph_1_TargetLocator
[2018.08.19-06.06.40:857][  0]LogUObjectGlobals: Created PersistentFrame Addr=0x00000250a98e6100, Size=12, Default__1_TargetLocator_C Function /Game/Blueprint/Weapons/0_Weapon.0_Weapon_C:ExecuteUbergraph_0_Weapon
[2018.08.19-06.06.40:857][  0]LogUObjectGlobals: Created PersistentFrame Addr=0x00000250a9d88958, Size=4, Default__0_Vehicle_C Function /Game/Blueprint/Characters/0_Vehicle.0_Vehicle_C:ExecuteUbergraph_0_Vehicle
[2018.08.19-06.06.40:859][  0]LogUObjectGlobals: Created PersistentFrame Addr=0x00000250a982db80, Size=128, Default__ExperienceBar_C Function /Game/UMG/ExperienceBar.ExperienceBar_C:ExecuteUbergraph_ExperienceBar
[2018.08.19-06.06.40:861][  0]LogUObjectGlobals: Created PersistentFrame Addr=0x00000250a98ae780, Size=200, Default__HUD_C Function /Game/UMG/HUD.HUD_C:ExecuteUbergraph_HUD
[2018.08.19-06.06.40:865][  0]LogUObjectGlobals: Created PersistentFrame Addr=0x00000250a55fae00, Size=672, Default__InGameController_C Function /Game/Blueprint/InGameController.InGameController_C:ExecuteUbergraph_InGameController
[2018.08.19-06.06.40:867][  0]LogUObjectGlobals: Created PersistentFrame Addr=0x00000250aa1a4100, Size=112, Default__InGameMode_C Function /Game/Blueprint/InGameMode.InGameMode_C:ExecuteUbergraph_InGameMode
[2018.08.19-06.06.40:868][  0]LogUObjectGlobals: Created PersistentFrame Addr=0x00000250aa1b6860, Size=112, Default__LevelUp_C Function /Game/UMG/LevelUp.LevelUp_C:ExecuteUbergraph_LevelUp
[2018.08.19-06.06.40:869][  0]LogUObjectGlobals: Created PersistentFrame Addr=0x00000250aa1e41e0, Size=104, Default__PickText_C Function /Game/UMG/PickText.PickText_C:ExecuteUbergraph_PickText
[2018.08.19-06.06.40:871][  0]LogUObjectGlobals: Created PersistentFrame Addr=0x00000250aa1df720, Size=32, Default__RespawnScreen_C Function /Game/UMG/RespawnScreen.RespawnScreen_C:ExecuteUbergraph_RespawnScreen
[2018.08.19-06.06.40:872][  0]LogUObjectGlobals: Created PersistentFrame Addr=0x00000250aa1b9c60, Size=160, Default__SkillIcon_C Function /Game/UMG/SkillIcon.SkillIcon_C:ExecuteUbergraph_SkillIcon
[2018.08.19-06.06.40:879][  0]LogUObjectGlobals: Created PersistentFrame Addr=0x00000250aa0a4a00, Size=256, Default__1_PlayerBase_C Function /Game/Blueprint/Characters/1_PlayerBase.1_PlayerBase_C:ExecuteUbergraph_1_PlayerBase
[2018.08.19-06.06.40:879][  0]LogUObjectGlobals: Created PersistentFrame Addr=0x00000250aa0bab00, Size=1152, Default__1_PlayerBase_C Function /Game/Blueprint/Characters/0_BasePlayer.0_BasePlayer_C:ExecuteUbergraph_0_BasePlayer
[2018.08.19-06.06.40:883][  0]LogUObjectGlobals: Created PersistentFrame Addr=0x00000250c6873b80, Size=336, Default__1_Stormtalon_C Function /Game/Blueprint/Characters/StormTalon/1_Stormtalon.1_Stormtalon_C:ExecuteUbergraph_1_Stormtalon
[2018.08.19-06.06.40:883][  0]LogUObjectGlobals: Created PersistentFrame Addr=0x00000250aa1af398, Size=4, Default__1_Stormtalon_C Function /Game/Blueprint/Characters/0_Vehicle.0_Vehicle_C:ExecuteUbergraph_0_Vehicle
[2018.08.19-06.06.40:947][  0]LogUObjectGlobals: Created PersistentFrame Addr=0x00000250c6889cc0, Size=48, Default__1_Button_C Function /Game/Blueprint/Props/1_Button.1_Button_C:ExecuteUbergraph_1_Button
[2018.08.19-06.06.40:947][  0]LogUObjectGlobals: Created PersistentFrame Addr=0x00000250c68bc180, Size=528, Default__1_Button_C Function /Game/Blueprint/Props/0_PickUp.0_PickUp_C:ExecuteUbergraph_0_PickUp
[2018.08.19-06.06.40:950][  0]LogUObjectGlobals: Destroyed PersistentFrame Addr=0x00000250c6889cc0, Size=48
[2018.08.19-06.06.40:950][  0]LogUObjectGlobals: Destroyed PersistentFrame Addr=0x00000250c68bc180, Size=528
[2018.08.19-06.06.40:950][  0]LogUObjectGlobals: Created PersistentFrame Addr=0x00000250c6889cc0, Size=48, Default__1_Button_C Function /Engine/Transient.REINST_1_Button_C_70:ExecuteUbergraph_1_Button
[2018.08.19-06.06.40:950][  0]LogUObjectGlobals: Created PersistentFrame Addr=0x00000250a9914e00, Size=528, Default__1_Button_C Function /Game/Blueprint/Props/0_PickUp.0_PickUp_C:ExecuteUbergraph_0_PickUp
[2018.08.19-06.06.40:951][  0]LogUObjectGlobals: Created PersistentFrame Addr=0x00000250c688a1d0, Size=48, Default__1_Button_C Function /Game/Blueprint/Props/1_Button.1_Button_C:ExecuteUbergraph_1_Button
[2018.08.19-06.06.40:951][  0]LogUObjectGlobals: Created PersistentFrame Addr=0x00000250a9916200, Size=528, Default__1_Button_C Function /Game/Blueprint/Props/0_PickUp.0_PickUp_C:ExecuteUbergraph_0_PickUp
[2018.08.19-06.06.41:564][  0]LogSkeletalMesh: Skeletal Mesh found in DDC [1.006252ms] /Game/Models/StormTalon/StormtalonGunship.StormtalonGunship
[2018.08.19-06.06.41:769][  0]LogAIModule: Creating AISystem for world AngleGate
[2018.08.19-06.06.41:897][  0]LogEditorServer: Finished looking for orphan Actors (0.000 secs)
[2018.08.19-06.06.41:919][  0]LogUObjectGlobals: Destroyed PersistentFrame Addr=0x00000250a92c4f00, Size=1152
[2018.08.19-06.06.41:920][  0]LogUObjectGlobals: Destroyed PersistentFrame Addr=0x00000250c3360db0, Size=112
[2018.08.19-06.06.41:920][  0]LogUObjectGlobals: Destroyed PersistentFrame Addr=0x00000250a92ebd00, Size=96
[2018.08.19-06.06.41:920][  0]LogUObjectGlobals: Destroyed PersistentFrame Addr=0x00000250a92c1280, Size=204
[2018.08.19-06.06.41:920][  0]LogUObjectGlobals: Destroyed PersistentFrame Addr=0x00000250a929d600, Size=1152
[2018.08.19-06.06.41:920][  0]LogUObjectGlobals: Destroyed PersistentFrame Addr=0x00000250a9386e00, Size=728
[2018.08.19-06.06.41:920][  0]LogUObjectGlobals: Destroyed PersistentFrame Addr=0x00000250a85f1180, Size=12
[2018.08.19-06.06.41:920][  0]LogUObjectGlobals: Destroyed PersistentFrame Addr=0x00000250a85f10e0, Size=12
[2018.08.19-06.06.41:920][  0]LogUObjectGlobals: Destroyed PersistentFrame Addr=0x00000250a92af200, Size=848
[2018.08.19-06.06.41:920][  0]LogUObjectGlobals: Destroyed PersistentFrame Addr=0x00000250a85f1150, Size=12
[2018.08.19-06.06.41:920][  0]LogUObjectGlobals: Destroyed PersistentFrame Addr=0x00000250a92a4360, Size=152
[2018.08.19-06.06.41:920][  0]LogUObjectGlobals: Destroyed PersistentFrame Addr=0x00000250a87190e8, Size=8
[2018.08.19-06.06.41:920][  0]LogUObjectGlobals: Destroyed PersistentFrame Addr=0x00000250a9e1b880, Size=288
[2018.08.19-06.06.41:920][  0]LogUObjectGlobals: Destroyed PersistentFrame Addr=0x00000250a9000200, Size=256
[2018.08.19-06.06.41:920][  0]LogUObjectGlobals: Destroyed PersistentFrame Addr=0x00000250a9d1dd00, Size=1152
[2018.08.19-06.06.41:920][  0]LogUObjectGlobals: Destroyed PersistentFrame Addr=0x00000250a9d42500, Size=672
[2018.08.19-06.06.41:920][  0]LogUObjectGlobals: Destroyed PersistentFrame Addr=0x00000250a8fc8f00, Size=112
[2018.08.19-06.06.41:920][  0]LogUObjectGlobals: Destroyed PersistentFrame Addr=0x00000250a9daa260, Size=32
[2018.08.19-06.06.41:920][  0]LogUObjectGlobals: Destroyed PersistentFrame Addr=0x00000250a8fc9210, Size=104
[2018.08.19-06.06.41:920][  0]LogUObjectGlobals: Destroyed PersistentFrame Addr=0x00000250a9d4f080, Size=128
[2018.08.19-06.06.41:920][  0]LogUObjectGlobals: Destroyed PersistentFrame Addr=0x00000250a9d296c0, Size=160
[2018.08.19-06.06.41:920][  0]LogUObjectGlobals: Destroyed PersistentFrame Addr=0x00000250a9d5d280, Size=200
[2018.08.19-06.06.41:920][  0]LogUObjectGlobals: Destroyed PersistentFrame Addr=0x00000250a9da9b80, Size=32
[2018.08.19-06.06.41:920][  0]LogUObjectGlobals: Destroyed PersistentFrame Addr=0x00000250a9ddbb00, Size=528
[2018.08.19-06.06.41:920][  0]LogUObjectGlobals: Destroyed PersistentFrame Addr=0x00000250a8fc8e20, Size=112
[2018.08.19-06.06.41:920][  0]LogUObjectGlobals: Destroyed PersistentFrame Addr=0x00000250a9001800, Size=240
[2018.08.19-06.06.41:920][  0]LogUObjectGlobals: Destroyed PersistentFrame Addr=0x00000250a9d69600, Size=728
[2018.08.19-06.06.41:920][  0]LogUObjectGlobals: Destroyed PersistentFrame Addr=0x00000250a9d83e70, Size=12
[2018.08.19-06.06.41:920][  0]LogUObjectGlobals: Destroyed PersistentFrame Addr=0x00000250a9d68a00, Size=656
[2018.08.19-06.06.41:920][  0]LogUObjectGlobals: Destroyed PersistentFrame Addr=0x00000250a9d68700, Size=728
[2018.08.19-06.06.41:920][  0]LogUObjectGlobals: Destroyed PersistentFrame Addr=0x00000250a9d83e00, Size=12
[2018.08.19-06.06.41:920][  0]LogUObjectGlobals: Destroyed PersistentFrame Addr=0x00000250a9d8be90, Size=4
[2018.08.19-06.06.41:920][  0]LogUObjectGlobals: Destroyed PersistentFrame Addr=0x00000250a9d8bed8, Size=4
[2018.08.19-06.06.41:920][  0]LogUObjectGlobals: Destroyed PersistentFrame Addr=0x00000250a9d5b200, Size=784
[2018.08.19-06.06.41:921][  0]LogUObjectGlobals: Destroyed PersistentFrame Addr=0x00000250a9d0f880, Size=336
[2018.08.19-06.06.41:921][  0]LogUObjectGlobals: Destroyed PersistentFrame Addr=0x00000250a9d8be60, Size=4
[2018.08.19-06.06.41:921][  0]LogUObjectGlobals: Destroyed PersistentFrame Addr=0x00000250a92eb340, Size=96
[2018.08.19-06.06.41:921][  0]LogUObjectGlobals: Destroyed PersistentFrame Addr=0x00000250a9d83d30, Size=12
[2018.08.19-06.06.41:921][  0]LogUObjectGlobals: Destroyed PersistentFrame Addr=0x00000250c6889cc0, Size=48
[2018.08.19-06.06.41:921][  0]LogUObjectGlobals: Destroyed PersistentFrame Addr=0x00000250a9914e00, Size=528
[2018.08.19-06.06.41:924][  0]Cmd: MAP CHECKDEP NOCLEARLOG
[2018.08.19-06.06.41:992][  0]MapCheck: Map check complete: 0 Error(s), 0 Warning(s), took 67.313ms to complete.
[2018.08.19-06.06.41:992][  0]LogFileHelpers: Loading map 'AngleGate' took 1.798
[2018.08.19-06.06.42:134][  0]LogCollectionManager: Loaded 0 collections in 0.001479 seconds
[2018.08.19-06.06.42:176][  0]LogFileCache: Scanning file cache for directory 'D:/UnrealProjects/FirstPersonGames/ArenaShooter/Saved/Collections/' took 0.01s
[2018.08.19-06.06.42:176][  0]LogFileCache: Scanning file cache for directory 'D:/UnrealProjects/FirstPersonGames/ArenaShooter/Content/Developers/BazK/Collections/' took 0.01s
[2018.08.19-06.06.42:176][  0]LogFileCache: Scanning file cache for directory 'D:/UnrealProjects/FirstPersonGames/ArenaShooter/Content/Collections/' took 0.01s
[2018.08.19-06.06.42:176][  0]LogCollectionManager: Rebuilt the GUID cache for 0 collections in 0.000000 seconds
[2018.08.19-06.06.42:185][  0]LogContentBrowser: Native class hierarchy populated in 0.0088 seconds. Added 2452 classes and 558 folders.
[2018.08.19-06.06.42:192][  0]LogContentBrowser: Native class hierarchy updated for 'WidgetCarousel' in 0.0002 seconds. Added 0 classes and 0 folders.
[2018.08.19-06.06.42:237][  0]LogContentBrowser: Native class hierarchy updated for 'AddContentDialog' in 0.0002 seconds. Added 0 classes and 0 folders.
[2018.08.19-06.06.42:244][  0]LogContentBrowser: Native class hierarchy updated for 'SceneOutliner' in 0.0003 seconds. Added 1 classes and 2 folders.
[2018.08.19-06.06.42:322][  0]LogSlate: Took 0.000187 seconds to synchronously load lazily loaded font '../../../Engine/Content/Slate/Fonts/Roboto-Regular.ttf' (155K)
[2018.08.19-06.06.42:324][  0]LogSlate: Took 0.000177 seconds to synchronously load lazily loaded font '../../../Engine/Content/Slate/Fonts/Roboto-Bold.ttf' (160K)
[2018.08.19-06.06.42:330][  0]LogSlate: Took 0.000199 seconds to synchronously load lazily loaded font '../../../Engine/Content/Editor/Slate/Fonts/FontAwesome.ttf' (139K)
[2018.08.19-06.06.42:430][  0]LogRenderer: Reallocating scene render targets to support 1232x592 Format 10 NumSamples 1 (Frame:1).
[2018.08.19-06.06.42:563][  0]LogContentBrowser: Native class hierarchy updated for 'HierarchicalLODOutliner' in 0.0003 seconds. Added 0 classes and 0 folders.
[2018.08.19-06.06.42:563][  0]LogLoad: (Engine Initialization) Total time: 11.80 seconds
[2018.08.19-06.06.42:563][  0]LogLoad: (Engine Initialization) Total Blueprint compile time: 0.00 seconds
[2018.08.19-06.06.42:572][  0]LogWindowsTextInputMethodSystem: Display: IME system now deactivated.
[2018.08.19-06.06.42:594][  0]LogContentStreaming: Texture pool size now 1000 MB
[2018.08.19-06.06.42:653][  0]LogSlate: Took 0.000160 seconds to synchronously load lazily loaded font '../../../Engine/Content/Slate/Fonts/Roboto-Light.ttf' (167K)
[2018.08.19-06.06.42:666][  1]LogAssetRegistry: Asset discovery search completed in 7.3621 seconds
[2018.08.19-06.06.42:669][  1]LogCollectionManager: Rebuilt the object cache for 0 collections in 0.000000 seconds (found 0 objects)
[2018.08.19-06.06.42:669][  1]LogCollectionManager: Fixed up redirectors for 0 collections in 0.000086 seconds (updated 0 objects)
[2018.08.19-06.06.43:603][101]LogSlate: Took 0.000234 seconds to synchronously load lazily loaded font '../../../Engine/Content/Slate/Fonts/Roboto-Light.ttf' (167K)
[2018.08.19-06.06.45:646][338]LogSlate: FSceneViewport::OnFocusLost() reason 0
[2018.08.19-06.06.47:202][524]LogSlate: FSceneViewport::OnFocusLost() reason 0
[2018.08.19-06.06.48:828][630]LogContentBrowser: Native class hierarchy updated for 'BlueprintGraph' in 0.0006 seconds. Added 116 classes and 0 folders.
[2018.08.19-06.06.49:148][630]LogUObjectGlobals: Created PersistentFrame Addr=0x00000250fe44f6e0, Size=4, Default__SKEL_PROTO_BP_AnimBlueprint_0_C Function /Engine/Transient.SKEL_PROTO_BP_AnimBlueprint_0_C:ExecuteUbergraph_PROTO_BP_AnimBlueprint_0
[2018.08.19-06.06.49:149][630]LogUObjectGlobals: Created PersistentFrame Addr=0x00000250fe44f6d8, Size=4, Default__PROTO_BP_AnimBlueprint_0_C Function /Engine/Transient.PROTO_BP_AnimBlueprint_0_C:ExecuteUbergraph_PROTO_BP_AnimBlueprint_0
[2018.08.19-06.06.49:604][630]LogSlate: Took 0.000231 seconds to synchronously load lazily loaded font '../../../Engine/Content/Slate/Fonts/Roboto-BoldCondensed.ttf' (158K)
[2018.08.19-06.06.49:708][631]LogSlate: Took 0.000203 seconds to synchronously load lazily loaded font '../../../Engine/Content/Slate/Fonts/Roboto-Italic.ttf' (157K)
[2018.08.19-06.07.10:517][632]BlueprintLog: New page: Compile 0_Item
[2018.08.19-06.07.10:558][632]LogUObjectGlobals: Destroyed PersistentFrame Addr=0x00000250a98ff9c0, Size=288
[2018.08.19-06.07.10:558][632]LogUObjectGlobals: Created PersistentFrame Addr=0x000002510e8e7740, Size=288, Default__0_Item_C Function /Engine/Transient.REINST_0_Item_C_89:ExecuteUbergraph_0_Item
[2018.08.19-06.07.10:565][632]LogUObjectGlobals: Created PersistentFrame Addr=0x000002510e8e4180, Size=288, Default__0_Item_C Function /Game/Blueprint/Items/0_Item.0_Item_C:ExecuteUbergraph_0_Item
[2018.08.19-06.07.11:462][664]Cmd: OBJ SAVEPACKAGE PACKAGE="/Game/Blueprint/Items/0_Item" FILE="../../../../../UnrealProjects/FirstPersonGames/ArenaShooter/Content/Blueprint/Items/0_Item.uasset" SILENT=true
[2018.08.19-06.07.11:517][664]LogSavePackage: Save=48.97ms
[2018.08.19-06.07.11:517][664]LogSavePackage: Moving '../../../../../UnrealProjects/FirstPersonGames/ArenaShooter/Saved/0_Item62570E004EC8F5D86E47D68F8DEE16DE.tmp' to '../../../../../UnrealProjects/FirstPersonGames/ArenaShooter/Content/Blueprint/Items/0_Item.uasset'
[2018.08.19-06.07.11:520][664]LogSavePackage: Display: Finished SavePackage ../../../../../UnrealProjects/FirstPersonGames/ArenaShooter/Content/Blueprint/Items/0_Item.uasset
[2018.08.19-06.07.39:521][205]BlueprintLog: New page: Compile 0_Item
[2018.08.19-06.07.39:556][205]LogUObjectGlobals: Destroyed PersistentFrame Addr=0x000002510e8e4180, Size=288
[2018.08.19-06.07.39:556][205]LogUObjectGlobals: Created PersistentFrame Addr=0x000002510e219080, Size=288, 0_Item_C_19 Function /Engine/Transient.REINST_0_Item_C_96:ExecuteUbergraph_0_Item
[2018.08.19-06.07.39:563][205]LogUObjectGlobals: Created PersistentFrame Addr=0x000002510e2187c0, Size=288, Default__0_Item_C Function /Game/Blueprint/Items/0_Item.0_Item_C:ExecuteUbergraph_0_Item
[2018.08.19-06.07.39:928][205]LogUObjectGlobals: Destroyed PersistentFrame Addr=0x000002510e8e7740, Size=288
[2018.08.19-06.07.40:303][227]Cmd: OBJ SAVEPACKAGE PACKAGE="/Game/Blueprint/Items/0_Item" FILE="../../../../../UnrealProjects/FirstPersonGames/ArenaShooter/Content/Blueprint/Items/0_Item.uasset" SILENT=true
[2018.08.19-06.07.40:359][227]LogSavePackage: Save=50.96ms
[2018.08.19-06.07.40:359][227]LogSavePackage: Moving '../../../../../UnrealProjects/FirstPersonGames/ArenaShooter/Saved/0_ItemE091845F4D88153D75566B8A12A29DDE.tmp' to '../../../../../UnrealProjects/FirstPersonGames/ArenaShooter/Content/Blueprint/Items/0_Item.uasset'
[2018.08.19-06.07.40:362][227]LogSavePackage: Display: Finished SavePackage ../../../../../UnrealProjects/FirstPersonGames/ArenaShooter/Content/Blueprint/Items/0_Item.uasset
[2018.08.19-06.07.42:103][388]LogSlate: Window '0_Item' being destroyed
[2018.08.19-06.07.43:409][519]LogTemp: Repeating last play command: Selected Viewport
[2018.08.19-06.07.43:444][519]LogPlayLevel: PlayLevel: No blueprints needed recompiling
[2018.08.19-06.07.43:444][519]PIE: New page: PIE session: AngleGate (19 Aug 2018 08:07:43)
[2018.08.19-06.07.43:445][519]LogPlayLevel: Creating play world package: /Game/Maps/UEDPIE_0_AngleGate
[2018.08.19-06.07.43:579][519]LogPlayLevel: PIE: StaticDuplicateObject took: (0.133875s)
[2018.08.19-06.07.43:579][519]LogAIModule: Creating AISystem for world AngleGate
[2018.08.19-06.07.43:580][519]LogPlayLevel: PIE: World Init took: (0.000653s)
[2018.08.19-06.07.43:580][519]LogPlayLevel: PIE: Created PIE world by copying editor world from /Game/Maps/AngleGate.AngleGate to /Game/Maps/UEDPIE_0_AngleGate.AngleGate (0.134854s)
[2018.08.19-06.07.43:607][519]LogUObjectGlobals: Destroyed PersistentFrame Addr=0x000002510e219080, Size=288
[2018.08.19-06.07.43:609][519]LogBlueprintUserMessages: [MyGameInstance_C_0] Init: Loaded character list
[2018.08.19-06.07.43:612][519]LogInit: XAudio2 using 'Speakers (Realtek High Definition Audio)' : 2 channels at 48 kHz using 32 bits per sample (channel mask 0x3)
[2018.08.19-06.07.43:629][519]LogInit: FAudioDevice initialized.
[2018.08.19-06.07.43:674][519]LogLoad: Game class is 'InGameMode_C'
[2018.08.19-06.07.43:687][519]LogWorld: Bringing World /Game/Maps/UEDPIE_0_AngleGate.AngleGate up for play (max tick rate 0) at 2018.08.19-07.07.43
[2018.08.19-06.07.43:696][519]LogWorld: Bringing up level for play took: 0.021216
[2018.08.19-06.07.43:702][519]LogContentBrowser: Native class hierarchy updated for 'MovieSceneCapture' in 0.0003 seconds. Added 11 classes and 0 folders.
[2018.08.19-06.07.43:724][519]LogBlueprintUserMessages: [InGameController_C_0] Player loading disabled
[2018.08.19-06.07.43:724][519]LogBlueprintUserMessages: [InGameController_C_0] Error: Saving character list
[2018.08.19-06.07.43:733][519]PIE: Play in editor start time for /Game/Maps/UEDPIE_0_AngleGate -0.178
[2018.08.19-06.07.47:016][795]LogWindows: Error: === Critical error: ===
[2018.08.19-06.07.47:016][795]LogWindows: Error: 
[2018.08.19-06.07.47:016][795]LogWindows: Error: Fatal error!
[2018.08.19-06.07.47:016][795]LogWindows: Error: 
[2018.08.19-06.07.47:016][795]LogWindows: Error: Unhandled Exception: EXCEPTION_ACCESS_VIOLATION reading address 0x0000017b
[2018.08.19-06.07.47:016][795]LogWindows: Error: 
[2018.08.19-06.07.47:016][795]LogWindows: Error: [Callstack] 0x000000002B00AA86 UE4Editor-CoreUObject.dll!UnknownFunction []
[2018.08.19-06.07.47:016][795]LogWindows: Error: [Callstack] 0x000000002AFF11EE UE4Editor-CoreUObject.dll!UnknownFunction []
[2018.08.19-06.07.47:016][795]LogWindows: Error: [Callstack] 0x000000002B00AA82 UE4Editor-CoreUObject.dll!UnknownFunction []
[2018.08.19-06.07.47:016][795]LogWindows: Error: [Callstack] 0x000000002AFF11EE UE4Editor-CoreUObject.dll!UnknownFunction []
[2018.08.19-06.07.47:016][795]LogWindows: Error: [Callstack] 0x000000002B00AA82 UE4Editor-CoreUObject.dll!UnknownFunction []
[2018.08.19-06.07.47:016][795]LogWindows: Error: [Callstack] 0x000000002AE1E094 UE4Editor-CoreUObject.dll!UnknownFunction []
[2018.08.19-06.07.47:016][795]LogWindows: Error: [Callstack] 0x000000002B009D73 UE4Editor-CoreUObject.dll!UnknownFunction []
[2018.08.19-06.07.47:016][795]LogWindows: Error: [Callstack] 0x000000000699CCFB UE4Editor-Engine.dll!UnknownFunction []
[2018.08.19-06.07.47:016][795]LogWindows: Error: [Callstack] 0x0000000007C36B0A UE4Editor-Engine.dll!UnknownFunction []
[2018.08.19-06.07.47:016][795]LogWindows: Error: [Callstack] 0x00000000069BE3AC UE4Editor-Engine.dll!UnknownFunction []
[2018.08.19-06.07.47:016][795]LogWindows: Error: [Callstack] 0x00000000069BE9C7 UE4Editor-Engine.dll!UnknownFunction []
[2018.08.19-06.07.47:016][795]LogWindows: Error: [Callstack] 0x00000000069700E4 UE4Editor-Engine.dll!UnknownFunction []
[2018.08.19-06.07.47:016][795]LogWindows: Error: [Callstack] 0x0000000007A770BB UE4Editor-Engine.dll!UnknownFunction []
[2018.08.19-06.07.47:016][795]LogWindows: Error: [Callstack] 0x0000000007A7C793 UE4Editor-Engine.dll!UnknownFunction []
[2018.08.19-06.07.47:016][795]LogWindows: Error: [Callstack] 0x000000002B9EB713 UE4Editor-Core.dll!UnknownFunction []
[2018.08.19-06.07.47:016][795]LogWindows: Error: [Callstack] 0x000000002B9EBD3A UE4Editor-Core.dll!UnknownFunction []
[2018.08.19-06.07.47:016][795]LogWindows: Error: [Callstack] 0x000000002BA0ECFE UE4Editor-Core.dll!UnknownFunction []
[2018.08.19-06.07.47:016][795]LogWindows: Error: [Callstack] 0x0000000007A9D771 UE4Editor-Engine.dll!UnknownFunction []
[2018.08.19-06.07.47:016][795]LogWindows: Error: [Callstack] 0x0000000007AA3292 UE4Editor-Engine.dll!UnknownFunction []
[2018.08.19-06.07.47:016][795]LogWindows: Error: [Callstack] 0x00000000072FC304 UE4Editor-Engine.dll!UnknownFunction []
[2018.08.19-06.07.47:016][795]LogWindows: Error: [Callstack] 0x000000000730756B UE4Editor-Engine.dll!UnknownFunction []
[2018.08.19-06.07.47:016][795]LogWindows: Error: [Callstack] 0x00000000FBDCD781 UE4Editor-UnrealEd.dll!UnknownFunction []
[2018.08.19-06.07.47:016][795]LogWindows: Error: [Callstack] 0x00000000FC669626 UE4Editor-UnrealEd.dll!UnknownFunction []
[2018.08.19-06.07.47:016][795]LogWindows: Error: [Callstack] 0x000000002CDA5EAC UE4Editor.exe!UnknownFunction []
[2018.08.19-06.07.47:016][795]LogWindows: Error: [Callstack] 0x000000002CDB6BD0 UE4Editor.exe!UnknownFunction []
[2018.08.19-06.07.47:016][795]LogWindows: Error: [Callstack] 0x000000002CDB6C4A UE4Editor.exe!UnknownFunction []
[2018.08.19-06.07.47:016][795]LogWindows: Error: [Callstack] 0x000000002CDC4177 UE4Editor.exe!UnknownFunction []
[2018.08.19-06.07.47:016][795]LogWindows: Error: [Callstack] 0x000000002CDC5B87 UE4Editor.exe!UnknownFunction []
[2018.08.19-06.07.47:016][795]LogWindows: Error: [Callstack] 0x00000000563A3034 KERNEL32.DLL!UnknownFunction []
[2018.08.19-06.07.47:016][795]LogWindows: Error: [Callstack] 0x0000000056651431 ntdll.dll!UnknownFunction []
[2018.08.19-06.07.47:016][795]LogWindows: Error: [Callstack] 0x0000000056651431 ntdll.dll!UnknownFunction []
[2018.08.19-06.07.47:016][795]LogWindows: Error: 
[2018.08.19-06.07.47:023][795]LogExit: Executing StaticShutdownAfterError
[2018.08.19-06.07.47:027][795]LogWindows: FPlatformMisc::RequestExit(1)
[2018.08.19-06.07.47:027][795]Log file closed, 08/19/18 07:07:47
